<?xml version="1.0" encoding="utf-8"?>
<!DOCTYPE coverage SYSTEM "http://cobertura.sourceforge.net/xml/coverage-04.dtd">
<coverage line-rate="0.779661016949153" branch-rate="0.833333333333333" lines-covered="46" lines-valid="59" branches-covered="10" branches-valid="12" complexity="18" version="0" timestamp="1680781419">
  <sources>
    <source>C:\Users\bboboc\</source>
  </sources>
  <packages>
    <package name="ExcelSheetColumnLetterToColumnNumber" line-rate="0.684210526315789" branch-rate="0.833333333333333" complexity="12">
      <classes>
        <class name="Program" filename="C:\Users\bboboc\source\repos\iris\ExcelSheetColumnLetterToColumnNumber\Program.cs" line-rate="0.684210526315789" branch-rate="0.833333333333333" complexity="12">
          <methods>
            <method name="Main" signature="(...)" line-rate="0" branch-rate="0" complexity="2">
              <lines>
                <line number="4" hits="0" branch="false" />
                <line number="5" hits="0" branch="false" />
                <line number="6" hits="0" branch="false" />
                <line number="7" hits="0" branch="false" />
                <line number="8" hits="0" branch="true" condition-coverage="0% (0/2)" />
                <line number="11" hits="0" branch="false" />
                <line number="12" hits="0" branch="false" />
                <line number="13" hits="0" branch="false" />
                <line number="14" hits="0" branch="false" />
                <line number="15" hits="0" branch="false" />
                <line number="16" hits="0" branch="false" />
                <line number="17" hits="0" branch="false" />
              </lines>
            </method>
            <method name="GetExcelColumnNumber" signature="(...)" line-rate="1" branch-rate="1" complexity="8">
              <lines>
                <line number="20" hits="19" branch="false" />
                <line number="21" hits="19" branch="true" condition-coverage="100% (2/2)" />
                <line number="22" hits="3" branch="false" />
                <line number="23" hits="3" branch="false" />
                <line number="24" hits="3" branch="false" />
                <line number="25" hits="19" branch="false" />
                <line number="26" hits="19" branch="false" />
                <line number="27" hits="100" branch="true" condition-coverage="100% (2/2)" />
                <line number="28" hits="35" branch="false" />
                <line number="29" hits="39" branch="true" condition-coverage="100% (4/4)" />
                <line number="30" hits="4" branch="false" />
                <line number="31" hits="4" branch="false" />
                <line number="33" hits="31" branch="false" />
                <line number="34" hits="31" branch="false" />
                <line number="35" hits="15" branch="false" />
                <line number="36" hits="15" branch="false" />
              </lines>
            </method>
            <method name="GetExcelLetter" signature="(...)" line-rate="1" branch-rate="1" complexity="2">
              <lines>
                <line number="40" hits="13" branch="false" />
                <line number="42" hits="13" branch="false" />
                <line number="43" hits="33" branch="true" condition-coverage="100% (2/2)" />
                <line number="44" hits="20" branch="false" />
                <line number="45" hits="20" branch="false" />
                <line number="46" hits="20" branch="false" />
                <line number="47" hits="20" branch="false" />
                <line number="48" hits="20" branch="false" />
                <line number="50" hits="13" branch="false" />
                <line number="51" hits="13" branch="false" />
              </lines>
            </method>
          </methods>
          <lines>
            <line number="4" hits="0" branch="false" />
            <line number="5" hits="0" branch="false" />
            <line number="6" hits="0" branch="false" />
            <line number="7" hits="0" branch="false" />
            <line number="8" hits="0" branch="true" condition-coverage="0% (0/2)" />
            <line number="11" hits="0" branch="false" />
            <line number="12" hits="0" branch="false" />
            <line number="13" hits="0" branch="false" />
            <line number="14" hits="0" branch="false" />
            <line number="15" hits="0" branch="false" />
            <line number="16" hits="0" branch="false" />
            <line number="17" hits="0" branch="false" />
            <line number="20" hits="19" branch="false" />
            <line number="21" hits="19" branch="true" condition-coverage="100% (2/2)" />
            <line number="22" hits="3" branch="false" />
            <line number="23" hits="3" branch="false" />
            <line number="24" hits="3" branch="false" />
            <line number="25" hits="19" branch="false" />
            <line number="26" hits="19" branch="false" />
            <line number="27" hits="100" branch="true" condition-coverage="100% (2/2)" />
            <line number="28" hits="35" branch="false" />
            <line number="29" hits="39" branch="true" condition-coverage="100% (4/4)" />
            <line number="30" hits="4" branch="false" />
            <line number="31" hits="4" branch="false" />
            <line number="33" hits="31" branch="false" />
            <line number="34" hits="31" branch="false" />
            <line number="35" hits="15" branch="false" />
            <line number="36" hits="15" branch="false" />
            <line number="40" hits="13" branch="false" />
            <line number="42" hits="13" branch="false" />
            <line number="43" hits="33" branch="true" condition-coverage="100% (2/2)" />
            <line number="44" hits="20" branch="false" />
            <line number="45" hits="20" branch="false" />
            <line number="46" hits="20" branch="false" />
            <line number="47" hits="20" branch="false" />
            <line number="48" hits="20" branch="false" />
            <line number="50" hits="13" branch="false" />
            <line number="51" hits="13" branch="false" />
          </lines>
        </class>
      </classes>
    </package>
    <package name="ExcelSheetTest" line-rate="0.952380952380952" branch-rate="1" complexity="6">
      <classes>
        <class name="AutoGeneratedProgram" filename="C:\Users\bboboc\.nuget\packages\microsoft.net.test.sdk\17.1.0\build\netcoreapp2.1\Microsoft.NET.Test.Sdk.Program.cs" line-rate="0" branch-rate="1" complexity="1">
          <methods>
            <method name="Main" signature="(...)" line-rate="0" branch-rate="1" complexity="1">
              <lines>
                <line number="4" hits="0" branch="false" />
              </lines>
            </method>
          </methods>
          <lines>
            <line number="4" hits="0" branch="false" />
          </lines>
        </class>
        <class name="ExcelSheetTest.UnitTest1" filename="C:\Users\bboboc\source\repos\iris\ExcelSheetTest\UnitTest1.cs" line-rate="1" branch-rate="1" complexity="5">
          <methods>
            <method name="TestForSingleLetter_ValueIsPredefined_ShouleBeEqual" signature="(...)" line-rate="1" branch-rate="1" complexity="1">
              <lines>
                <line number="17" hits="8" branch="false" />
                <line number="21" hits="8" branch="false" />
                <line number="24" hits="8" branch="false" />
                <line number="25" hits="8" branch="false" />
              </lines>
            </method>
            <method name="TestForMultipleLetters_ValueIsPredefined_ShouleBeEqual" signature="(...)" line-rate="1" branch-rate="1" complexity="1">
              <lines>
                <line number="34" hits="5" branch="false" />
                <line number="38" hits="5" branch="false" />
                <line number="41" hits="5" branch="false" />
                <line number="42" hits="5" branch="false" />
              </lines>
            </method>
            <method name="MultipleLetters_TestingForLowerCaseAndRandomChars_ShouldThrowErrorWhenCharacterIsNotAllowed" signature="(...)" line-rate="1" branch-rate="1" complexity="1">
              <lines>
                <line number="52" hits="6" branch="false" />
                <line number="56" hits="12" branch="false" />
                <line number="59" hits="6" branch="false" />
                <line number="60" hits="6" branch="false" />
              </lines>
            </method>
            <method name="TestNumberToLetter_ValueIsPredefined_ShouleBeEqual" signature="(...)" line-rate="1" branch-rate="1" complexity="1">
              <lines>
                <line number="74" hits="8" branch="false" />
                <line number="78" hits="8" branch="false" />
                <line number="81" hits="8" branch="false" />
                <line number="82" hits="8" branch="false" />
              </lines>
            </method>
            <method name="TestNumberToLetters_ValueIsPredefined_ShouleBeEqual" signature="(...)" line-rate="1" branch-rate="1" complexity="1">
              <lines>
                <line number="91" hits="5" branch="false" />
                <line number="95" hits="5" branch="false" />
                <line number="98" hits="5" branch="false" />
                <line number="99" hits="5" branch="false" />
              </lines>
            </method>
          </methods>
          <lines>
            <line number="17" hits="8" branch="false" />
            <line number="21" hits="8" branch="false" />
            <line number="24" hits="8" branch="false" />
            <line number="25" hits="8" branch="false" />
            <line number="34" hits="5" branch="false" />
            <line number="38" hits="5" branch="false" />
            <line number="41" hits="5" branch="false" />
            <line number="42" hits="5" branch="false" />
            <line number="52" hits="6" branch="false" />
            <line number="56" hits="12" branch="false" />
            <line number="59" hits="6" branch="false" />
            <line number="60" hits="6" branch="false" />
            <line number="74" hits="8" branch="false" />
            <line number="78" hits="8" branch="false" />
            <line number="81" hits="8" branch="false" />
            <line number="82" hits="8" branch="false" />
            <line number="91" hits="5" branch="false" />
            <line number="95" hits="5" branch="false" />
            <line number="98" hits="5" branch="false" />
            <line number="99" hits="5" branch="false" />
          </lines>
        </class>
      </classes>
    </package>
  </packages>
</coverage>