<?xml version="1.0" encoding="utf-8"?>
<!DOCTYPE coverage SYSTEM "http://cobertura.sourceforge.net/xml/coverage-04.dtd">
<coverage line-rate="0.682926829268293" branch-rate="0.8" lines-covered="28" lines-valid="41" branches-covered="8" branches-valid="10" complexity="14" version="0" timestamp="1680779677">
  <sources>
    <source>C:\Users\bboboc\</source>
  </sources>
  <packages>
    <package name="ExcelSheetColumnLetterToColumnNumber" line-rate="0.571428571428571" branch-rate="0.8" complexity="10">
      <classes>
        <class name="Program" filename="C:\Users\bboboc\source\repos\ExcelSheetColumnLetterToColumnNumber\ExcelSheetColumnLetterToColumnNumber\Program.cs" line-rate="0.571428571428571" branch-rate="0.8" complexity="10">
          <methods>
            <method name="Main" signature="(...)" line-rate="0" branch-rate="0" complexity="2">
              <lines>
                <line number="4" hits="0" branch="false" />
                <line number="5" hits="0" branch="false" />
                <line number="6" hits="0" branch="false" />
                <line number="7" hits="0" branch="false" />
                <line number="8" hits="0" branch="true" condition-coverage="0% (0/2)" />
                <line number="11" hits="0" branch="false" />
                <line number="12" hits="0" branch="false" />
                <line number="13" hits="0" branch="false" />
                <line number="14" hits="0" branch="false" />
                <line number="15" hits="0" branch="false" />
                <line number="16" hits="0" branch="false" />
                <line number="17" hits="0" branch="false" />
              </lines>
            </method>
            <method name="GetExcelColumnNumber" signature="(...)" line-rate="1" branch-rate="1" complexity="8">
              <lines>
                <line number="20" hits="19" branch="false" />
                <line number="21" hits="19" branch="true" condition-coverage="100% (2/2)" />
                <line number="22" hits="3" branch="false" />
                <line number="23" hits="3" branch="false" />
                <line number="24" hits="3" branch="false" />
                <line number="25" hits="19" branch="false" />
                <line number="26" hits="19" branch="false" />
                <line number="27" hits="100" branch="true" condition-coverage="100% (2/2)" />
                <line number="28" hits="35" branch="false" />
                <line number="29" hits="39" branch="true" condition-coverage="100% (4/4)" />
                <line number="30" hits="4" branch="false" />
                <line number="31" hits="4" branch="false" />
                <line number="33" hits="31" branch="false" />
                <line number="34" hits="31" branch="false" />
                <line number="35" hits="15" branch="false" />
                <line number="36" hits="15" branch="false" />
              </lines>
            </method>
          </methods>
          <lines>
            <line number="4" hits="0" branch="false" />
            <line number="5" hits="0" branch="false" />
            <line number="6" hits="0" branch="false" />
            <line number="7" hits="0" branch="false" />
            <line number="8" hits="0" branch="true" condition-coverage="0% (0/2)" />
            <line number="11" hits="0" branch="false" />
            <line number="12" hits="0" branch="false" />
            <line number="13" hits="0" branch="false" />
            <line number="14" hits="0" branch="false" />
            <line number="15" hits="0" branch="false" />
            <line number="16" hits="0" branch="false" />
            <line number="17" hits="0" branch="false" />
            <line number="20" hits="19" branch="false" />
            <line number="21" hits="19" branch="true" condition-coverage="100% (2/2)" />
            <line number="22" hits="3" branch="false" />
            <line number="23" hits="3" branch="false" />
            <line number="24" hits="3" branch="false" />
            <line number="25" hits="19" branch="false" />
            <line number="26" hits="19" branch="false" />
            <line number="27" hits="100" branch="true" condition-coverage="100% (2/2)" />
            <line number="28" hits="35" branch="false" />
            <line number="29" hits="39" branch="true" condition-coverage="100% (4/4)" />
            <line number="30" hits="4" branch="false" />
            <line number="31" hits="4" branch="false" />
            <line number="33" hits="31" branch="false" />
            <line number="34" hits="31" branch="false" />
            <line number="35" hits="15" branch="false" />
            <line number="36" hits="15" branch="false" />
          </lines>
        </class>
      </classes>
    </package>
    <package name="ExcelSheetTest" line-rate="0.923076923076923" branch-rate="1" complexity="4">
      <classes>
        <class name="AutoGeneratedProgram" filename="C:\Users\bboboc\.nuget\packages\microsoft.net.test.sdk\17.1.0\build\netcoreapp2.1\Microsoft.NET.Test.Sdk.Program.cs" line-rate="0" branch-rate="1" complexity="1">
          <methods>
            <method name="Main" signature="(...)" line-rate="0" branch-rate="1" complexity="1">
              <lines>
                <line number="4" hits="0" branch="false" />
              </lines>
            </method>
          </methods>
          <lines>
            <line number="4" hits="0" branch="false" />
          </lines>
        </class>
        <class name="ExcelSheetTest.UnitTest1" filename="C:\Users\bboboc\source\repos\ExcelSheetColumnLetterToColumnNumber\ExcelSheetTest\UnitTest1.cs" line-rate="1" branch-rate="1" complexity="3">
          <methods>
            <method name="TestForSingleLetter_ValueIsPredefined_ShouleBeEqual" signature="(...)" line-rate="1" branch-rate="1" complexity="1">
              <lines>
                <line number="17" hits="8" branch="false" />
                <line number="21" hits="8" branch="false" />
                <line number="24" hits="8" branch="false" />
                <line number="25" hits="8" branch="false" />
              </lines>
            </method>
            <method name="TestForMultipleLetters_ValueIsPredefined_ShouleBeEqual" signature="(...)" line-rate="1" branch-rate="1" complexity="1">
              <lines>
                <line number="34" hits="5" branch="false" />
                <line number="38" hits="5" branch="false" />
                <line number="41" hits="5" branch="false" />
                <line number="42" hits="5" branch="false" />
              </lines>
            </method>
            <method name="MultipleLetters_TestingForLowerCaseAndRandomChars_ShouldThrowErrorWhenCharacterIsNotAllowed" signature="(...)" line-rate="1" branch-rate="1" complexity="1">
              <lines>
                <line number="52" hits="6" branch="false" />
                <line number="56" hits="12" branch="false" />
                <line number="59" hits="6" branch="false" />
                <line number="60" hits="6" branch="false" />
              </lines>
            </method>
          </methods>
          <lines>
            <line number="17" hits="8" branch="false" />
            <line number="21" hits="8" branch="false" />
            <line number="24" hits="8" branch="false" />
            <line number="25" hits="8" branch="false" />
            <line number="34" hits="5" branch="false" />
            <line number="38" hits="5" branch="false" />
            <line number="41" hits="5" branch="false" />
            <line number="42" hits="5" branch="false" />
            <line number="52" hits="6" branch="false" />
            <line number="56" hits="12" branch="false" />
            <line number="59" hits="6" branch="false" />
            <line number="60" hits="6" branch="false" />
          </lines>
        </class>
      </classes>
    </package>
  </packages>
</coverage>