TpTrace Verbose: 0 : 30972, 1, 2023/04/06, 11:14:32.123, 7868489457090, vstest.console.dll, Version: 17.5.0-release-20221220-01 Current process architecture: X64
TpTrace Verbose: 0 : 30972, 1, 2023/04/06, 11:14:32.125, 7868489471339, vstest.console.dll, Runtime location: C:\Program Files\dotnet\shared\Microsoft.NETCore.App\7.0.4
TpTrace Verbose: 0 : 30972, 1, 2023/04/06, 11:14:32.129, 7868489511484, vstest.console.dll, ArtifactProcessingPostProcessModeProcessorExecutor.Initialize: ArtifactProcessingMode.Collect
TpTrace Verbose: 0 : 30972, 1, 2023/04/06, 11:14:32.129, 7868489513602, vstest.console.dll, TestSessionCorrelationIdProcessorModeProcessorExecutor.Initialize: TestSessionCorrelationId '28964_e7ebc0c4-52e1-49e6-8d35-9e819c982025'
TpTrace Information: 0 : 30972, 1, 2023/04/06, 11:14:32.138, 7868489601825, vstest.console.dll, FilePatternParser: The given file C:\Users\bboboc\source\repos\ExcelSheetColumnLetterToColumnNumber\ExcelSheetTest\bin\Debug\net6.0\fine-code-coverage\build-output\ExcelSheetTest.dll is a full path.
TpTrace Verbose: 0 : 30972, 1, 2023/04/06, 11:14:32.145, 7868489669490, vstest.console.dll, TestPluginCache.DiscoverTestExtensions: finding test extensions in assemblies ends with: RuntimeProvider.dll TPluginInfo: Microsoft.VisualStudio.TestPlatform.Common.ExtensionFramework.Utilities.TestRuntimePluginInformation TExtension: Microsoft.VisualStudio.TestPlatform.ObjectModel.Host.ITestRuntimeProvider
TpTrace Verbose: 0 : 30972, 1, 2023/04/06, 11:14:32.145, 7868489673613, vstest.console.dll, TestPluginCache.GetExtensionPaths: Filtered extension paths: 
TpTrace Verbose: 0 : 30972, 1, 2023/04/06, 11:14:32.145, 7868489674649, vstest.console.dll, TestPluginCache.GetExtensionPaths: Added default extension paths: C:\Program Files\dotnet\sdk\7.0.202\Extensions\Microsoft.Diagnostics.NETCore.Client.dll
C:\Program Files\dotnet\sdk\7.0.202\Extensions\Microsoft.TestPlatform.Extensions.BlameDataCollector.dll
C:\Program Files\dotnet\sdk\7.0.202\Extensions\Microsoft.TestPlatform.Extensions.EventLogCollector.dll
C:\Program Files\dotnet\sdk\7.0.202\Extensions\Microsoft.TestPlatform.TestHostRuntimeProvider.dll
C:\Program Files\dotnet\sdk\7.0.202\Extensions\Microsoft.VisualStudio.TestPlatform.Extensions.Html.TestLogger.dll
C:\Program Files\dotnet\sdk\7.0.202\Extensions\Microsoft.VisualStudio.TestPlatform.Extensions.Trx.TestLogger.dll
TpTrace Verbose: 0 : 30972, 1, 2023/04/06, 11:14:32.145, 7868489674963, vstest.console.dll, TestPluginCache.GetExtensionPaths: Added unfilterableExtensionPaths: 
TpTrace Information: 0 : 30972, 1, 2023/04/06, 11:14:32.146, 7868489682372, vstest.console.dll, AssemblyResolver.ctor: Creating AssemblyResolver with searchDirectories C:\Program Files\dotnet\sdk\7.0.202\Extensions,C:\Program Files\dotnet\sdk\7.0.202
TpTrace Verbose: 0 : 30972, 1, 2023/04/06, 11:14:32.148, 7868489700661, vstest.console.dll, TestPluginCache.DiscoverTestExtensions: Discovering the extensions using extension path.
TpTrace Verbose: 0 : 30972, 1, 2023/04/06, 11:14:32.148, 7868489702391, vstest.console.dll, TestPluginCache.GetExtensionPaths: Filtered extension paths: 
TpTrace Verbose: 0 : 30972, 1, 2023/04/06, 11:14:32.148, 7868489702829, vstest.console.dll, TestPluginCache.GetExtensionPaths: Added default extension paths: C:\Program Files\dotnet\sdk\7.0.202\Extensions\Microsoft.Diagnostics.NETCore.Client.dll
C:\Program Files\dotnet\sdk\7.0.202\Extensions\Microsoft.TestPlatform.Extensions.BlameDataCollector.dll
C:\Program Files\dotnet\sdk\7.0.202\Extensions\Microsoft.TestPlatform.Extensions.EventLogCollector.dll
C:\Program Files\dotnet\sdk\7.0.202\Extensions\Microsoft.TestPlatform.TestHostRuntimeProvider.dll
C:\Program Files\dotnet\sdk\7.0.202\Extensions\Microsoft.VisualStudio.TestPlatform.Extensions.Html.TestLogger.dll
C:\Program Files\dotnet\sdk\7.0.202\Extensions\Microsoft.VisualStudio.TestPlatform.Extensions.Trx.TestLogger.dll
TpTrace Verbose: 0 : 30972, 1, 2023/04/06, 11:14:32.148, 7868489703115, vstest.console.dll, TestPluginCache.GetExtensionPaths: Added unfilterableExtensionPaths: 
TpTrace Verbose: 0 : 30972, 1, 2023/04/06, 11:14:32.148, 7868489703917, vstest.console.dll, TestPluginCache.DiscoverTestExtensions: Discovering the extensions using allExtensionPaths: C:\Program Files\dotnet\sdk\7.0.202\Extensions\Microsoft.Diagnostics.NETCore.Client.dll
C:\Program Files\dotnet\sdk\7.0.202\Extensions\Microsoft.TestPlatform.Extensions.BlameDataCollector.dll
C:\Program Files\dotnet\sdk\7.0.202\Extensions\Microsoft.TestPlatform.Extensions.EventLogCollector.dll
C:\Program Files\dotnet\sdk\7.0.202\Extensions\Microsoft.TestPlatform.TestHostRuntimeProvider.dll
C:\Program Files\dotnet\sdk\7.0.202\Extensions\Microsoft.VisualStudio.TestPlatform.Extensions.Html.TestLogger.dll
C:\Program Files\dotnet\sdk\7.0.202\Extensions\Microsoft.VisualStudio.TestPlatform.Extensions.Trx.TestLogger.dll
TpTrace Information: 0 : 30972, 1, 2023/04/06, 11:14:32.148, 7868489705638, vstest.console.dll, AssemblyResolver.AddSearchDirectories: Adding more searchDirectories C:\Program Files\dotnet\sdk\7.0.202\Extensions,C:\Program Files\dotnet\sdk\7.0.202
TpTrace Information: 0 : 30972, 1, 2023/04/06, 11:14:32.148, 7868489706264, vstest.console.dll, AssemblyResolver.AddSearchDirectories: Adding more searchDirectories C:\Program Files\dotnet\sdk\7.0.202\Extensions,C:\Program Files\dotnet\sdk\7.0.202
TpTrace Information: 0 : 30972, 1, 2023/04/06, 11:14:32.148, 7868489706594, vstest.console.dll, AssemblyResolver.AddSearchDirectories: Adding more searchDirectories C:\Program Files\dotnet\sdk\7.0.202\Extensions,C:\Program Files\dotnet\sdk\7.0.202
TpTrace Information: 0 : 30972, 1, 2023/04/06, 11:14:32.148, 7868489706837, vstest.console.dll, AssemblyResolver.AddSearchDirectories: Adding more searchDirectories C:\Program Files\dotnet\sdk\7.0.202\Extensions,C:\Program Files\dotnet\sdk\7.0.202
TpTrace Information: 0 : 30972, 1, 2023/04/06, 11:14:32.148, 7868489707065, vstest.console.dll, AssemblyResolver.AddSearchDirectories: Adding more searchDirectories C:\Program Files\dotnet\sdk\7.0.202\Extensions,C:\Program Files\dotnet\sdk\7.0.202
TpTrace Information: 0 : 30972, 1, 2023/04/06, 11:14:32.148, 7868489707310, vstest.console.dll, AssemblyResolver.AddSearchDirectories: Adding more searchDirectories C:\Program Files\dotnet\sdk\7.0.202\Extensions,C:\Program Files\dotnet\sdk\7.0.202
TpTrace Information: 0 : 30972, 1, 2023/04/06, 11:14:32.149, 7868489710843, vstest.console.dll, AssemblyResolver.OnResolve: Microsoft.Diagnostics.NETCore.Client: Resolving assembly.
TpTrace Information: 0 : 30972, 1, 2023/04/06, 11:14:32.149, 7868489711670, vstest.console.dll, AssemblyResolver.OnResolve: Microsoft.Diagnostics.NETCore.Client: Searching in: 'C:\Program Files\dotnet\sdk\7.0.202\Extensions'.
TpTrace Information: 0 : 30972, 1, 2023/04/06, 11:14:32.158, 7868489799021, vstest.console.dll, AssemblyResolver.OnResolve: Microsoft.Diagnostics.NETCore.Client: Loading assembly 'C:\Program Files\dotnet\sdk\7.0.202\Extensions\Microsoft.Diagnostics.NETCore.Client.dll'.
TpTrace Information: 0 : 30972, 1, 2023/04/06, 11:14:32.159, 7868489814781, vstest.console.dll, AssemblyResolver.OnResolve: Resolved assembly: Microsoft.Diagnostics.NETCore.Client, from path: C:\Program Files\dotnet\sdk\7.0.202\Extensions\Microsoft.Diagnostics.NETCore.Client.dll
TpTrace Verbose: 0 : 30972, 1, 2023/04/06, 11:14:32.160, 7868489826868, vstest.console.dll, MetadataReaderExtensionsHelper: Discovering extensions inside assembly 'Microsoft.Diagnostics.NETCore.Client, Version=0.2.6.42401, Culture=neutral, PublicKeyToken=31bf3856ad364e35' file path 'C:\Program Files\dotnet\sdk\7.0.202\Extensions\Microsoft.Diagnostics.NETCore.Client.dll'
TpTrace Information: 0 : 30972, 1, 2023/04/06, 11:14:32.167, 7868489898126, vstest.console.dll, AssemblyResolver.OnResolve: Microsoft.Bcl.AsyncInterfaces: Resolving assembly.
TpTrace Information: 0 : 30972, 1, 2023/04/06, 11:14:32.168, 7868489899607, vstest.console.dll, AssemblyResolver.OnResolve: Microsoft.Bcl.AsyncInterfaces: Searching in: 'C:\Program Files\dotnet\sdk\7.0.202\Extensions'.
TpTrace Information: 0 : 30972, 1, 2023/04/06, 11:14:32.168, 7868489900876, vstest.console.dll, AssemblyResolver.OnResolve: Microsoft.Bcl.AsyncInterfaces: Assembly path does not exist: 'C:\Program Files\dotnet\sdk\7.0.202\Extensions\Microsoft.Bcl.AsyncInterfaces.dll', returning.
TpTrace Information: 0 : 30972, 1, 2023/04/06, 11:14:32.168, 7868489902087, vstest.console.dll, AssemblyResolver.OnResolve: Microsoft.Bcl.AsyncInterfaces: Assembly path does not exist: 'C:\Program Files\dotnet\sdk\7.0.202\Extensions\Microsoft.Bcl.AsyncInterfaces.exe', returning.
TpTrace Information: 0 : 30972, 1, 2023/04/06, 11:14:32.168, 7868489902427, vstest.console.dll, AssemblyResolver.OnResolve: Microsoft.Bcl.AsyncInterfaces: Searching in: 'C:\Program Files\dotnet\sdk\7.0.202'.
TpTrace Information: 0 : 30972, 1, 2023/04/06, 11:14:32.168, 7868489902948, vstest.console.dll, AssemblyResolver.OnResolve: Microsoft.Bcl.AsyncInterfaces: Assembly path does not exist: 'C:\Program Files\dotnet\sdk\7.0.202\Microsoft.Bcl.AsyncInterfaces.dll', returning.
TpTrace Information: 0 : 30972, 1, 2023/04/06, 11:14:32.168, 7868489903371, vstest.console.dll, AssemblyResolver.OnResolve: Microsoft.Bcl.AsyncInterfaces: Assembly path does not exist: 'C:\Program Files\dotnet\sdk\7.0.202\Microsoft.Bcl.AsyncInterfaces.exe', returning.
TpTrace Information: 0 : 30972, 1, 2023/04/06, 11:14:32.168, 7868489903598, vstest.console.dll, AssemblyResolver.OnResolve: Microsoft.Bcl.AsyncInterfaces: Failed to load assembly.
TpTrace Verbose: 0 : 30972, 1, 2023/04/06, 11:14:32.168, 7868489903991, vstest.console.dll, CurrentDomainAssemblyResolve: Resolving assembly 'Microsoft.Bcl.AsyncInterfaces'.
TpTrace Information: 0 : 30972, 1, 2023/04/06, 11:14:32.168, 7868489904607, vstest.console.dll, AssemblyResolver.OnResolve: Microsoft.Bcl.AsyncInterfaces: Resolving assembly.
TpTrace Information: 0 : 30972, 1, 2023/04/06, 11:14:32.168, 7868489904984, vstest.console.dll, AssemblyResolver.OnResolve: Microsoft.Bcl.AsyncInterfaces: Resolved from cache.
TpTrace Verbose: 0 : 30972, 1, 2023/04/06, 11:14:32.168, 7868489905216, vstest.console.dll, CurrentDomainAssemblyResolve: Resolving assembly 'Microsoft.Bcl.AsyncInterfaces'.
TpTrace Verbose: 0 : 30972, 1, 2023/04/06, 11:14:32.168, 7868489905548, vstest.console.dll, CurrentDomainAssemblyResolve: Failed to resolve assembly 'Microsoft.Bcl.AsyncInterfaces'.
TpTrace Verbose: 0 : 30972, 1, 2023/04/06, 11:14:32.169, 7868489915738, vstest.console.dll, CurrentDomainAssemblyResolve: Failed to resolve assembly 'Microsoft.Bcl.AsyncInterfaces'.
TpTrace Warning: 0 : 30972, 1, 2023/04/06, 11:14:32.177, 7868489997775, vstest.console.dll, TestPluginDiscoverer: Failed to get types from assembly 'Microsoft.Diagnostics.NETCore.Client, Version=0.2.6.42401, Culture=neutral, PublicKeyToken=31bf3856ad364e35'. Error: System.Reflection.ReflectionTypeLoadException: Unable to load one or more of the requested types.
Could not load file or assembly 'Microsoft.Bcl.AsyncInterfaces, Version=1.0.0.0, Culture=neutral, PublicKeyToken=cc7b13ffcd2ddd51'. The system cannot find the file specified.
   at System.Reflection.RuntimeModule.GetTypes(RuntimeModule module)
   at System.Reflection.Assembly.GetTypes()
   at Microsoft.VisualStudio.TestPlatform.Common.ExtensionFramework.TestPluginDiscoverer.GetTestExtensionsFromAssembly[TPluginInfo,TExtension](Assembly assembly, Dictionary`2 pluginInfos, String filePath)
System.IO.FileNotFoundException: Could not load file or assembly 'Microsoft.Bcl.AsyncInterfaces, Version=1.0.0.0, Culture=neutral, PublicKeyToken=cc7b13ffcd2ddd51'. The system cannot find the file specified.
File name: 'Microsoft.Bcl.AsyncInterfaces, Version=1.0.0.0, Culture=neutral, PublicKeyToken=cc7b13ffcd2ddd51'
 ---> System.IO.FileNotFoundException: Could not load file or assembly 'Microsoft.Bcl.AsyncInterfaces, Culture=neutral, PublicKeyToken=null'. The system cannot find the file specified.
File name: 'Microsoft.Bcl.AsyncInterfaces, Culture=neutral, PublicKeyToken=null'
   at System.Reflection.RuntimeAssembly.InternalLoad(AssemblyName assemblyName, StackCrawlMark& stackMark, AssemblyLoadContext assemblyLoadContext, RuntimeAssembly requestingAssembly, Boolean throwOnFileNotFound)
   at System.Reflection.Assembly.Load(AssemblyName assemblyRef)
   at Microsoft.VisualStudio.TestPlatform.Common.ExtensionFramework.TestPluginCache.CurrentDomainAssemblyResolve(Object sender, AssemblyResolveEventArgs args)
   at System.Runtime.Loader.AssemblyLoadContext.GetFirstResolvedAssemblyFromResolvingEvent(AssemblyName assemblyName)
   at System.Runtime.Loader.AssemblyLoadContext.ResolveUsingEvent(AssemblyName assemblyName)
   at System.Runtime.Loader.AssemblyLoadContext.ResolveUsingResolvingEvent(IntPtr gchManagedAssemblyLoadContext, AssemblyName assemblyName)
TpTrace Warning: 0 : 30972, 1, 2023/04/06, 11:14:32.178, 7868490002169, vstest.console.dll, LoaderExceptions: System.IO.FileNotFoundException: Could not load file or assembly 'Microsoft.Bcl.AsyncInterfaces, Version=1.0.0.0, Culture=neutral, PublicKeyToken=cc7b13ffcd2ddd51'. The system cannot find the file specified.
File name: 'Microsoft.Bcl.AsyncInterfaces, Version=1.0.0.0, Culture=neutral, PublicKeyToken=cc7b13ffcd2ddd51'
 ---> System.IO.FileNotFoundException: Could not load file or assembly 'Microsoft.Bcl.AsyncInterfaces, Culture=neutral, PublicKeyToken=null'. The system cannot find the file specified.
File name: 'Microsoft.Bcl.AsyncInterfaces, Culture=neutral, PublicKeyToken=null'
   at System.Reflection.RuntimeAssembly.InternalLoad(AssemblyName assemblyName, StackCrawlMark& stackMark, AssemblyLoadContext assemblyLoadContext, RuntimeAssembly requestingAssembly, Boolean throwOnFileNotFound)
   at System.Reflection.Assembly.Load(AssemblyName assemblyRef)
   at Microsoft.VisualStudio.TestPlatform.Common.ExtensionFramework.TestPluginCache.CurrentDomainAssemblyResolve(Object sender, AssemblyResolveEventArgs args)
   at System.Runtime.Loader.AssemblyLoadContext.GetFirstResolvedAssemblyFromResolvingEvent(AssemblyName assemblyName)
   at System.Runtime.Loader.AssemblyLoadContext.ResolveUsingEvent(AssemblyName assemblyName)
   at System.Runtime.Loader.AssemblyLoadContext.ResolveUsingResolvingEvent(IntPtr gchManagedAssemblyLoadContext, AssemblyName assemblyName)
TpTrace Information: 0 : 30972, 1, 2023/04/06, 11:14:32.178, 7868490004099, vstest.console.dll, AssemblyResolver.OnResolve: Microsoft.TestPlatform.Extensions.BlameDataCollector: Resolving assembly.
TpTrace Information: 0 : 30972, 1, 2023/04/06, 11:14:32.178, 7868490004586, vstest.console.dll, AssemblyResolver.OnResolve: Microsoft.TestPlatform.Extensions.BlameDataCollector: Searching in: 'C:\Program Files\dotnet\sdk\7.0.202\Extensions'.
TpTrace Information: 0 : 30972, 1, 2023/04/06, 11:14:32.179, 7868490013388, vstest.console.dll, AssemblyResolver.OnResolve: Microsoft.TestPlatform.Extensions.BlameDataCollector: Loading assembly 'C:\Program Files\dotnet\sdk\7.0.202\Extensions\Microsoft.TestPlatform.Extensions.BlameDataCollector.dll'.
TpTrace Information: 0 : 30972, 1, 2023/04/06, 11:14:32.181, 7868490030016, vstest.console.dll, AssemblyResolver.OnResolve: Resolved assembly: Microsoft.TestPlatform.Extensions.BlameDataCollector, from path: C:\Program Files\dotnet\sdk\7.0.202\Extensions\Microsoft.TestPlatform.Extensions.BlameDataCollector.dll
TpTrace Verbose: 0 : 30972, 1, 2023/04/06, 11:14:32.181, 7868490031947, vstest.console.dll, MetadataReaderExtensionsHelper: Discovering extensions inside assembly 'Microsoft.TestPlatform.Extensions.BlameDataCollector, Version=15.0.0.0, Culture=neutral, PublicKeyToken=b03f5f7f11d50a3a' file path 'C:\Program Files\dotnet\sdk\7.0.202\Extensions\Microsoft.TestPlatform.Extensions.BlameDataCollector.dll'
TpTrace Information: 0 : 30972, 1, 2023/04/06, 11:14:32.183, 7868490055808, vstest.console.dll, AssemblyResolver.OnResolve: Microsoft.TestPlatform.Extensions.EventLogCollector: Resolving assembly.
TpTrace Information: 0 : 30972, 1, 2023/04/06, 11:14:32.184, 7868490058380, vstest.console.dll, AssemblyResolver.OnResolve: Microsoft.TestPlatform.Extensions.EventLogCollector: Searching in: 'C:\Program Files\dotnet\sdk\7.0.202\Extensions'.
TpTrace Information: 0 : 30972, 1, 2023/04/06, 11:14:32.184, 7868490064420, vstest.console.dll, AssemblyResolver.OnResolve: Microsoft.TestPlatform.Extensions.EventLogCollector: Loading assembly 'C:\Program Files\dotnet\sdk\7.0.202\Extensions\Microsoft.TestPlatform.Extensions.EventLogCollector.dll'.
TpTrace Information: 0 : 30972, 1, 2023/04/06, 11:14:32.185, 7868490073188, vstest.console.dll, AssemblyResolver.OnResolve: Resolved assembly: Microsoft.TestPlatform.Extensions.EventLogCollector, from path: C:\Program Files\dotnet\sdk\7.0.202\Extensions\Microsoft.TestPlatform.Extensions.EventLogCollector.dll
TpTrace Verbose: 0 : 30972, 1, 2023/04/06, 11:14:32.185, 7868490074247, vstest.console.dll, MetadataReaderExtensionsHelper: Discovering extensions inside assembly 'Microsoft.TestPlatform.Extensions.EventLogCollector, Version=15.0.0.0, Culture=neutral, PublicKeyToken=b03f5f7f11d50a3a' file path 'C:\Program Files\dotnet\sdk\7.0.202\Extensions\Microsoft.TestPlatform.Extensions.EventLogCollector.dll'
TpTrace Information: 0 : 30972, 1, 2023/04/06, 11:14:32.188, 7868490102472, vstest.console.dll, AssemblyResolver.OnResolve: Microsoft.TestPlatform.TestHostRuntimeProvider: Resolving assembly.
TpTrace Information: 0 : 30972, 1, 2023/04/06, 11:14:32.188, 7868490103940, vstest.console.dll, AssemblyResolver.OnResolve: Microsoft.TestPlatform.TestHostRuntimeProvider: Searching in: 'C:\Program Files\dotnet\sdk\7.0.202\Extensions'.
TpTrace Information: 0 : 30972, 1, 2023/04/06, 11:14:32.189, 7868490108859, vstest.console.dll, AssemblyResolver.OnResolve: Microsoft.TestPlatform.TestHostRuntimeProvider: Loading assembly 'C:\Program Files\dotnet\sdk\7.0.202\Extensions\Microsoft.TestPlatform.TestHostRuntimeProvider.dll'.
TpTrace Information: 0 : 30972, 1, 2023/04/06, 11:14:32.190, 7868490120777, vstest.console.dll, AssemblyResolver.OnResolve: Resolved assembly: Microsoft.TestPlatform.TestHostRuntimeProvider, from path: C:\Program Files\dotnet\sdk\7.0.202\Extensions\Microsoft.TestPlatform.TestHostRuntimeProvider.dll
TpTrace Verbose: 0 : 30972, 1, 2023/04/06, 11:14:32.190, 7868490121725, vstest.console.dll, MetadataReaderExtensionsHelper: Discovering extensions inside assembly 'Microsoft.TestPlatform.TestHostRuntimeProvider, Version=15.0.0.0, Culture=neutral, PublicKeyToken=b03f5f7f11d50a3a' file path 'C:\Program Files\dotnet\sdk\7.0.202\Extensions\Microsoft.TestPlatform.TestHostRuntimeProvider.dll'
TpTrace Information: 0 : 30972, 1, 2023/04/06, 11:14:32.192, 7868490139909, vstest.console.dll, GetTestExtensionFromType: Register extension with identifier data 'HostProvider://DefaultTestHost' and type 'Microsoft.VisualStudio.TestPlatform.CrossPlatEngine.Hosting.DefaultTestHostManager, Microsoft.TestPlatform.TestHostRuntimeProvider, Version=15.0.0.0, Culture=neutral, PublicKeyToken=b03f5f7f11d50a3a' inside file 'C:\Program Files\dotnet\sdk\7.0.202\Extensions\Microsoft.TestPlatform.TestHostRuntimeProvider.dll'
TpTrace Information: 0 : 30972, 1, 2023/04/06, 11:14:32.192, 7868490142954, vstest.console.dll, GetTestExtensionFromType: Register extension with identifier data 'HostProvider://DotnetTestHost' and type 'Microsoft.VisualStudio.TestPlatform.CrossPlatEngine.Hosting.DotnetTestHostManager, Microsoft.TestPlatform.TestHostRuntimeProvider, Version=15.0.0.0, Culture=neutral, PublicKeyToken=b03f5f7f11d50a3a' inside file 'C:\Program Files\dotnet\sdk\7.0.202\Extensions\Microsoft.TestPlatform.TestHostRuntimeProvider.dll'
TpTrace Information: 0 : 30972, 1, 2023/04/06, 11:14:32.192, 7868490143865, vstest.console.dll, AssemblyResolver.OnResolve: Microsoft.VisualStudio.TestPlatform.Extensions.Html.TestLogger: Resolving assembly.
TpTrace Information: 0 : 30972, 1, 2023/04/06, 11:14:32.192, 7868490144217, vstest.console.dll, AssemblyResolver.OnResolve: Microsoft.VisualStudio.TestPlatform.Extensions.Html.TestLogger: Searching in: 'C:\Program Files\dotnet\sdk\7.0.202\Extensions'.
TpTrace Information: 0 : 30972, 1, 2023/04/06, 11:14:32.193, 7868490148242, vstest.console.dll, AssemblyResolver.OnResolve: Microsoft.VisualStudio.TestPlatform.Extensions.Html.TestLogger: Loading assembly 'C:\Program Files\dotnet\sdk\7.0.202\Extensions\Microsoft.VisualStudio.TestPlatform.Extensions.Html.TestLogger.dll'.
TpTrace Information: 0 : 30972, 1, 2023/04/06, 11:14:32.194, 7868490160897, vstest.console.dll, AssemblyResolver.OnResolve: Resolved assembly: Microsoft.VisualStudio.TestPlatform.Extensions.Html.TestLogger, from path: C:\Program Files\dotnet\sdk\7.0.202\Extensions\Microsoft.VisualStudio.TestPlatform.Extensions.Html.TestLogger.dll
TpTrace Verbose: 0 : 30972, 1, 2023/04/06, 11:14:32.194, 7868490161810, vstest.console.dll, MetadataReaderExtensionsHelper: Discovering extensions inside assembly 'Microsoft.VisualStudio.TestPlatform.Extensions.Html.TestLogger, Version=15.0.0.0, Culture=neutral, PublicKeyToken=b03f5f7f11d50a3a' file path 'C:\Program Files\dotnet\sdk\7.0.202\Extensions\Microsoft.VisualStudio.TestPlatform.Extensions.Html.TestLogger.dll'
TpTrace Information: 0 : 30972, 1, 2023/04/06, 11:14:32.195, 7868490169976, vstest.console.dll, AssemblyResolver.OnResolve: Microsoft.VisualStudio.TestPlatform.Extensions.Trx.TestLogger: Resolving assembly.
TpTrace Information: 0 : 30972, 1, 2023/04/06, 11:14:32.195, 7868490170598, vstest.console.dll, AssemblyResolver.OnResolve: Microsoft.VisualStudio.TestPlatform.Extensions.Trx.TestLogger: Searching in: 'C:\Program Files\dotnet\sdk\7.0.202\Extensions'.
TpTrace Information: 0 : 30972, 1, 2023/04/06, 11:14:32.195, 7868490173311, vstest.console.dll, AssemblyResolver.OnResolve: Microsoft.VisualStudio.TestPlatform.Extensions.Trx.TestLogger: Loading assembly 'C:\Program Files\dotnet\sdk\7.0.202\Extensions\Microsoft.VisualStudio.TestPlatform.Extensions.Trx.TestLogger.dll'.
TpTrace Information: 0 : 30972, 1, 2023/04/06, 11:14:32.196, 7868490183217, vstest.console.dll, AssemblyResolver.OnResolve: Resolved assembly: Microsoft.VisualStudio.TestPlatform.Extensions.Trx.TestLogger, from path: C:\Program Files\dotnet\sdk\7.0.202\Extensions\Microsoft.VisualStudio.TestPlatform.Extensions.Trx.TestLogger.dll
TpTrace Verbose: 0 : 30972, 1, 2023/04/06, 11:14:32.196, 7868490183928, vstest.console.dll, MetadataReaderExtensionsHelper: Discovering extensions inside assembly 'Microsoft.VisualStudio.TestPlatform.Extensions.Trx.TestLogger, Version=15.0.0.0, Culture=neutral, PublicKeyToken=b03f5f7f11d50a3a' file path 'C:\Program Files\dotnet\sdk\7.0.202\Extensions\Microsoft.VisualStudio.TestPlatform.Extensions.Trx.TestLogger.dll'
TpTrace Verbose: 0 : 30972, 1, 2023/04/06, 11:14:32.197, 7868490194564, vstest.console.dll, TestPluginCache: Discovered the extensions using extension path ''.
TpTrace Verbose: 0 : 30972, 1, 2023/04/06, 11:14:32.197, 7868490195474, vstest.console.dll, TestPluginCache: Discoverers are ''.
TpTrace Verbose: 0 : 30972, 1, 2023/04/06, 11:14:32.197, 7868490195715, vstest.console.dll, TestPluginCache: Executors are ''.
TpTrace Verbose: 0 : 30972, 1, 2023/04/06, 11:14:32.197, 7868490195914, vstest.console.dll, TestPluginCache: Executors2 are ''.
TpTrace Verbose: 0 : 30972, 1, 2023/04/06, 11:14:32.197, 7868490196176, vstest.console.dll, TestPluginCache: Setting providers are ''.
TpTrace Verbose: 0 : 30972, 1, 2023/04/06, 11:14:32.197, 7868490196381, vstest.console.dll, TestPluginCache: Loggers are ''.
TpTrace Verbose: 0 : 30972, 1, 2023/04/06, 11:14:32.197, 7868490197040, vstest.console.dll, TestPluginCache: TestHosts are 'HostProvider://DefaultTestHost,HostProvider://DotnetTestHost'.
TpTrace Verbose: 0 : 30972, 1, 2023/04/06, 11:14:32.197, 7868490197318, vstest.console.dll, TestPluginCache: DataCollectors are ''.
TpTrace Information: 0 : 30972, 1, 2023/04/06, 11:14:32.212, 7868490344529, vstest.console.dll, RunTestsArgumentProcessor:Execute: Test run is starting.
TpTrace Verbose: 0 : 30972, 1, 2023/04/06, 11:14:32.212, 7868490345854, vstest.console.dll, RunTestsArgumentProcessor:Execute: Queuing Test run.
TpTrace Information: 0 : 30972, 1, 2023/04/06, 11:14:32.212, 7868490347725, vstest.console.dll, TestRequestManager.RunTests: run tests started.
TpTrace Information: 0 : 30972, 1, 2023/04/06, 11:14:32.214, 7868490360134, vstest.console.dll, AssemblyMetadataProvider.GetFrameworkName: Determined framework:'.NETCoreApp,Version=v6.0' for source: 'C:\Users\bboboc\source\repos\ExcelSheetColumnLetterToColumnNumber\ExcelSheetTest\bin\Debug\net6.0\fine-code-coverage\build-output\ExcelSheetTest.dll'
TpTrace Information: 0 : 30972, 1, 2023/04/06, 11:14:32.214, 7868490361830, vstest.console.dll, Determined framework for all sources: .NETCoreApp,Version=v6.0
TpTrace Verbose: 0 : 30972, 1, 2023/04/06, 11:14:32.214, 7868490365008, vstest.console.dll, TestRequestManager.UpdateRunSettingsIfRequired: Default architecture: X64 IsDefaultTargetArchitecture: True, Current process architecture: X64 OperatingSystem: Windows.
TpTrace Information: 0 : 30972, 1, 2023/04/06, 11:14:32.216, 7868490378513, vstest.console.dll, AssemblyMetadataProvider.GetArchitecture: Determined architecture:AnyCPU info for assembly: C:\Users\bboboc\source\repos\ExcelSheetColumnLetterToColumnNumber\ExcelSheetTest\bin\Debug\net6.0\fine-code-coverage\build-output\ExcelSheetTest.dll
TpTrace Information: 0 : 30972, 1, 2023/04/06, 11:14:32.216, 7868490379029, vstest.console.dll, Determined platform for source 'C:\Users\bboboc\source\repos\ExcelSheetColumnLetterToColumnNumber\ExcelSheetTest\bin\Debug\net6.0\fine-code-coverage\build-output\ExcelSheetTest.dll' was AnyCPU and it will use the default plaform X64.
TpTrace Information: 0 : 30972, 1, 2023/04/06, 11:14:32.216, 7868490379309, vstest.console.dll, None of the sources provided any runnable platform, using the default platform: X64
TpTrace Information: 0 : 30972, 1, 2023/04/06, 11:14:32.216, 7868490379968, vstest.console.dll, Platform was updated to 'X64'.
TpTrace Information: 0 : 30972, 1, 2023/04/06, 11:14:32.218, 7868490405300, vstest.console.dll, InferRunSettingsHelper.IsTestSettingsEnabled: Unable to navigate to RunSettings/MSTest. Current node: RunSettings
TpTrace Information: 0 : 30972, 1, 2023/04/06, 11:14:32.219, 7868490412076, vstest.console.dll, AssemblyResolver.OnResolve: Microsoft.VisualStudio.TestPlatform.Fakes: Resolving assembly.
TpTrace Information: 0 : 30972, 1, 2023/04/06, 11:14:32.219, 7868490412851, vstest.console.dll, AssemblyResolver.OnResolve: Microsoft.VisualStudio.TestPlatform.Fakes: Searching in: 'C:\Program Files\dotnet\sdk\7.0.202\Extensions'.
TpTrace Information: 0 : 30972, 1, 2023/04/06, 11:14:32.219, 7868490413908, vstest.console.dll, AssemblyResolver.OnResolve: Microsoft.VisualStudio.TestPlatform.Fakes: Assembly path does not exist: 'C:\Program Files\dotnet\sdk\7.0.202\Extensions\Microsoft.VisualStudio.TestPlatform.Fakes.dll', returning.
TpTrace Information: 0 : 30972, 1, 2023/04/06, 11:14:32.219, 7868490414695, vstest.console.dll, AssemblyResolver.OnResolve: Microsoft.VisualStudio.TestPlatform.Fakes: Assembly path does not exist: 'C:\Program Files\dotnet\sdk\7.0.202\Extensions\Microsoft.VisualStudio.TestPlatform.Fakes.exe', returning.
TpTrace Information: 0 : 30972, 1, 2023/04/06, 11:14:32.219, 7868490415535, vstest.console.dll, AssemblyResolver.OnResolve: Microsoft.VisualStudio.TestPlatform.Fakes: Searching in: 'C:\Program Files\dotnet\sdk\7.0.202'.
TpTrace Information: 0 : 30972, 1, 2023/04/06, 11:14:32.219, 7868490416238, vstest.console.dll, AssemblyResolver.OnResolve: Microsoft.VisualStudio.TestPlatform.Fakes: Assembly path does not exist: 'C:\Program Files\dotnet\sdk\7.0.202\Microsoft.VisualStudio.TestPlatform.Fakes.dll', returning.
TpTrace Information: 0 : 30972, 1, 2023/04/06, 11:14:32.219, 7868490416686, vstest.console.dll, AssemblyResolver.OnResolve: Microsoft.VisualStudio.TestPlatform.Fakes: Assembly path does not exist: 'C:\Program Files\dotnet\sdk\7.0.202\Microsoft.VisualStudio.TestPlatform.Fakes.exe', returning.
TpTrace Information: 0 : 30972, 1, 2023/04/06, 11:14:32.219, 7868490416922, vstest.console.dll, AssemblyResolver.OnResolve: Microsoft.VisualStudio.TestPlatform.Fakes: Failed to load assembly.
TpTrace Information: 0 : 30972, 1, 2023/04/06, 11:14:32.220, 7868490419651, vstest.console.dll, Failed to load assembly Microsoft.VisualStudio.TestPlatform.Fakes, Version=17.0.0.0, Culture=neutral. Reason:System.IO.FileNotFoundException: Could not load file or assembly 'Microsoft.VisualStudio.TestPlatform.Fakes, Version=17.0.0.0, Culture=neutral, PublicKeyToken=null'. The system cannot find the file specified.
File name: 'Microsoft.VisualStudio.TestPlatform.Fakes, Version=17.0.0.0, Culture=neutral, PublicKeyToken=null'
   at System.Reflection.RuntimeAssembly.InternalLoad(AssemblyName assemblyName, StackCrawlMark& stackMark, AssemblyLoadContext assemblyLoadContext, RuntimeAssembly requestingAssembly, Boolean throwOnFileNotFound)
   at System.Reflection.Assembly.Load(AssemblyName assemblyRef)
   at Microsoft.VisualStudio.TestPlatform.Common.Utilities.FakesUtilities.LoadTestPlatformAssembly()
TpTrace Verbose: 0 : 30972, 1, 2023/04/06, 11:14:32.224, 7868490463755, vstest.console.dll, TestPluginCache.DiscoverTestExtensions: finding test extensions in assemblies ends with: TestLogger.dll TPluginInfo: Microsoft.VisualStudio.TestPlatform.Common.ExtensionFramework.Utilities.TestLoggerPluginInformation TExtension: Microsoft.VisualStudio.TestPlatform.ObjectModel.Client.ITestLogger
TpTrace Verbose: 0 : 30972, 1, 2023/04/06, 11:14:32.224, 7868490465293, vstest.console.dll, TestPluginCache.GetExtensionPaths: Filtered extension paths: 
TpTrace Verbose: 0 : 30972, 1, 2023/04/06, 11:14:32.224, 7868490465683, vstest.console.dll, TestPluginCache.GetExtensionPaths: Added default extension paths: C:\Program Files\dotnet\sdk\7.0.202\Extensions\Microsoft.Diagnostics.NETCore.Client.dll
C:\Program Files\dotnet\sdk\7.0.202\Extensions\Microsoft.TestPlatform.Extensions.BlameDataCollector.dll
C:\Program Files\dotnet\sdk\7.0.202\Extensions\Microsoft.TestPlatform.Extensions.EventLogCollector.dll
C:\Program Files\dotnet\sdk\7.0.202\Extensions\Microsoft.TestPlatform.TestHostRuntimeProvider.dll
C:\Program Files\dotnet\sdk\7.0.202\Extensions\Microsoft.VisualStudio.TestPlatform.Extensions.Html.TestLogger.dll
C:\Program Files\dotnet\sdk\7.0.202\Extensions\Microsoft.VisualStudio.TestPlatform.Extensions.Trx.TestLogger.dll
TpTrace Verbose: 0 : 30972, 1, 2023/04/06, 11:14:32.224, 7868490465969, vstest.console.dll, TestPluginCache.GetExtensionPaths: Added unfilterableExtensionPaths: 
TpTrace Information: 0 : 30972, 1, 2023/04/06, 11:14:32.224, 7868490467649, vstest.console.dll, AssemblyResolver.AddSearchDirectories: Adding more searchDirectories C:\Program Files\dotnet\sdk\7.0.202\Extensions,C:\Program Files\dotnet\sdk\7.0.202
TpTrace Verbose: 0 : 30972, 1, 2023/04/06, 11:14:32.224, 7868490468070, vstest.console.dll, TestPluginCache.DiscoverTestExtensions: Discovering the extensions using extension path.
TpTrace Verbose: 0 : 30972, 1, 2023/04/06, 11:14:32.225, 7868490468399, vstest.console.dll, TestPluginCache.GetExtensionPaths: Filtered extension paths: 
TpTrace Verbose: 0 : 30972, 1, 2023/04/06, 11:14:32.225, 7868490468633, vstest.console.dll, TestPluginCache.GetExtensionPaths: Added default extension paths: C:\Program Files\dotnet\sdk\7.0.202\Extensions\Microsoft.Diagnostics.NETCore.Client.dll
C:\Program Files\dotnet\sdk\7.0.202\Extensions\Microsoft.TestPlatform.Extensions.BlameDataCollector.dll
C:\Program Files\dotnet\sdk\7.0.202\Extensions\Microsoft.TestPlatform.Extensions.EventLogCollector.dll
C:\Program Files\dotnet\sdk\7.0.202\Extensions\Microsoft.TestPlatform.TestHostRuntimeProvider.dll
C:\Program Files\dotnet\sdk\7.0.202\Extensions\Microsoft.VisualStudio.TestPlatform.Extensions.Html.TestLogger.dll
C:\Program Files\dotnet\sdk\7.0.202\Extensions\Microsoft.VisualStudio.TestPlatform.Extensions.Trx.TestLogger.dll
TpTrace Verbose: 0 : 30972, 1, 2023/04/06, 11:14:32.225, 7868490468884, vstest.console.dll, TestPluginCache.GetExtensionPaths: Added unfilterableExtensionPaths: 
TpTrace Verbose: 0 : 30972, 1, 2023/04/06, 11:14:32.225, 7868490469165, vstest.console.dll, TestPluginCache.DiscoverTestExtensions: Discovering the extensions using allExtensionPaths: C:\Program Files\dotnet\sdk\7.0.202\Extensions\Microsoft.Diagnostics.NETCore.Client.dll
C:\Program Files\dotnet\sdk\7.0.202\Extensions\Microsoft.TestPlatform.Extensions.BlameDataCollector.dll
C:\Program Files\dotnet\sdk\7.0.202\Extensions\Microsoft.TestPlatform.Extensions.EventLogCollector.dll
C:\Program Files\dotnet\sdk\7.0.202\Extensions\Microsoft.TestPlatform.TestHostRuntimeProvider.dll
C:\Program Files\dotnet\sdk\7.0.202\Extensions\Microsoft.VisualStudio.TestPlatform.Extensions.Html.TestLogger.dll
C:\Program Files\dotnet\sdk\7.0.202\Extensions\Microsoft.VisualStudio.TestPlatform.Extensions.Trx.TestLogger.dll
TpTrace Information: 0 : 30972, 1, 2023/04/06, 11:14:32.225, 7868490469621, vstest.console.dll, AssemblyResolver.AddSearchDirectories: Adding more searchDirectories C:\Program Files\dotnet\sdk\7.0.202\Extensions,C:\Program Files\dotnet\sdk\7.0.202
TpTrace Information: 0 : 30972, 1, 2023/04/06, 11:14:32.225, 7868490469908, vstest.console.dll, AssemblyResolver.AddSearchDirectories: Adding more searchDirectories C:\Program Files\dotnet\sdk\7.0.202\Extensions,C:\Program Files\dotnet\sdk\7.0.202
TpTrace Information: 0 : 30972, 1, 2023/04/06, 11:14:32.225, 7868490470142, vstest.console.dll, AssemblyResolver.AddSearchDirectories: Adding more searchDirectories C:\Program Files\dotnet\sdk\7.0.202\Extensions,C:\Program Files\dotnet\sdk\7.0.202
TpTrace Information: 0 : 30972, 1, 2023/04/06, 11:14:32.225, 7868490470391, vstest.console.dll, AssemblyResolver.AddSearchDirectories: Adding more searchDirectories C:\Program Files\dotnet\sdk\7.0.202\Extensions,C:\Program Files\dotnet\sdk\7.0.202
TpTrace Information: 0 : 30972, 1, 2023/04/06, 11:14:32.225, 7868490470618, vstest.console.dll, AssemblyResolver.AddSearchDirectories: Adding more searchDirectories C:\Program Files\dotnet\sdk\7.0.202\Extensions,C:\Program Files\dotnet\sdk\7.0.202
TpTrace Information: 0 : 30972, 1, 2023/04/06, 11:14:32.225, 7868490470842, vstest.console.dll, AssemblyResolver.AddSearchDirectories: Adding more searchDirectories C:\Program Files\dotnet\sdk\7.0.202\Extensions,C:\Program Files\dotnet\sdk\7.0.202
TpTrace Verbose: 0 : 30972, 1, 2023/04/06, 11:14:32.225, 7868490471714, vstest.console.dll, MetadataReaderExtensionsHelper: Discovering extensions inside assembly 'Microsoft.Diagnostics.NETCore.Client, Version=0.2.6.42401, Culture=neutral, PublicKeyToken=31bf3856ad364e35' file path 'C:\Program Files\dotnet\sdk\7.0.202\Extensions\Microsoft.Diagnostics.NETCore.Client.dll'
TpTrace Information: 0 : 30972, 1, 2023/04/06, 11:14:32.226, 7868490479804, vstest.console.dll, AssemblyResolver.OnResolve: Microsoft.Bcl.AsyncInterfaces: Resolving assembly.
TpTrace Information: 0 : 30972, 1, 2023/04/06, 11:14:32.226, 7868490480725, vstest.console.dll, AssemblyResolver.OnResolve: Microsoft.Bcl.AsyncInterfaces: Resolved from cache.
TpTrace Verbose: 0 : 30972, 1, 2023/04/06, 11:14:32.226, 7868490480985, vstest.console.dll, CurrentDomainAssemblyResolve: Resolving assembly 'Microsoft.Bcl.AsyncInterfaces'.
TpTrace Information: 0 : 30972, 1, 2023/04/06, 11:14:32.226, 7868490481367, vstest.console.dll, AssemblyResolver.OnResolve: Microsoft.Bcl.AsyncInterfaces: Resolving assembly.
TpTrace Information: 0 : 30972, 1, 2023/04/06, 11:14:32.226, 7868490481624, vstest.console.dll, AssemblyResolver.OnResolve: Microsoft.Bcl.AsyncInterfaces: Resolved from cache.
TpTrace Verbose: 0 : 30972, 1, 2023/04/06, 11:14:32.226, 7868490481831, vstest.console.dll, CurrentDomainAssemblyResolve: Resolving assembly 'Microsoft.Bcl.AsyncInterfaces'.
TpTrace Verbose: 0 : 30972, 1, 2023/04/06, 11:14:32.226, 7868490482031, vstest.console.dll, CurrentDomainAssemblyResolve: Failed to resolve assembly 'Microsoft.Bcl.AsyncInterfaces'.
TpTrace Verbose: 0 : 30972, 1, 2023/04/06, 11:14:32.226, 7868490483255, vstest.console.dll, CurrentDomainAssemblyResolve: Failed to resolve assembly 'Microsoft.Bcl.AsyncInterfaces'.
TpTrace Warning: 0 : 30972, 1, 2023/04/06, 11:14:32.226, 7868490485833, vstest.console.dll, TestPluginDiscoverer: Failed to get types from assembly 'Microsoft.Diagnostics.NETCore.Client, Version=0.2.6.42401, Culture=neutral, PublicKeyToken=31bf3856ad364e35'. Error: System.Reflection.ReflectionTypeLoadException: Unable to load one or more of the requested types.
Could not load file or assembly 'Microsoft.Bcl.AsyncInterfaces, Version=1.0.0.0, Culture=neutral, PublicKeyToken=cc7b13ffcd2ddd51'. The system cannot find the file specified.
   at System.Reflection.RuntimeModule.GetTypes(RuntimeModule module)
   at System.Reflection.Assembly.GetTypes()
   at Microsoft.VisualStudio.TestPlatform.Common.ExtensionFramework.TestPluginDiscoverer.GetTestExtensionsFromAssembly[TPluginInfo,TExtension](Assembly assembly, Dictionary`2 pluginInfos, String filePath)
System.IO.FileNotFoundException: Could not load file or assembly 'Microsoft.Bcl.AsyncInterfaces, Version=1.0.0.0, Culture=neutral, PublicKeyToken=cc7b13ffcd2ddd51'. The system cannot find the file specified.
File name: 'Microsoft.Bcl.AsyncInterfaces, Version=1.0.0.0, Culture=neutral, PublicKeyToken=cc7b13ffcd2ddd51'
 ---> System.IO.FileNotFoundException: Could not load file or assembly 'Microsoft.Bcl.AsyncInterfaces, Culture=neutral, PublicKeyToken=null'. The system cannot find the file specified.
File name: 'Microsoft.Bcl.AsyncInterfaces, Culture=neutral, PublicKeyToken=null'
   at System.Reflection.RuntimeAssembly.InternalLoad(AssemblyName assemblyName, StackCrawlMark& stackMark, AssemblyLoadContext assemblyLoadContext, RuntimeAssembly requestingAssembly, Boolean throwOnFileNotFound)
   at System.Reflection.Assembly.Load(AssemblyName assemblyRef)
   at Microsoft.VisualStudio.TestPlatform.Common.ExtensionFramework.TestPluginCache.CurrentDomainAssemblyResolve(Object sender, AssemblyResolveEventArgs args)
   at System.Runtime.Loader.AssemblyLoadContext.GetFirstResolvedAssemblyFromResolvingEvent(AssemblyName assemblyName)
   at System.Runtime.Loader.AssemblyLoadContext.ResolveUsingEvent(AssemblyName assemblyName)
   at System.Runtime.Loader.AssemblyLoadContext.ResolveUsingResolvingEvent(IntPtr gchManagedAssemblyLoadContext, AssemblyName assemblyName)
TpTrace Warning: 0 : 30972, 1, 2023/04/06, 11:14:32.226, 7868490487098, vstest.console.dll, LoaderExceptions: System.IO.FileNotFoundException: Could not load file or assembly 'Microsoft.Bcl.AsyncInterfaces, Version=1.0.0.0, Culture=neutral, PublicKeyToken=cc7b13ffcd2ddd51'. The system cannot find the file specified.
File name: 'Microsoft.Bcl.AsyncInterfaces, Version=1.0.0.0, Culture=neutral, PublicKeyToken=cc7b13ffcd2ddd51'
 ---> System.IO.FileNotFoundException: Could not load file or assembly 'Microsoft.Bcl.AsyncInterfaces, Culture=neutral, PublicKeyToken=null'. The system cannot find the file specified.
File name: 'Microsoft.Bcl.AsyncInterfaces, Culture=neutral, PublicKeyToken=null'
   at System.Reflection.RuntimeAssembly.InternalLoad(AssemblyName assemblyName, StackCrawlMark& stackMark, AssemblyLoadContext assemblyLoadContext, RuntimeAssembly requestingAssembly, Boolean throwOnFileNotFound)
   at System.Reflection.Assembly.Load(AssemblyName assemblyRef)
   at Microsoft.VisualStudio.TestPlatform.Common.ExtensionFramework.TestPluginCache.CurrentDomainAssemblyResolve(Object sender, AssemblyResolveEventArgs args)
   at System.Runtime.Loader.AssemblyLoadContext.GetFirstResolvedAssemblyFromResolvingEvent(AssemblyName assemblyName)
   at System.Runtime.Loader.AssemblyLoadContext.ResolveUsingEvent(AssemblyName assemblyName)
   at System.Runtime.Loader.AssemblyLoadContext.ResolveUsingResolvingEvent(IntPtr gchManagedAssemblyLoadContext, AssemblyName assemblyName)
TpTrace Verbose: 0 : 30972, 1, 2023/04/06, 11:14:32.226, 7868490487875, vstest.console.dll, MetadataReaderExtensionsHelper: Discovering extensions inside assembly 'Microsoft.TestPlatform.Extensions.BlameDataCollector, Version=15.0.0.0, Culture=neutral, PublicKeyToken=b03f5f7f11d50a3a' file path 'C:\Program Files\dotnet\sdk\7.0.202\Extensions\Microsoft.TestPlatform.Extensions.BlameDataCollector.dll'
TpTrace Information: 0 : 30972, 1, 2023/04/06, 11:14:32.227, 7868490494468, vstest.console.dll, GetTestExtensionFromType: Register extension with identifier data 'logger://Microsoft/TestPlatform/Extensions/Blame/v1' and type 'Microsoft.TestPlatform.Extensions.BlameDataCollector.BlameLogger, Microsoft.TestPlatform.Extensions.BlameDataCollector, Version=15.0.0.0, Culture=neutral, PublicKeyToken=b03f5f7f11d50a3a' inside file 'C:\Program Files\dotnet\sdk\7.0.202\Extensions\Microsoft.TestPlatform.Extensions.BlameDataCollector.dll'
TpTrace Verbose: 0 : 30972, 1, 2023/04/06, 11:14:32.227, 7868490495426, vstest.console.dll, MetadataReaderExtensionsHelper: Discovering extensions inside assembly 'Microsoft.TestPlatform.Extensions.EventLogCollector, Version=15.0.0.0, Culture=neutral, PublicKeyToken=b03f5f7f11d50a3a' file path 'C:\Program Files\dotnet\sdk\7.0.202\Extensions\Microsoft.TestPlatform.Extensions.EventLogCollector.dll'
TpTrace Verbose: 0 : 30972, 1, 2023/04/06, 11:14:32.228, 7868490499313, vstest.console.dll, MetadataReaderExtensionsHelper: Discovering extensions inside assembly 'Microsoft.TestPlatform.TestHostRuntimeProvider, Version=15.0.0.0, Culture=neutral, PublicKeyToken=b03f5f7f11d50a3a' file path 'C:\Program Files\dotnet\sdk\7.0.202\Extensions\Microsoft.TestPlatform.TestHostRuntimeProvider.dll'
TpTrace Verbose: 0 : 30972, 1, 2023/04/06, 11:14:32.228, 7868490502934, vstest.console.dll, MetadataReaderExtensionsHelper: Discovering extensions inside assembly 'Microsoft.VisualStudio.TestPlatform.Extensions.Html.TestLogger, Version=15.0.0.0, Culture=neutral, PublicKeyToken=b03f5f7f11d50a3a' file path 'C:\Program Files\dotnet\sdk\7.0.202\Extensions\Microsoft.VisualStudio.TestPlatform.Extensions.Html.TestLogger.dll'
TpTrace Information: 0 : 30972, 1, 2023/04/06, 11:14:32.229, 7868490509358, vstest.console.dll, GetTestExtensionFromType: Register extension with identifier data 'logger://Microsoft/TestPlatform/HtmlLogger/v1' and type 'Microsoft.VisualStudio.TestPlatform.Extensions.HtmlLogger.HtmlLogger, Microsoft.VisualStudio.TestPlatform.Extensions.Html.TestLogger, Version=15.0.0.0, Culture=neutral, PublicKeyToken=b03f5f7f11d50a3a' inside file 'C:\Program Files\dotnet\sdk\7.0.202\Extensions\Microsoft.VisualStudio.TestPlatform.Extensions.Html.TestLogger.dll'
TpTrace Verbose: 0 : 30972, 1, 2023/04/06, 11:14:32.229, 7868490510246, vstest.console.dll, MetadataReaderExtensionsHelper: Discovering extensions inside assembly 'Microsoft.VisualStudio.TestPlatform.Extensions.Trx.TestLogger, Version=15.0.0.0, Culture=neutral, PublicKeyToken=b03f5f7f11d50a3a' file path 'C:\Program Files\dotnet\sdk\7.0.202\Extensions\Microsoft.VisualStudio.TestPlatform.Extensions.Trx.TestLogger.dll'
TpTrace Information: 0 : 30972, 1, 2023/04/06, 11:14:32.229, 7868490516233, vstest.console.dll, GetTestExtensionFromType: Register extension with identifier data 'logger://Microsoft/TestPlatform/TrxLogger/v1' and type 'Microsoft.VisualStudio.TestPlatform.Extensions.TrxLogger.TrxLogger, Microsoft.VisualStudio.TestPlatform.Extensions.Trx.TestLogger, Version=15.0.0.0, Culture=neutral, PublicKeyToken=b03f5f7f11d50a3a' inside file 'C:\Program Files\dotnet\sdk\7.0.202\Extensions\Microsoft.VisualStudio.TestPlatform.Extensions.Trx.TestLogger.dll'
TpTrace Verbose: 0 : 30972, 1, 2023/04/06, 11:14:32.229, 7868490517187, vstest.console.dll, TestPluginCache: Discovered the extensions using extension path ''.
TpTrace Verbose: 0 : 30972, 1, 2023/04/06, 11:14:32.229, 7868490517560, vstest.console.dll, TestPluginCache: Discoverers are ''.
TpTrace Verbose: 0 : 30972, 1, 2023/04/06, 11:14:32.229, 7868490517913, vstest.console.dll, TestPluginCache: Executors are ''.
TpTrace Verbose: 0 : 30972, 1, 2023/04/06, 11:14:32.229, 7868490518109, vstest.console.dll, TestPluginCache: Executors2 are ''.
TpTrace Verbose: 0 : 30972, 1, 2023/04/06, 11:14:32.230, 7868490518302, vstest.console.dll, TestPluginCache: Setting providers are ''.
TpTrace Verbose: 0 : 30972, 1, 2023/04/06, 11:14:32.230, 7868490518936, vstest.console.dll, TestPluginCache: Loggers are 'logger://Microsoft/TestPlatform/Extensions/Blame/v1,logger://Microsoft/TestPlatform/HtmlLogger/v1,logger://Microsoft/TestPlatform/TrxLogger/v1'.
TpTrace Verbose: 0 : 30972, 1, 2023/04/06, 11:14:32.230, 7868490519234, vstest.console.dll, TestPluginCache: TestHosts are 'HostProvider://DefaultTestHost,HostProvider://DotnetTestHost'.
TpTrace Verbose: 0 : 30972, 1, 2023/04/06, 11:14:32.230, 7868490519474, vstest.console.dll, TestPluginCache: DataCollectors are ''.
TpTrace Information: 0 : 30972, 1, 2023/04/06, 11:14:32.230, 7868490527892, vstest.console.dll, TestPluginManager.CreateTestExtension: Attempting to load test extension: Microsoft.TestPlatform.Extensions.BlameDataCollector.BlameLogger
TpTrace Verbose: 0 : 30972, 1, 2023/04/06, 11:14:32.238, 7868490603968, vstest.console.dll, TestEngine: Initializing Parallel Execution as MaxCpuCount is set to: 1
TpTrace Information: 0 : 30972, 1, 2023/04/06, 11:14:32.239, 7868490618008, vstest.console.dll, TestPluginManager.CreateTestExtension: Attempting to load test extension: Microsoft.VisualStudio.TestPlatform.CrossPlatEngine.Hosting.DefaultTestHostManager
TpTrace Information: 0 : 30972, 1, 2023/04/06, 11:14:32.241, 7868490633072, vstest.console.dll, TestPluginManager.CreateTestExtension: Attempting to load test extension: Microsoft.VisualStudio.TestPlatform.CrossPlatEngine.Hosting.DotnetTestHostManager
TpTrace Information: 0 : 30972, 1, 2023/04/06, 11:14:32.241, 7868490638058, vstest.console.dll, InferRunSettingsHelper.IsTestSettingsEnabled: Unable to navigate to RunSettings/MSTest. Current node: RunSettings
TpTrace Verbose: 0 : 30972, 1, 2023/04/06, 11:14:32.245, 7868490669386, vstest.console.dll, TestEngine.GetExecutionManager: Chosen execution manager 'Microsoft.VisualStudio.TestPlatform.CrossPlatEngine.Client.Parallel.ParallelProxyExecutionManager, Microsoft.TestPlatform.CrossPlatEngine, Version=15.0.0.0, Culture=neutral, PublicKeyToken=b03f5f7f11d50a3a' ParallelLevel '1'.
TpTrace Verbose: 0 : 30972, 1, 2023/04/06, 11:14:32.245, 7868490670559, vstest.console.dll, TestRunRequest.ExecuteAsync: Creating test run request.
TpTrace Verbose: 0 : 30972, 1, 2023/04/06, 11:14:32.245, 7868490672307, vstest.console.dll, TestRunRequest.ExecuteAsync: Starting.
TpTrace Information: 0 : 30972, 1, 2023/04/06, 11:14:32.245, 7868490674945, vstest.console.dll, TestRunRequest.ExecuteAsync: Starting run with settings:TestRunCriteria:
   KeepAlive=False,FrequencyOfRunStatsChangeEvent=10,RunStatsChangeEventTimeout=00:00:01.5000000,TestCaseFilter=,TestExecutorLauncher=
   Settingsxml=<RunSettings>
  <RunConfiguration>
    <ResultsDirectory>C:\Users\bboboc\source\repos\ExcelSheetColumnLetterToColumnNumber\ExcelSheetTest\bin\Debug\net6.0\fine-code-coverage\coverage-tool-output</ResultsDirectory>
    <TargetPlatform>X64</TargetPlatform>
    <TargetFrameworkVersion>.NETCoreApp,Version=v6.0</TargetFrameworkVersion>
    <DesignMode>False</DesignMode>
    <CollectSourceInformation>False</CollectSourceInformation>
  </RunConfiguration>
  <LoggerRunSettings>
    <Loggers>
      <Logger friendlyName="blame" enabled="True" />
      <Logger friendlyName="Console" uri="logger://microsoft/TestPlatform/ConsoleLogger/v1" assemblyQualifiedName="Microsoft.VisualStudio.TestPlatform.CommandLine.Internal.ConsoleLogger, vstest.console, Version=15.0.0.0, Culture=neutral, PublicKeyToken=b03f5f7f11d50a3a" codeBase="C:\Program Files\dotnet\sdk\7.0.202\vstest.console.dll" enabled="True" />
    </Loggers>
  </LoggerRunSettings>
  <DataCollectionRunSettings>
    <DataCollectors>
      <DataCollector friendlyName="blame" enabled="True">
        <Configuration>
          <ResultsDirectory>C:\Users\bboboc\source\repos\ExcelSheetColumnLetterToColumnNumber\ExcelSheetTest\bin\Debug\net6.0\fine-code-coverage\coverage-tool-output</ResultsDirectory>
        </Configuration>
      </DataCollector>
    </DataCollectors>
  </DataCollectionRunSettings>
</RunSettings>

TpTrace Verbose: 0 : 30972, 1, 2023/04/06, 11:14:32.245, 7868490675441, vstest.console.dll, TestRunRequest.ExecuteAsync: Wait for the first run request is over.
TpTrace Verbose: 0 : 30972, 1, 2023/04/06, 11:14:32.245, 7868490677426, vstest.console.dll, MulticastDelegateUtilities.SafeInvoke: TestRun.TestRunStart: Invoking callbacks was skipped because there are no subscribers.
TpTrace Verbose: 0 : 30972, 4, 2023/04/06, 11:14:32.246, 7868490679385, vstest.console.dll, MulticastDelegateUtilities.SafeInvoke: InternalTestLoggerEvents.SendTestRunStart: Invoking callback 1/1 for Microsoft.VisualStudio.TestPlatform.CommandLine.Internal.ConsoleLogger., took 0 ms.
TpTrace Verbose: 0 : 30972, 1, 2023/04/06, 11:14:32.246, 7868490685911, vstest.console.dll, ParallelProxyExecutionManager: Start execution. Total sources: 1
TpTrace Verbose: 0 : 30972, 1, 2023/04/06, 11:14:32.247, 7868490697050, vstest.console.dll, TestRequestSender is acting as server.
TpTrace Verbose: 0 : 30972, 1, 2023/04/06, 11:14:32.248, 7868490707047, vstest.console.dll, DataCollectionRequestSender.InitializeCommunication : Initialize communication. 
TpTrace Information: 0 : 30972, 1, 2023/04/06, 11:14:32.255, 7868490771596, vstest.console.dll, Listening on Endpoint : 127.0.0.1:54053
TpTrace Verbose: 0 : 30972, 1, 2023/04/06, 11:14:32.261, 7868490829860, vstest.console.dll, DotnetDataCollectionLauncher: Adding  --runtimeconfig "C:\Program Files\dotnet\sdk\7.0.202\datacollector.runtimeconfig.json" in args
TpTrace Verbose: 0 : 30972, 1, 2023/04/06, 11:14:32.261, 7868490831291, vstest.console.dll, DotnetDataCollectionLauncher: Adding  --depsfile "C:\Program Files\dotnet\sdk\7.0.202\datacollector.deps.json" in args
TpTrace Verbose: 0 : 30972, 1, 2023/04/06, 11:14:32.261, 7868490833376, vstest.console.dll, DotnetDataCollectionLauncher: Full path of dotnet.exe is C:\Program Files\dotnet\dotnet.exe
TpTrace Information: 0 : 30972, 1, 2023/04/06, 11:14:32.295, 7868491172107, vstest.console.dll, ProxyDataCollectionManager.Initialize: Launched datacollector processId: 24180 port: 54053
TpTrace Information: 0 : 30972, 1, 2023/04/06, 11:14:32.295, 7868491173883, vstest.console.dll, ProxyDataCollectionManager.Initialize: waiting for connection with timeout: 90 seconds
TpTrace Verbose: 0 : 30972, 1, 2023/04/06, 11:14:32.295, 7868491174825, vstest.console.dll, DataCollectionRequestSender.WaitForRequestHandlerConnection : Waiting for connection with timeout: 90000
TpTrace Information: 0 : 30972, 7, 2023/04/06, 11:14:32.482, 7868493047719, vstest.console.dll, Using the buffer size of 16384 bytes
TpTrace Verbose: 0 : 30972, 1, 2023/04/06, 11:14:32.482, 7868493047780, vstest.console.dll, SocketCommunicationManager.WaitForClientConnection took: 187 ms, with 90000 ms timeout, and finished with True.
TpTrace Information: 0 : 30972, 7, 2023/04/06, 11:14:32.483, 7868493049163, vstest.console.dll, Accepted Client request and set the flag
TpTrace Verbose: 0 : 30972, 1, 2023/04/06, 11:14:32.483, 7868493050286, vstest.console.dll, ProxyDataCollectionManager.InvokeDataCollectionServiceAction: Starting.
TpTrace Information: 0 : 30972, 1, 2023/04/06, 11:14:32.483, 7868493050870, vstest.console.dll, ProxyDataCollectionManager.BeforeTestRunStart: Get environment variable and port for datacollector processId: 24180 port: 54053
TpTrace Verbose: 0 : 30972, 1, 2023/04/06, 11:14:32.483, 7868493051774, vstest.console.dll, DataCollectionRequestSender.SendBeforeTestRunStartAndGetResult: Send BeforeTestRunStart message with settingsXml <RunSettings><RunConfiguration><ResultsDirectory>C:\Users\bboboc\source\repos\ExcelSheetColumnLetterToColumnNumber\ExcelSheetTest\bin\Debug\net6.0\fine-code-coverage\coverage-tool-output</ResultsDirectory><TargetPlatform>X64</TargetPlatform><TargetFrameworkVersion>.NETCoreApp,Version=v6.0</TargetFrameworkVersion><DesignMode>False</DesignMode><CollectSourceInformation>False</CollectSourceInformation><TestAdaptersPaths>C:\Program Files\dotnet\sdk\7.0.202\Extensions</TestAdaptersPaths></RunConfiguration><LoggerRunSettings><Loggers><Logger friendlyName="blame" enabled="True" /><Logger friendlyName="Console" uri="logger://microsoft/TestPlatform/ConsoleLogger/v1" assemblyQualifiedName="Microsoft.VisualStudio.TestPlatform.CommandLine.Internal.ConsoleLogger, vstest.console, Version=15.0.0.0, Culture=neutral, PublicKeyToken=b03f5f7f11d50a3a" codeBase="C:\Program Files\dotnet\sdk\7.0.202\vstest.console.dll" enabled="True" /></Loggers></LoggerRunSettings><DataCollectionRunSettings><DataCollectors><DataCollector friendlyName="blame" enabled="True"><Configuration><ResultsDirectory>C:\Users\bboboc\source\repos\ExcelSheetColumnLetterToColumnNumber\ExcelSheetTest\bin\Debug\net6.0\fine-code-coverage\coverage-tool-output</ResultsDirectory></Configuration></DataCollector></DataCollectors></DataCollectionRunSettings></RunSettings> and sources System.Collections.Generic.List`1[System.String]: 
TpTrace Verbose: 0 : 30972, 1, 2023/04/06, 11:14:32.555, 7868493774328, vstest.console.dll, DataCollectionRequestSender.SendBeforeTestRunStartAndGetResult: Received message: (DataCollection.SendMessage) -> {"MessageType":"DataCollection.SendMessage","Payload":{"FriendlyName":null,"Uri":null,"TestCaseId":"00000000-0000-0000-0000-000000000000","Message":"Logging DataCollector Diagnostics in file: C:\\Users\\bboboc\\source\\repos\\ExcelSheetColumnLetterToColumnNumber\\ExcelSheetTest\\bin\\Debug\\net6.0\\fine-code-coverage\\coverage-tool-output\\diagnostics.datacollector.23-04-06_11-14-32_26089_1.log","Level":0}}
TpTrace Verbose: 0 : 30972, 1, 2023/04/06, 11:14:32.625, 7868494470842, vstest.console.dll, DataCollectionRequestSender.SendBeforeTestRunStartAndGetResult: Received message: (DataCollection.BeforeTestRunStartResult) -> {"MessageType":"DataCollection.BeforeTestRunStartResult","Payload":{"EnvironmentVariables":{},"DataCollectionEventsPort":54055}}
TpTrace Information: 0 : 30972, 1, 2023/04/06, 11:14:32.628, 7868494508015, vstest.console.dll, ProxyDataCollectionManager.BeforeTestRunStart: SendBeforeTestRunStartAndGetResult successful, env variable from datacollector:   and testhost port: 54055
TpTrace Information: 0 : 30972, 1, 2023/04/06, 11:14:32.629, 7868494509216, vstest.console.dll, ProxyDataCollectionManager.InvokeDataCollectionServiceAction: Completed.
TpTrace Verbose: 0 : 30972, 1, 2023/04/06, 11:14:32.629, 7868494510912, vstest.console.dll, ProxyParallelExecutionManager: No sources available for execution.
TpTrace Verbose: 0 : 30972, 7, 2023/04/06, 11:14:32.629, 7868494511038, vstest.console.dll, ParallelProxyExecutionManager: Execution started. Started clients: 1
TpTrace Information: 0 : 30972, 1, 2023/04/06, 11:14:32.629, 7868494511618, vstest.console.dll, TestRunRequest.ExecuteAsync: Started.
TpTrace Verbose: 0 : 30972, 1, 2023/04/06, 11:14:32.629, 7868494513427, vstest.console.dll, TestRunRequest.WaitForCompletion: Waiting with timeout -1.
TpTrace Verbose: 0 : 30972, 7, 2023/04/06, 11:14:32.629, 7868494514267, vstest.console.dll, TestRunRequest:SendTestRunMessage: Starting.
TpTrace Verbose: 0 : 30972, 7, 2023/04/06, 11:14:32.629, 7868494516180, vstest.console.dll, MulticastDelegateUtilities.SafeInvoke: TestRun.LogMessages: Invoking callback 1/1 for Microsoft.VisualStudio.TestPlatform.CommandLine.TestRunResultAggregator., took 0 ms.
TpTrace Information: 0 : 30972, 7, 2023/04/06, 11:14:32.629, 7868494516618, vstest.console.dll, TestRunRequest:SendTestRunMessage: Completed.
TpTrace Verbose: 0 : 30972, 4, 2023/04/06, 11:14:32.629, 7868494517792, vstest.console.dll, MulticastDelegateUtilities.SafeInvoke: InternalTestLoggerEvents.SendTestRunMessage: Invoking callback 1/1 for Microsoft.VisualStudio.TestPlatform.CommandLine.Internal.ConsoleLogger., took 0 ms.
TpTrace Verbose: 0 : 30972, 7, 2023/04/06, 11:14:32.629, 7868494517971, vstest.console.dll, ProxyExecutionManager: Test host is always Lazy initialize.
TpTrace Verbose: 0 : 30972, 7, 2023/04/06, 11:14:32.630, 7868494521478, vstest.console.dll, TestRequestSender.InitializeCommunication: initialize communication. 
TpTrace Information: 0 : 30972, 7, 2023/04/06, 11:14:32.630, 7868494526217, vstest.console.dll, SocketServer.Start: Listening on endpoint : 127.0.0.1:54056
TpTrace Verbose: 0 : 30972, 7, 2023/04/06, 11:14:32.631, 7868494533023, vstest.console.dll, DotnetTestHostmanager.GetTestHostProcessStartInfo: Platform environment 'X64' target architecture 'X64' framework '.NETCoreApp,Version=v6.0' OS 'Windows'
TpTrace Verbose: 0 : 30972, 7, 2023/04/06, 11:14:32.631, 7868494535574, vstest.console.dll, DotnetTestHostmanager: Adding  --runtimeconfig "C:\Users\bboboc\source\repos\ExcelSheetColumnLetterToColumnNumber\ExcelSheetTest\bin\Debug\net6.0\fine-code-coverage\build-output\ExcelSheetTest.runtimeconfig.json" in args
TpTrace Verbose: 0 : 30972, 7, 2023/04/06, 11:14:32.631, 7868494536668, vstest.console.dll, DotnetTestHostmanager: Adding  --depsfile "C:\Users\bboboc\source\repos\ExcelSheetColumnLetterToColumnNumber\ExcelSheetTest\bin\Debug\net6.0\fine-code-coverage\build-output\ExcelSheetTest.deps.json" in args
TpTrace Verbose: 0 : 30972, 7, 2023/04/06, 11:14:32.632, 7868494538293, vstest.console.dll, DotnetTestHostmanager.IsWinOnArm: Current PROCESSOR_ARCHITECTURE from environment variable 'AMD64'
TpTrace Verbose: 0 : 30972, 7, 2023/04/06, 11:14:32.632, 7868494538721, vstest.console.dll, DotnetTestHostmanager.IsWinOnArm: Is Windows on ARM 'False'
TpTrace Verbose: 0 : 30972, 7, 2023/04/06, 11:14:32.632, 7868494539473, vstest.console.dll, DotnetTestHostManager: testhost.exe found at path: C:\Users\bboboc\source\repos\ExcelSheetColumnLetterToColumnNumber\ExcelSheetTest\bin\Debug\net6.0\fine-code-coverage\build-output\testhost.exe
TpTrace Verbose: 0 : 30972, 7, 2023/04/06, 11:14:32.632, 7868494539782, vstest.console.dll, DotnetTestHostmanager: Full path of host exe is C:\Users\bboboc\source\repos\ExcelSheetColumnLetterToColumnNumber\ExcelSheetTest\bin\Debug\net6.0\fine-code-coverage\build-output\testhost.exe
TpTrace Verbose: 0 : 30972, 7, 2023/04/06, 11:14:32.632, 7868494540706, vstest.console.dll, DotnetTestHostmanager.LaunchTestHostAsync: Found 'VSTEST_WINAPPHOST_DOTNET_ROOT' in env variables, value 'C:\Program Files\dotnet', forwarding to 'DOTNET_ROOT'
TpTrace Verbose: 0 : 30972, 7, 2023/04/06, 11:14:32.632, 7868494541820, vstest.console.dll, DotnetTestHostManager: Starting process 'C:\Users\bboboc\source\repos\ExcelSheetColumnLetterToColumnNumber\ExcelSheetTest\bin\Debug\net6.0\fine-code-coverage\build-output\testhost.exe' with command line ' --runtimeconfig "C:\Users\bboboc\source\repos\ExcelSheetColumnLetterToColumnNumber\ExcelSheetTest\bin\Debug\net6.0\fine-code-coverage\build-output\ExcelSheetTest.runtimeconfig.json" --depsfile "C:\Users\bboboc\source\repos\ExcelSheetColumnLetterToColumnNumber\ExcelSheetTest\bin\Debug\net6.0\fine-code-coverage\build-output\ExcelSheetTest.deps.json" --port 54056 --endpoint 127.0.0.1:054056 --role client --parentprocessid 30972 --diag "C:\Users\bboboc\source\repos\ExcelSheetColumnLetterToColumnNumber\ExcelSheetTest\bin\Debug\net6.0\fine-code-coverage\coverage-tool-output\diagnostics.host.23-04-06_11-14-32_63117_7.log" --tracelevel 4 --datacollectionport 54055 --telemetryoptedin false'
TpTrace Verbose: 0 : 30972, 7, 2023/04/06, 11:14:32.663, 7868494856177, vstest.console.dll, MulticastDelegateUtilities.SafeInvoke: HostProviderEvents.OnHostLaunched: Invoking callback 1/2 for Microsoft.VisualStudio.TestPlatform.CrossPlatEngine.Client.ProxyExecutionManagerWithDataCollection., took 1 ms.
TpTrace Verbose: 0 : 30972, 7, 2023/04/06, 11:14:32.664, 7868494858977, vstest.console.dll, Test Runtime launched
TpTrace Verbose: 0 : 30972, 7, 2023/04/06, 11:14:32.664, 7868494859792, vstest.console.dll, MulticastDelegateUtilities.SafeInvoke: HostProviderEvents.OnHostLaunched: Invoking callback 2/2 for Microsoft.VisualStudio.TestPlatform.CrossPlatEngine.Client.ProxyOperationManager., took 0 ms.
TpTrace Verbose: 0 : 30972, 7, 2023/04/06, 11:14:32.664, 7868494861300, vstest.console.dll, TestRequestSender.WaitForRequestHandlerConnection: waiting for connection with timeout: 90000.
TpTrace Verbose: 0 : 30972, 7, 2023/04/06, 11:14:32.857, 7868496794972, vstest.console.dll, TestRequestSender.WaitForRequestHandlerConnection: waiting took 193 ms, with timeout 90000 ms, and result 0, which is success.
TpTrace Verbose: 0 : 30972, 12, 2023/04/06, 11:14:32.857, 7868496794971, vstest.console.dll, MulticastDelegateUtilities.SafeInvoke: SocketServer: ClientConnected: Invoking callback 1/1 for Microsoft.VisualStudio.TestPlatform.CommunicationUtilities.TestRequestSender., took 0 ms.
TpTrace Verbose: 0 : 30972, 12, 2023/04/06, 11:14:32.858, 7868496798348, vstest.console.dll, SocketServer.OnClientConnected: Client connected for endPoint: 127.0.0.1:54056, starting MessageLoopAsync:
TpTrace Verbose: 0 : 30972, 13, 2023/04/06, 11:14:32.858, 7868496800865, vstest.console.dll, TcpClientExtensions.MessageLoopAsync: Polling on remoteEndPoint: 127.0.0.1:54057 localEndPoint: 127.0.0.1:54056
TpTrace Verbose: 0 : 30972, 7, 2023/04/06, 11:14:32.858, 7868496804988, vstest.console.dll, TestRequestSender.CheckVersionWithTestHost: Sending check version message: {"MessageType":"ProtocolVersion","Payload":7}
TpTrace Verbose: 0 : 30972, 13, 2023/04/06, 11:14:32.967, 7868497890170, vstest.console.dll, TcpClientExtensions.MessageLoopAsync: NotifyDataAvailable remoteEndPoint: 127.0.0.1:54057 localEndPoint: 127.0.0.1:54056
TpTrace Verbose: 0 : 30972, 13, 2023/04/06, 11:14:32.967, 7868497892616, vstest.console.dll, TestRequestSender.CheckVersionWithTestHost: onMessageReceived received message: (ProtocolVersion) -> {"MessageType":"ProtocolVersion","Payload":5}
TpTrace Verbose: 0 : 30972, 13, 2023/04/06, 11:14:32.968, 7868497899308, vstest.console.dll, MulticastDelegateUtilities.SafeInvoke: LengthPrefixCommunicationChannel: MessageReceived: Invoking callback 1/1 for Microsoft.VisualStudio.TestPlatform.CommunicationUtilities.TestRequestSender+<>c__DisplayClass29_0., took 0 ms.
TpTrace Verbose: 0 : 30972, 13, 2023/04/06, 11:14:32.968, 7868497900225, vstest.console.dll, TcpClientExtensions.MessageLoopAsync: Polling on remoteEndPoint: 127.0.0.1:54057 localEndPoint: 127.0.0.1:54056
TpTrace Verbose: 0 : 30972, 7, 2023/04/06, 11:14:32.968, 7868497900865, vstest.console.dll, TestPluginCache.GetExtensionPaths: Filtered extension paths: 
TpTrace Verbose: 0 : 30972, 7, 2023/04/06, 11:14:32.968, 7868497901491, vstest.console.dll, TestPluginCache.GetExtensionPaths: Added default extension paths: C:\Program Files\dotnet\sdk\7.0.202\Extensions\Microsoft.Diagnostics.NETCore.Client.dll
C:\Program Files\dotnet\sdk\7.0.202\Extensions\Microsoft.TestPlatform.Extensions.BlameDataCollector.dll
C:\Program Files\dotnet\sdk\7.0.202\Extensions\Microsoft.TestPlatform.Extensions.EventLogCollector.dll
C:\Program Files\dotnet\sdk\7.0.202\Extensions\Microsoft.TestPlatform.TestHostRuntimeProvider.dll
C:\Program Files\dotnet\sdk\7.0.202\Extensions\Microsoft.VisualStudio.TestPlatform.Extensions.Html.TestLogger.dll
C:\Program Files\dotnet\sdk\7.0.202\Extensions\Microsoft.VisualStudio.TestPlatform.Extensions.Trx.TestLogger.dll
TpTrace Verbose: 0 : 30972, 7, 2023/04/06, 11:14:32.968, 7868497901752, vstest.console.dll, TestPluginCache.GetExtensionPaths: Added unfilterableExtensionPaths: 
TpTrace Verbose: 0 : 30972, 7, 2023/04/06, 11:14:32.971, 7868497933284, vstest.console.dll, TestRequestSender.InitializeExecution: Sending initialize execution with message: {"Version":5,"MessageType":"TestExecution.Initialize","Payload":["C:\\Users\\bboboc\\source\\repos\\ExcelSheetColumnLetterToColumnNumber\\ExcelSheetTest\\bin\\Debug\\net6.0\\fine-code-coverage\\build-output\\xunit.runner.visualstudio.dotnetcore.testadapter.dll"]}
TpTrace Warning: 0 : 30972, 7, 2023/04/06, 11:14:32.972, 7868497938831, vstest.console.dll, InferRunSettingsHelper.MakeRunsettingsCompatible: Removing the following settings: TargetPlatform from RunSettings file. To use those settings please move to latest version of Microsoft.NET.Test.Sdk
TpTrace Verbose: 0 : 30972, 13, 2023/04/06, 11:14:32.975, 7868497968748, vstest.console.dll, TcpClientExtensions.MessageLoopAsync: NotifyDataAvailable remoteEndPoint: 127.0.0.1:54057 localEndPoint: 127.0.0.1:54056
TpTrace Verbose: 0 : 30972, 13, 2023/04/06, 11:14:32.975, 7868497971664, vstest.console.dll, TestRequestSender.OnExecutionMessageReceived: Received message: {"Version":5,"MessageType":"TestSession.Message","Payload":{"MessageLevel":0,"Message":"Logging TestHost Diagnostics in file: C:\\Users\\bboboc\\source\\repos\\ExcelSheetColumnLetterToColumnNumber\\ExcelSheetTest\\bin\\Debug\\net6.0\\fine-code-coverage\\coverage-tool-output\\diagnostics.host.23-04-06_11-14-32_63117_7.log"}}
TpTrace Verbose: 0 : 30972, 7, 2023/04/06, 11:14:32.976, 7868497986384, vstest.console.dll, TestRequestSender.StartTestRun: Sending test run with message: {"Version":5,"MessageType":"TestExecution.StartWithSources","Payload":{"AdapterSourceMap":{"_none_":["C:\\Users\\bboboc\\source\\repos\\ExcelSheetColumnLetterToColumnNumber\\ExcelSheetTest\\bin\\Debug\\net6.0\\fine-code-coverage\\build-output\\ExcelSheetTest.dll"]},"RunSettings":"<RunSettings>\r\n  <RunConfiguration>\r\n    <ResultsDirectory>C:\\Users\\bboboc\\source\\repos\\ExcelSheetColumnLetterToColumnNumber\\ExcelSheetTest\\bin\\Debug\\net6.0\\fine-code-coverage\\coverage-tool-output</ResultsDirectory>\r\n    <TargetFrameworkVersion>.NETCoreApp,Version=v6.0</TargetFrameworkVersion>\r\n    <DesignMode>False</DesignMode>\r\n    <CollectSourceInformation>False</CollectSourceInformation>\r\n  </RunConfiguration>\r\n  <LoggerRunSettings>\r\n    <Loggers>\r\n      <Logger friendlyName=\"blame\" enabled=\"True\" />\r\n      <Logger friendlyName=\"Console\" uri=\"logger://microsoft/TestPlatform/ConsoleLogger/v1\" assemblyQualifiedName=\"Microsoft.VisualStudio.TestPlatform.CommandLine.Internal.ConsoleLogger, vstest.console, Version=15.0.0.0, Culture=neutral, PublicKeyToken=b03f5f7f11d50a3a\" codeBase=\"C:\\Program Files\\dotnet\\sdk\\7.0.202\\vstest.console.dll\" enabled=\"True\" />\r\n    </Loggers>\r\n  </LoggerRunSettings>\r\n  <DataCollectionRunSettings>\r\n    <DataCollectors>\r\n      <DataCollector friendlyName=\"blame\" enabled=\"True\">\r\n        <Configuration>\r\n          <ResultsDirectory>C:\\Users\\bboboc\\source\\repos\\ExcelSheetColumnLetterToColumnNumber\\ExcelSheetTest\\bin\\Debug\\net6.0\\fine-code-coverage\\coverage-tool-output</ResultsDirectory>\r\n        </Configuration>\r\n      </DataCollector>\r\n    </DataCollectors>\r\n  </DataCollectionRunSettings>\r\n</RunSettings>","TestExecutionContext":{"FrequencyOfRunStatsChangeEvent":10,"RunStatsChangeEventTimeout":"00:00:01.5000000","InIsolation":false,"KeepAlive":false,"AreTestCaseLevelEventsRequired":false,"IsDebug":false,"TestCaseFilter":null,"FilterOptions":null},"Package":null}}
TpTrace Verbose: 0 : 30972, 13, 2023/04/06, 11:14:32.976, 7868497988195, vstest.console.dll, TestRunRequest:SendTestRunMessage: Starting.
TpTrace Verbose: 0 : 30972, 13, 2023/04/06, 11:14:32.977, 7868497989226, vstest.console.dll, MulticastDelegateUtilities.SafeInvoke: TestRun.LogMessages: Invoking callback 1/1 for Microsoft.VisualStudio.TestPlatform.CommandLine.TestRunResultAggregator., took 0 ms.
TpTrace Information: 0 : 30972, 13, 2023/04/06, 11:14:32.977, 7868497989674, vstest.console.dll, TestRunRequest:SendTestRunMessage: Completed.
TpTrace Verbose: 0 : 30972, 13, 2023/04/06, 11:14:32.977, 7868497990035, vstest.console.dll, MulticastDelegateUtilities.SafeInvoke: LengthPrefixCommunicationChannel: MessageReceived: Invoking callback 1/1 for Microsoft.VisualStudio.TestPlatform.CommunicationUtilities.TestRequestSender+<>c__DisplayClass34_0., took 1 ms.
TpTrace Verbose: 0 : 30972, 13, 2023/04/06, 11:14:32.977, 7868497990387, vstest.console.dll, TcpClientExtensions.MessageLoopAsync: Polling on remoteEndPoint: 127.0.0.1:54057 localEndPoint: 127.0.0.1:54056
TpTrace Verbose: 0 : 30972, 4, 2023/04/06, 11:14:32.977, 7868497990446, vstest.console.dll, MulticastDelegateUtilities.SafeInvoke: InternalTestLoggerEvents.SendTestRunMessage: Invoking callback 1/1 for Microsoft.VisualStudio.TestPlatform.CommandLine.Internal.ConsoleLogger., took 0 ms.
TpTrace Verbose: 0 : 30972, 13, 2023/04/06, 11:14:33.092, 7868499144675, vstest.console.dll, TcpClientExtensions.MessageLoopAsync: NotifyDataAvailable remoteEndPoint: 127.0.0.1:54057 localEndPoint: 127.0.0.1:54056
TpTrace Verbose: 0 : 30972, 13, 2023/04/06, 11:14:33.092, 7868499146716, vstest.console.dll, TestRequestSender.OnExecutionMessageReceived: Received message: {"Version":5,"MessageType":"TestSession.Message","Payload":{"MessageLevel":0,"Message":"[xUnit.net 00:00:00.00] xUnit.net VSTest Adapter v2.4.3+1b45f5407b (64-bit .NET 6.0.15)"}}
TpTrace Verbose: 0 : 30972, 13, 2023/04/06, 11:14:33.093, 7868499148770, vstest.console.dll, TestRunRequest:SendTestRunMessage: Starting.
TpTrace Verbose: 0 : 30972, 13, 2023/04/06, 11:14:33.093, 7868499149320, vstest.console.dll, MulticastDelegateUtilities.SafeInvoke: TestRun.LogMessages: Invoking callback 1/1 for Microsoft.VisualStudio.TestPlatform.CommandLine.TestRunResultAggregator., took 0 ms.
TpTrace Information: 0 : 30972, 13, 2023/04/06, 11:14:33.093, 7868499149631, vstest.console.dll, TestRunRequest:SendTestRunMessage: Completed.
TpTrace Verbose: 0 : 30972, 13, 2023/04/06, 11:14:33.093, 7868499149877, vstest.console.dll, MulticastDelegateUtilities.SafeInvoke: LengthPrefixCommunicationChannel: MessageReceived: Invoking callback 1/1 for Microsoft.VisualStudio.TestPlatform.CommunicationUtilities.TestRequestSender+<>c__DisplayClass34_0., took 0 ms.
TpTrace Verbose: 0 : 30972, 13, 2023/04/06, 11:14:33.093, 7868499150205, vstest.console.dll, TcpClientExtensions.MessageLoopAsync: Polling on remoteEndPoint: 127.0.0.1:54057 localEndPoint: 127.0.0.1:54056
TpTrace Verbose: 0 : 30972, 4, 2023/04/06, 11:14:33.093, 7868499150159, vstest.console.dll, MulticastDelegateUtilities.SafeInvoke: InternalTestLoggerEvents.SendTestRunMessage: Invoking callback 1/1 for Microsoft.VisualStudio.TestPlatform.CommandLine.Internal.ConsoleLogger., took 0 ms.
TpTrace Verbose: 0 : 30972, 13, 2023/04/06, 11:14:33.442, 7868502644945, vstest.console.dll, TcpClientExtensions.MessageLoopAsync: NotifyDataAvailable remoteEndPoint: 127.0.0.1:54057 localEndPoint: 127.0.0.1:54056
TpTrace Verbose: 0 : 30972, 13, 2023/04/06, 11:14:33.442, 7868502647658, vstest.console.dll, TestRequestSender.OnExecutionMessageReceived: Received message: {"Version":5,"MessageType":"TestSession.Message","Payload":{"MessageLevel":0,"Message":"[xUnit.net 00:00:00.35]   Discovering: ExcelSheetTest"}}
TpTrace Verbose: 0 : 30972, 13, 2023/04/06, 11:14:33.443, 7868502649806, vstest.console.dll, TestRunRequest:SendTestRunMessage: Starting.
TpTrace Verbose: 0 : 30972, 13, 2023/04/06, 11:14:33.443, 7868502650895, vstest.console.dll, MulticastDelegateUtilities.SafeInvoke: TestRun.LogMessages: Invoking callback 1/1 for Microsoft.VisualStudio.TestPlatform.CommandLine.TestRunResultAggregator., took 0 ms.
TpTrace Verbose: 0 : 30972, 4, 2023/04/06, 11:14:33.443, 7868502651147, vstest.console.dll, MulticastDelegateUtilities.SafeInvoke: InternalTestLoggerEvents.SendTestRunMessage: Invoking callback 1/1 for Microsoft.VisualStudio.TestPlatform.CommandLine.Internal.ConsoleLogger., took 0 ms.
TpTrace Information: 0 : 30972, 13, 2023/04/06, 11:14:33.443, 7868502651399, vstest.console.dll, TestRunRequest:SendTestRunMessage: Completed.
TpTrace Verbose: 0 : 30972, 13, 2023/04/06, 11:14:33.443, 7868502652897, vstest.console.dll, MulticastDelegateUtilities.SafeInvoke: LengthPrefixCommunicationChannel: MessageReceived: Invoking callback 1/1 for Microsoft.VisualStudio.TestPlatform.CommunicationUtilities.TestRequestSender+<>c__DisplayClass34_0., took 0 ms.
TpTrace Verbose: 0 : 30972, 13, 2023/04/06, 11:14:33.443, 7868502653542, vstest.console.dll, TcpClientExtensions.MessageLoopAsync: Polling on remoteEndPoint: 127.0.0.1:54057 localEndPoint: 127.0.0.1:54056
TpTrace Verbose: 0 : 30972, 13, 2023/04/06, 11:14:33.493, 7868503148426, vstest.console.dll, TcpClientExtensions.MessageLoopAsync: NotifyDataAvailable remoteEndPoint: 127.0.0.1:54057 localEndPoint: 127.0.0.1:54056
TpTrace Verbose: 0 : 30972, 13, 2023/04/06, 11:14:33.493, 7868503150932, vstest.console.dll, TestRequestSender.OnExecutionMessageReceived: Received message: {"Version":5,"MessageType":"TestSession.Message","Payload":{"MessageLevel":0,"Message":"[xUnit.net 00:00:00.40]   Discovered:  ExcelSheetTest"}}
TpTrace Verbose: 0 : 30972, 13, 2023/04/06, 11:14:33.493, 7868503152355, vstest.console.dll, TestRunRequest:SendTestRunMessage: Starting.
TpTrace Verbose: 0 : 30972, 13, 2023/04/06, 11:14:33.493, 7868503152880, vstest.console.dll, MulticastDelegateUtilities.SafeInvoke: TestRun.LogMessages: Invoking callback 1/1 for Microsoft.VisualStudio.TestPlatform.CommandLine.TestRunResultAggregator., took 0 ms.
TpTrace Information: 0 : 30972, 13, 2023/04/06, 11:14:33.493, 7868503153147, vstest.console.dll, TestRunRequest:SendTestRunMessage: Completed.
TpTrace Verbose: 0 : 30972, 4, 2023/04/06, 11:14:33.493, 7868503153281, vstest.console.dll, MulticastDelegateUtilities.SafeInvoke: InternalTestLoggerEvents.SendTestRunMessage: Invoking callback 1/1 for Microsoft.VisualStudio.TestPlatform.CommandLine.Internal.ConsoleLogger., took 0 ms.
TpTrace Verbose: 0 : 30972, 13, 2023/04/06, 11:14:33.493, 7868503153527, vstest.console.dll, MulticastDelegateUtilities.SafeInvoke: LengthPrefixCommunicationChannel: MessageReceived: Invoking callback 1/1 for Microsoft.VisualStudio.TestPlatform.CommunicationUtilities.TestRequestSender+<>c__DisplayClass34_0., took 0 ms.
TpTrace Verbose: 0 : 30972, 13, 2023/04/06, 11:14:33.493, 7868503155492, vstest.console.dll, TcpClientExtensions.MessageLoopAsync: Polling on remoteEndPoint: 127.0.0.1:54057 localEndPoint: 127.0.0.1:54056
TpTrace Verbose: 0 : 30972, 13, 2023/04/06, 11:14:33.495, 7868503168551, vstest.console.dll, TcpClientExtensions.MessageLoopAsync: NotifyDataAvailable remoteEndPoint: 127.0.0.1:54057 localEndPoint: 127.0.0.1:54056
TpTrace Verbose: 0 : 30972, 13, 2023/04/06, 11:14:33.495, 7868503170419, vstest.console.dll, TestRequestSender.OnExecutionMessageReceived: Received message: {"Version":5,"MessageType":"TestSession.Message","Payload":{"MessageLevel":0,"Message":"[xUnit.net 00:00:00.40]   Starting:    ExcelSheetTest"}}
TpTrace Verbose: 0 : 30972, 13, 2023/04/06, 11:14:33.495, 7868503172269, vstest.console.dll, TestRunRequest:SendTestRunMessage: Starting.
TpTrace Verbose: 0 : 30972, 13, 2023/04/06, 11:14:33.495, 7868503173001, vstest.console.dll, MulticastDelegateUtilities.SafeInvoke: TestRun.LogMessages: Invoking callback 1/1 for Microsoft.VisualStudio.TestPlatform.CommandLine.TestRunResultAggregator., took 0 ms.
TpTrace Verbose: 0 : 30972, 4, 2023/04/06, 11:14:33.495, 7868503173242, vstest.console.dll, MulticastDelegateUtilities.SafeInvoke: InternalTestLoggerEvents.SendTestRunMessage: Invoking callback 1/1 for Microsoft.VisualStudio.TestPlatform.CommandLine.Internal.ConsoleLogger., took 0 ms.
TpTrace Information: 0 : 30972, 13, 2023/04/06, 11:14:33.495, 7868503173386, vstest.console.dll, TestRunRequest:SendTestRunMessage: Completed.
TpTrace Verbose: 0 : 30972, 13, 2023/04/06, 11:14:33.495, 7868503174658, vstest.console.dll, MulticastDelegateUtilities.SafeInvoke: LengthPrefixCommunicationChannel: MessageReceived: Invoking callback 1/1 for Microsoft.VisualStudio.TestPlatform.CommunicationUtilities.TestRequestSender+<>c__DisplayClass34_0., took 0 ms.
TpTrace Verbose: 0 : 30972, 13, 2023/04/06, 11:14:33.495, 7868503175097, vstest.console.dll, TcpClientExtensions.MessageLoopAsync: Polling on remoteEndPoint: 127.0.0.1:54057 localEndPoint: 127.0.0.1:54056
TpTrace Verbose: 0 : 30972, 13, 2023/04/06, 11:14:33.630, 7868504518926, vstest.console.dll, TcpClientExtensions.MessageLoopAsync: NotifyDataAvailable remoteEndPoint: 127.0.0.1:54057 localEndPoint: 127.0.0.1:54056
TpTrace Verbose: 0 : 30972, 13, 2023/04/06, 11:14:33.630, 7868504521780, vstest.console.dll, TestRequestSender.OnExecutionMessageReceived: Received message: {"Version":5,"MessageType":"TestExecution.StatsChange","Payload":{"NewTestResults":[{"TestCase":{"Id":"304eb439-9d36-3679-73ca-407d7de74b41","FullyQualifiedName":"ExcelSheetTest.UnitTest1.TestForSingleLetter_ValueIsPredefined_ShouleBeEqual","DisplayName":"ExcelSheetTest.UnitTest1.TestForSingleLetter_ValueIsPredefined_ShouleBeEqual(letter: \"C\", number: 3)","ExecutorUri":"executor://xunit/VsTestRunner2/netcoreapp","Source":"C:\\Users\\bboboc\\source\\repos\\ExcelSheetColumnLetterToColumnNumber\\ExcelSheetTest\\bin\\Debug\\net6.0\\fine-code-coverage\\build-output\\ExcelSheetTest.dll","CodeFilePath":null,"LineNumber":0,"Properties":[]},"Attachments":[],"Outcome":1,"ErrorMessage":null,"ErrorStackTrace":null,"DisplayName":"ExcelSheetTest.UnitTest1.TestForSingleLetter_ValueIsPredefined_ShouleBeEqual(letter: \"C\", number: 3)","Messages":[],"ComputerName":"LCE54137","Duration":"00:00:00.0049466","StartTime":"2023-04-06T08:14:33.5589811+00:00","EndTime":"2023-04-06T08:14:33.5589972+00:00","Properties":[]},{"TestCase":{"Id":"97361a18-8ea5-3407-1b17-e58f808172ba","FullyQualifiedName":"ExcelSheetTest.UnitTest1.TestForSingleLetter_ValueIsPredefined_ShouleBeEqual","DisplayName":"ExcelSheetTest.UnitTest1.TestForSingleLetter_ValueIsPredefined_ShouleBeEqual(letter: \"Y\", number: 25)","ExecutorUri":"executor://xunit/VsTestRunner2/netcoreapp","Source":"C:\\Users\\bboboc\\source\\repos\\ExcelSheetColumnLetterToColumnNumber\\ExcelSheetTest\\bin\\Debug\\net6.0\\fine-code-coverage\\build-output\\ExcelSheetTest.dll","CodeFilePath":null,"LineNumber":0,"Properties":[]},"Attachments":[],"Outcome":1,"ErrorMessage":null,"ErrorStackTrace":null,"DisplayName":"ExcelSheetTest.UnitTest1.TestForSingleLetter_ValueIsPredefined_ShouleBeEqual(letter: \"Y\", number: 25)","Messages":[],"ComputerName":"LCE54137","Duration":"00:00:00.0000561","StartTime":"2023-04-06T08:14:33.5788292+00:00","EndTime":"2023-04-06T08:14:33.5788295+00:00","Properties":[]},{"TestCase":{"Id":"43e3e605-84d1-94bf-46b1-81fe33a56a26","FullyQualifiedName":"ExcelSheetTest.UnitTest1.TestForSingleLetter_ValueIsPredefined_ShouleBeEqual","DisplayName":"ExcelSheetTest.UnitTest1.TestForSingleLetter_ValueIsPredefined_ShouleBeEqual(letter: \"D\", number: 4)","ExecutorUri":"executor://xunit/VsTestRunner2/netcoreapp","Source":"C:\\Users\\bboboc\\source\\repos\\ExcelSheetColumnLetterToColumnNumber\\ExcelSheetTest\\bin\\Debug\\net6.0\\fine-code-coverage\\build-output\\ExcelSheetTest.dll","CodeFilePath":null,"LineNumber":0,"Properties":[]},"Attachments":[],"Outcome":1,"ErrorMessage":null,"ErrorStackTrace":null,"DisplayName":"ExcelSheetTest.UnitTest1.TestForSingleLetter_ValueIsPredefined_ShouleBeEqual(letter: \"D\", number: 4)","Messages":[],"ComputerName":"LCE54137","Duration":"00:00:00.0000034","StartTime":"2023-04-06T08:14:33.5830788+00:00","EndTime":"2023-04-06T08:14:33.5830791+00:00","Properties":[]},{"TestCase":{"Id":"9a77524a-f0ea-5af7-daba-97be4ea9073c","FullyQualifiedName":"ExcelSheetTest.UnitTest1.TestForSingleLetter_ValueIsPredefined_ShouleBeEqual","DisplayName":"ExcelSheetTest.UnitTest1.TestForSingleLetter_ValueIsPredefined_ShouleBeEqual(letter: \"E\", number: 5)","ExecutorUri":"executor://xunit/VsTestRunner2/netcoreapp","Source":"C:\\Users\\bboboc\\source\\repos\\ExcelSheetColumnLetterToColumnNumber\\ExcelSheetTest\\bin\\Debug\\net6.0\\fine-code-coverage\\build-output\\ExcelSheetTest.dll","CodeFilePath":null,"LineNumber":0,"Properties":[]},"Attachments":[],"Outcome":1,"ErrorMessage":null,"ErrorStackTrace":null,"DisplayName":"ExcelSheetTest.UnitTest1.TestForSingleLetter_ValueIsPredefined_ShouleBeEqual(letter: \"E\", number: 5)","Messages":[],"ComputerName":"LCE54137","Duration":"00:00:00.0000023","StartTime":"2023-04-06T08:14:33.5860341+00:00","EndTime":"2023-04-06T08:14:33.5860345+00:00","Properties":[]},{"TestCase":{"Id":"da67768b-0f14-ebc1-661e-56add6404903","FullyQualifiedName":"ExcelSheetTest.UnitTest1.TestForSingleLetter_ValueIsPredefined_ShouleBeEqual","DisplayName":"ExcelSheetTest.UnitTest1.TestForSingleLetter_ValueIsPredefined_ShouleBeEqual(letter: \"A\", number: 1)","ExecutorUri":"executor://xunit/VsTestRunner2/netcoreapp","Source":"C:\\Users\\bboboc\\source\\repos\\ExcelSheetColumnLetterToColumnNumber\\ExcelSheetTest\\bin\\Debug\\net6.0\\fine-code-coverage\\build-output\\ExcelSheetTest.dll","CodeFilePath":null,"LineNumber":0,"Properties":[]},"Attachments":[],"Outcome":1,"ErrorMessage":null,"ErrorStackTrace":null,"DisplayName":"ExcelSheetTest.UnitTest1.TestForSingleLetter_ValueIsPredefined_ShouleBeEqual(letter: \"A\", number: 1)","Messages":[],"ComputerName":"LCE54137","Duration":"00:00:00.0000022","StartTime":"2023-04-06T08:14:33.5889053+00:00","EndTime":"2023-04-06T08:14:33.5889055+00:00","Properties":[]},{"TestCase":{"Id":"bcd3e726-9455-133a-e644-4fd28019557f","FullyQualifiedName":"ExcelSheetTest.UnitTest1.TestForSingleLetter_ValueIsPredefined_ShouleBeEqual","DisplayName":"ExcelSheetTest.UnitTest1.TestForSingleLetter_ValueIsPredefined_ShouleBeEqual(letter: \"X\", number: 24)","ExecutorUri":"executor://xunit/VsTestRunner2/netcoreapp","Source":"C:\\Users\\bboboc\\source\\repos\\ExcelSheetColumnLetterToColumnNumber\\ExcelSheetTest\\bin\\Debug\\net6.0\\fine-code-coverage\\build-output\\ExcelSheetTest.dll","CodeFilePath":null,"LineNumber":0,"Properties":[]},"Attachments":[],"Outcome":1,"ErrorMessage":null,"ErrorStackTrace":null,"DisplayName":"ExcelSheetTest.UnitTest1.TestForSingleLetter_ValueIsPredefined_ShouleBeEqual(letter: \"X\", number: 24)","Messages":[],"ComputerName":"LCE54137","Duration":"00:00:00.0000024","StartTime":"2023-04-06T08:14:33.5966031+00:00","EndTime":"2023-04-06T08:14:33.5966032+00:00","Properties":[]},{"TestCase":{"Id":"d3aa1eea-91ff-dd6f-4263-375841e7fb98","FullyQualifiedName":"ExcelSheetTest.UnitTest1.TestForSingleLetter_ValueIsPredefined_ShouleBeEqual","DisplayName":"ExcelSheetTest.UnitTest1.TestForSingleLetter_ValueIsPredefined_ShouleBeEqual(letter: \"B\", number: 2)","ExecutorUri":"executor://xunit/VsTestRunner2/netcoreapp","Source":"C:\\Users\\bboboc\\source\\repos\\ExcelSheetColumnLetterToColumnNumber\\ExcelSheetTest\\bin\\Debug\\net6.0\\fine-code-coverage\\build-output\\ExcelSheetTest.dll","CodeFilePath":null,"LineNumber":0,"Properties":[]},"Attachments":[],"Outcome":1,"ErrorMessage":null,"ErrorStackTrace":null,"DisplayName":"ExcelSheetTest.UnitTest1.TestForSingleLetter_ValueIsPredefined_ShouleBeEqual(letter: \"B\", number: 2)","Messages":[],"ComputerName":"LCE54137","Duration":"00:00:00.0000026","StartTime":"2023-04-06T08:14:33.5988364+00:00","EndTime":"2023-04-06T08:14:33.5988366+00:00","Properties":[]},{"TestCase":{"Id":"d4bfee8c-c6b2-47b6-d801-a6e580d91a0b","FullyQualifiedName":"ExcelSheetTest.UnitTest1.TestForSingleLetter_ValueIsPredefined_ShouleBeEqual","DisplayName":"ExcelSheetTest.UnitTest1.TestForSingleLetter_ValueIsPredefined_ShouleBeEqual(letter: \"Z\", number: 26)","ExecutorUri":"executor://xunit/VsTestRunner2/netcoreapp","Source":"C:\\Users\\bboboc\\source\\repos\\ExcelSheetColumnLetterToColumnNumber\\ExcelSheetTest\\bin\\Debug\\net6.0\\fine-code-coverage\\build-output\\ExcelSheetTest.dll","CodeFilePath":null,"LineNumber":0,"Properties":[]},"Attachments":[],"Outcome":1,"ErrorMessage":null,"ErrorStackTrace":null,"DisplayName":"ExcelSheetTest.UnitTest1.TestForSingleLetter_ValueIsPredefined_ShouleBeEqual(letter: \"Z\", number: 26)","Messages":[],"ComputerName":"LCE54137","Duration":"00:00:00.0000020","StartTime":"2023-04-06T08:14:33.6010246+00:00","EndTime":"2023-04-06T08:14:33.6010248+00:00","Properties":[]},{"TestCase":{"Id":"a2103016-c9ff-fe4c-e401-9e67a2b16feb","FullyQualifiedName":"ExcelSheetTest.UnitTest1.MultipleLetters_TestingForLowerCaseAndRandomChars_ShouldThrowErrorWhenCharacterIsNotAllowed","DisplayName":"ExcelSheetTest.UnitTest1.MultipleLetters_TestingForLowerCaseAndRandomChars_ShouldThrowErrorWhenCharacterIsNotAllowed(letter: \"BB \", allowsmall: True, shouldThrowException: True)","ExecutorUri":"executor://xunit/VsTestRunner2/netcoreapp","Source":"C:\\Users\\bboboc\\source\\repos\\ExcelSheetColumnLetterToColumnNumber\\ExcelSheetTest\\bin\\Debug\\net6.0\\fine-code-coverage\\build-output\\ExcelSheetTest.dll","CodeFilePath":null,"LineNumber":0,"Properties":[]},"Attachments":[],"Outcome":1,"ErrorMessage":null,"ErrorStackTrace":null,"DisplayName":"ExcelSheetTest.UnitTest1.MultipleLetters_TestingForLowerCaseAndRandomChars_ShouldThrowErrorWhenCharacterIsNotAllowed(letter: \"BB \", allowsmall: True, shouldThrowException: True)","Messages":[],"ComputerName":"LCE54137","Duration":"00:00:00.0018166","StartTime":"2023-04-06T08:14:33.6030132+00:00","EndTime":"2023-04-06T08:14:33.6030133+00:00","Properties":[]}],"TestRunStatistics":{"ExecutedTests":9,"Stats":{"Passed":9}},"ActiveTests":[{"Id":"723ba0d1-f89c-1db3-4fd3-4f8d048d1fc9","FullyQualifiedName":"ExcelSheetTest.UnitTest1.MultipleLetters_TestingForLowerCaseAndRandomChars_ShouldThrowErrorWhenCharacterIsNotAllowed","DisplayName":"ExcelSheetTest.UnitTest1.MultipleLetters_TestingForLowerCaseAndRandomChars_ShouldThrowErrorWhenCharacterIsNotAllowed(letter: \"Bb\", allowsmall: True, shouldThrowException: False)","ExecutorUri":"executor://xunit/VsTestRunner2/netcoreapp","Source":"C:\\Users\\bboboc\\source\\repos\\ExcelSheetColumnLetterToColumnNumber\\ExcelSheetTest\\bin\\Debug\\net6.0\\fine-code-coverage\\build-output\\ExcelSheetTest.dll","CodeFilePath":null,"LineNumber":0,"Properties":[]}]}}
TpTrace Verbose: 0 : 30972, 13, 2023/04/06, 11:14:33.656, 7868504780039, vstest.console.dll, TestRunRequest:SendTestRunStatsChange: Starting.
TpTrace Verbose: 0 : 30972, 13, 2023/04/06, 11:14:33.656, 7868504782612, vstest.console.dll, InProgress is ExcelSheetTest.UnitTest1.MultipleLetters_TestingForLowerCaseAndRandomChars_ShouldThrowErrorWhenCharacterIsNotAllowed(letter: "Bb", allowsmall: True, shouldThrowException: False)
TpTrace Verbose: 0 : 30972, 13, 2023/04/06, 11:14:33.656, 7868504785101, vstest.console.dll, MulticastDelegateUtilities.SafeInvoke: TestRun.RunStatsChanged: Invoking callbacks was skipped because there are no subscribers.
TpTrace Information: 0 : 30972, 13, 2023/04/06, 11:14:33.656, 7868504785582, vstest.console.dll, TestRunRequest:SendTestRunStatsChange: Completed.
TpTrace Verbose: 0 : 30972, 13, 2023/04/06, 11:14:33.656, 7868504786075, vstest.console.dll, MulticastDelegateUtilities.SafeInvoke: LengthPrefixCommunicationChannel: MessageReceived: Invoking callback 1/1 for Microsoft.VisualStudio.TestPlatform.CommunicationUtilities.TestRequestSender+<>c__DisplayClass34_0., took 26 ms.
TpTrace Verbose: 0 : 30972, 13, 2023/04/06, 11:14:33.656, 7868504786512, vstest.console.dll, TcpClientExtensions.MessageLoopAsync: Polling on remoteEndPoint: 127.0.0.1:54057 localEndPoint: 127.0.0.1:54056
TpTrace Verbose: 0 : 30972, 13, 2023/04/06, 11:14:33.656, 7868504786951, vstest.console.dll, TcpClientExtensions.MessageLoopAsync: NotifyDataAvailable remoteEndPoint: 127.0.0.1:54057 localEndPoint: 127.0.0.1:54056
TpTrace Verbose: 0 : 30972, 13, 2023/04/06, 11:14:33.656, 7868504788116, vstest.console.dll, TestRequestSender.OnExecutionMessageReceived: Received message: {"Version":5,"MessageType":"TestExecution.StatsChange","Payload":{"NewTestResults":[{"TestCase":{"Id":"723ba0d1-f89c-1db3-4fd3-4f8d048d1fc9","FullyQualifiedName":"ExcelSheetTest.UnitTest1.MultipleLetters_TestingForLowerCaseAndRandomChars_ShouldThrowErrorWhenCharacterIsNotAllowed","DisplayName":"ExcelSheetTest.UnitTest1.MultipleLetters_TestingForLowerCaseAndRandomChars_ShouldThrowErrorWhenCharacterIsNotAllowed(letter: \"Bb\", allowsmall: True, shouldThrowException: False)","ExecutorUri":"executor://xunit/VsTestRunner2/netcoreapp","Source":"C:\\Users\\bboboc\\source\\repos\\ExcelSheetColumnLetterToColumnNumber\\ExcelSheetTest\\bin\\Debug\\net6.0\\fine-code-coverage\\build-output\\ExcelSheetTest.dll","CodeFilePath":null,"LineNumber":0,"Properties":[]},"Attachments":[],"Outcome":1,"ErrorMessage":null,"ErrorStackTrace":null,"DisplayName":"ExcelSheetTest.UnitTest1.MultipleLetters_TestingForLowerCaseAndRandomChars_ShouldThrowErrorWhenCharacterIsNotAllowed(letter: \"Bb\", allowsmall: True, shouldThrowException: False)","Messages":[],"ComputerName":"LCE54137","Duration":"00:00:00.0000170","StartTime":"2023-04-06T08:14:33.6314117+00:00","EndTime":"2023-04-06T08:14:33.631412+00:00","Properties":[]},{"TestCase":{"Id":"3349fca0-e93d-755f-056a-d76ec67fd25b","FullyQualifiedName":"ExcelSheetTest.UnitTest1.MultipleLetters_TestingForLowerCaseAndRandomChars_ShouldThrowErrorWhenCharacterIsNotAllowed","DisplayName":"ExcelSheetTest.UnitTest1.MultipleLetters_TestingForLowerCaseAndRandomChars_ShouldThrowErrorWhenCharacterIsNotAllowed(letter: \"BQ@\", allowsmall: False, shouldThrowException: True)","ExecutorUri":"executor://xunit/VsTestRunner2/netcoreapp","Source":"C:\\Users\\bboboc\\source\\repos\\ExcelSheetColumnLetterToColumnNumber\\ExcelSheetTest\\bin\\Debug\\net6.0\\fine-code-coverage\\build-output\\ExcelSheetTest.dll","CodeFilePath":null,"LineNumber":0,"Properties":[]},"Attachments":[],"Outcome":1,"ErrorMessage":null,"ErrorStackTrace":null,"DisplayName":"ExcelSheetTest.UnitTest1.MultipleLetters_TestingForLowerCaseAndRandomChars_ShouldThrowErrorWhenCharacterIsNotAllowed(letter: \"BQ@\", allowsmall: False, shouldThrowException: True)","Messages":[],"ComputerName":"LCE54137","Duration":"00:00:00.0000447","StartTime":"2023-04-06T08:14:33.6338501+00:00","EndTime":"2023-04-06T08:14:33.6338503+00:00","Properties":[]},{"TestCase":{"Id":"e1c0a396-e525-93ff-4d4f-b79ef8bdd337","FullyQualifiedName":"ExcelSheetTest.UnitTest1.MultipleLetters_TestingForLowerCaseAndRandomChars_ShouldThrowErrorWhenCharacterIsNotAllowed","DisplayName":"ExcelSheetTest.UnitTest1.MultipleLetters_TestingForLowerCaseAndRandomChars_ShouldThrowErrorWhenCharacterIsNotAllowed(letter: \"AA\", allowsmall: False, shouldThrowException: False)","ExecutorUri":"executor://xunit/VsTestRunner2/netcoreapp","Source":"C:\\Users\\bboboc\\source\\repos\\ExcelSheetColumnLetterToColumnNumber\\ExcelSheetTest\\bin\\Debug\\net6.0\\fine-code-coverage\\build-output\\ExcelSheetTest.dll","CodeFilePath":null,"LineNumber":0,"Properties":[]},"Attachments":[],"Outcome":1,"ErrorMessage":null,"ErrorStackTrace":null,"DisplayName":"ExcelSheetTest.UnitTest1.MultipleLetters_TestingForLowerCaseAndRandomChars_ShouldThrowErrorWhenCharacterIsNotAllowed(letter: \"AA\", allowsmall: False, shouldThrowException: False)","Messages":[],"ComputerName":"LCE54137","Duration":"00:00:00.0000034","StartTime":"2023-04-06T08:14:33.636409+00:00","EndTime":"2023-04-06T08:14:33.6364091+00:00","Properties":[]},{"TestCase":{"Id":"3c6ab964-2c26-d7b1-f779-5bb64db93bd6","FullyQualifiedName":"ExcelSheetTest.UnitTest1.MultipleLetters_TestingForLowerCaseAndRandomChars_ShouldThrowErrorWhenCharacterIsNotAllowed","DisplayName":"ExcelSheetTest.UnitTest1.MultipleLetters_TestingForLowerCaseAndRandomChars_ShouldThrowErrorWhenCharacterIsNotAllowed(letter: \"BA3\", allowsmall: True, shouldThrowException: True)","ExecutorUri":"executor://xunit/VsTestRunner2/netcoreapp","Source":"C:\\Users\\bboboc\\source\\repos\\ExcelSheetColumnLetterToColumnNumber\\ExcelSheetTest\\bin\\Debug\\net6.0\\fine-code-coverage\\build-output\\ExcelSheetTest.dll","CodeFilePath":null,"LineNumber":0,"Properties":[]},"Attachments":[],"Outcome":1,"ErrorMessage":null,"ErrorStackTrace":null,"DisplayName":"ExcelSheetTest.UnitTest1.MultipleLetters_TestingForLowerCaseAndRandomChars_ShouldThrowErrorWhenCharacterIsNotAllowed(letter: \"BA3\", allowsmall: True, shouldThrowException: True)","Messages":[],"ComputerName":"LCE54137","Duration":"00:00:00.0000167","StartTime":"2023-04-06T08:14:33.6383483+00:00","EndTime":"2023-04-06T08:14:33.6383484+00:00","Properties":[]},{"TestCase":{"Id":"4fcda75f-d582-33ed-1eb2-3a1959f80740","FullyQualifiedName":"ExcelSheetTest.UnitTest1.MultipleLetters_TestingForLowerCaseAndRandomChars_ShouldThrowErrorWhenCharacterIsNotAllowed","DisplayName":"ExcelSheetTest.UnitTest1.MultipleLetters_TestingForLowerCaseAndRandomChars_ShouldThrowErrorWhenCharacterIsNotAllowed(letter: \"Yz\", allowsmall: False, shouldThrowException: True)","ExecutorUri":"executor://xunit/VsTestRunner2/netcoreapp","Source":"C:\\Users\\bboboc\\source\\repos\\ExcelSheetColumnLetterToColumnNumber\\ExcelSheetTest\\bin\\Debug\\net6.0\\fine-code-coverage\\build-output\\ExcelSheetTest.dll","CodeFilePath":null,"LineNumber":0,"Properties":[]},"Attachments":[],"Outcome":1,"ErrorMessage":null,"ErrorStackTrace":null,"DisplayName":"ExcelSheetTest.UnitTest1.MultipleLetters_TestingForLowerCaseAndRandomChars_ShouldThrowErrorWhenCharacterIsNotAllowed(letter: \"Yz\", allowsmall: False, shouldThrowException: True)","Messages":[],"ComputerName":"LCE54137","Duration":"00:00:00.0000143","StartTime":"2023-04-06T08:14:33.642833+00:00","EndTime":"2023-04-06T08:14:33.6428334+00:00","Properties":[]},{"TestCase":{"Id":"bf78f7fe-8c37-6404-202d-7ebcceb5ca75","FullyQualifiedName":"ExcelSheetTest.UnitTest1.TestForMultipleLetters_ValueIsPredefined_ShouleBeEqual","DisplayName":"ExcelSheetTest.UnitTest1.TestForMultipleLetters_ValueIsPredefined_ShouleBeEqual(letter: \"YZ\", number: 676)","ExecutorUri":"executor://xunit/VsTestRunner2/netcoreapp","Source":"C:\\Users\\bboboc\\source\\repos\\ExcelSheetColumnLetterToColumnNumber\\ExcelSheetTest\\bin\\Debug\\net6.0\\fine-code-coverage\\build-output\\ExcelSheetTest.dll","CodeFilePath":null,"LineNumber":0,"Properties":[]},"Attachments":[],"Outcome":1,"ErrorMessage":null,"ErrorStackTrace":null,"DisplayName":"ExcelSheetTest.UnitTest1.TestForMultipleLetters_ValueIsPredefined_ShouleBeEqual(letter: \"YZ\", number: 676)","Messages":[],"ComputerName":"LCE54137","Duration":"00:00:00.0001119","StartTime":"2023-04-06T08:14:33.6461476+00:00","EndTime":"2023-04-06T08:14:33.646148+00:00","Properties":[]},{"TestCase":{"Id":"ff60f1b7-6948-6b81-3027-7c08d08b60c6","FullyQualifiedName":"ExcelSheetTest.UnitTest1.TestForMultipleLetters_ValueIsPredefined_ShouleBeEqual","DisplayName":"ExcelSheetTest.UnitTest1.TestForMultipleLetters_ValueIsPredefined_ShouleBeEqual(letter: \"ZZ\", number: 702)","ExecutorUri":"executor://xunit/VsTestRunner2/netcoreapp","Source":"C:\\Users\\bboboc\\source\\repos\\ExcelSheetColumnLetterToColumnNumber\\ExcelSheetTest\\bin\\Debug\\net6.0\\fine-code-coverage\\build-output\\ExcelSheetTest.dll","CodeFilePath":null,"LineNumber":0,"Properties":[]},"Attachments":[],"Outcome":1,"ErrorMessage":null,"ErrorStackTrace":null,"DisplayName":"ExcelSheetTest.UnitTest1.TestForMultipleLetters_ValueIsPredefined_ShouleBeEqual(letter: \"ZZ\", number: 702)","Messages":[],"ComputerName":"LCE54137","Duration":"00:00:00.0000078","StartTime":"2023-04-06T08:14:33.648914+00:00","EndTime":"2023-04-06T08:14:33.6489145+00:00","Properties":[]},{"TestCase":{"Id":"5b91b688-07bd-c525-b986-9a56a4222b79","FullyQualifiedName":"ExcelSheetTest.UnitTest1.TestForMultipleLetters_ValueIsPredefined_ShouleBeEqual","DisplayName":"ExcelSheetTest.UnitTest1.TestForMultipleLetters_ValueIsPredefined_ShouleBeEqual(letter: \"AAC\", number: 705)","ExecutorUri":"executor://xunit/VsTestRunner2/netcoreapp","Source":"C:\\Users\\bboboc\\source\\repos\\ExcelSheetColumnLetterToColumnNumber\\ExcelSheetTest\\bin\\Debug\\net6.0\\fine-code-coverage\\build-output\\ExcelSheetTest.dll","CodeFilePath":null,"LineNumber":0,"Properties":[]},"Attachments":[],"Outcome":1,"ErrorMessage":null,"ErrorStackTrace":null,"DisplayName":"ExcelSheetTest.UnitTest1.TestForMultipleLetters_ValueIsPredefined_ShouleBeEqual(letter: \"AAC\", number: 705)","Messages":[],"ComputerName":"LCE54137","Duration":"00:00:00.0000034","StartTime":"2023-04-06T08:14:33.6512253+00:00","EndTime":"2023-04-06T08:14:33.6512257+00:00","Properties":[]},{"TestCase":{"Id":"ccba03e4-dd56-a674-0616-1f1fc57c1af9","FullyQualifiedName":"ExcelSheetTest.UnitTest1.TestForMultipleLetters_ValueIsPredefined_ShouleBeEqual","DisplayName":"ExcelSheetTest.UnitTest1.TestForMultipleLetters_ValueIsPredefined_ShouleBeEqual(letter: \"AA\", number: 27)","ExecutorUri":"executor://xunit/VsTestRunner2/netcoreapp","Source":"C:\\Users\\bboboc\\source\\repos\\ExcelSheetColumnLetterToColumnNumber\\ExcelSheetTest\\bin\\Debug\\net6.0\\fine-code-coverage\\build-output\\ExcelSheetTest.dll","CodeFilePath":null,"LineNumber":0,"Properties":[]},"Attachments":[],"Outcome":1,"ErrorMessage":null,"ErrorStackTrace":null,"DisplayName":"ExcelSheetTest.UnitTest1.TestForMultipleLetters_ValueIsPredefined_ShouleBeEqual(letter: \"AA\", number: 27)","Messages":[],"ComputerName":"LCE54137","Duration":"00:00:00.0000033","StartTime":"2023-04-06T08:14:33.653368+00:00","EndTime":"2023-04-06T08:14:33.6533682+00:00","Properties":[]}],"TestRunStatistics":{"ExecutedTests":18,"Stats":{"Passed":18}},"ActiveTests":[{"Id":"b2ce14f5-29c1-a4c2-f6ea-54cd7653e361","FullyQualifiedName":"ExcelSheetTest.UnitTest1.TestForMultipleLetters_ValueIsPredefined_ShouleBeEqual","DisplayName":"ExcelSheetTest.UnitTest1.TestForMultipleLetters_ValueIsPredefined_ShouleBeEqual(letter: \"BBC\", number: 1407)","ExecutorUri":"executor://xunit/VsTestRunner2/netcoreapp","Source":"C:\\Users\\bboboc\\source\\repos\\ExcelSheetColumnLetterToColumnNumber\\ExcelSheetTest\\bin\\Debug\\net6.0\\fine-code-coverage\\build-output\\ExcelSheetTest.dll","CodeFilePath":null,"LineNumber":0,"Properties":[]}]}}
TpTrace Verbose: 0 : 30972, 13, 2023/04/06, 11:14:33.657, 7868504796586, vstest.console.dll, TestRunRequest:SendTestRunStatsChange: Starting.
TpTrace Verbose: 0 : 30972, 13, 2023/04/06, 11:14:33.657, 7868504797368, vstest.console.dll, InProgress is ExcelSheetTest.UnitTest1.TestForMultipleLetters_ValueIsPredefined_ShouleBeEqual(letter: "BBC", number: 1407)
TpTrace Verbose: 0 : 30972, 13, 2023/04/06, 11:14:33.657, 7868504798033, vstest.console.dll, MulticastDelegateUtilities.SafeInvoke: TestRun.RunStatsChanged: Invoking callbacks was skipped because there are no subscribers.
TpTrace Information: 0 : 30972, 13, 2023/04/06, 11:14:33.658, 7868504798314, vstest.console.dll, TestRunRequest:SendTestRunStatsChange: Completed.
TpTrace Verbose: 0 : 30972, 13, 2023/04/06, 11:14:33.658, 7868504798875, vstest.console.dll, MulticastDelegateUtilities.SafeInvoke: LengthPrefixCommunicationChannel: MessageReceived: Invoking callback 1/1 for Microsoft.VisualStudio.TestPlatform.CommunicationUtilities.TestRequestSender+<>c__DisplayClass34_0., took 1 ms.
TpTrace Verbose: 0 : 30972, 13, 2023/04/06, 11:14:33.658, 7868504799393, vstest.console.dll, TcpClientExtensions.MessageLoopAsync: Polling on remoteEndPoint: 127.0.0.1:54057 localEndPoint: 127.0.0.1:54056
TpTrace Verbose: 0 : 30972, 13, 2023/04/06, 11:14:33.659, 7868504816408, vstest.console.dll, TcpClientExtensions.MessageLoopAsync: NotifyDataAvailable remoteEndPoint: 127.0.0.1:54057 localEndPoint: 127.0.0.1:54056
TpTrace Verbose: 0 : 30972, 4, 2023/04/06, 11:14:33.659, 7868504816726, vstest.console.dll, MulticastDelegateUtilities.SafeInvoke: InternalTestLoggerEvents.SendTestResult: Invoking callback 1/1 for Microsoft.VisualStudio.TestPlatform.CommandLine.Internal.ConsoleLogger., took 3 ms.
TpTrace Verbose: 0 : 30972, 13, 2023/04/06, 11:14:33.659, 7868504818038, vstest.console.dll, TestRequestSender.OnExecutionMessageReceived: Received message: {"Version":5,"MessageType":"TestSession.Message","Payload":{"MessageLevel":0,"Message":"[xUnit.net 00:00:00.57]   Finished:    ExcelSheetTest"}}
TpTrace Verbose: 0 : 30972, 13, 2023/04/06, 11:14:33.660, 7868504819392, vstest.console.dll, TestRunRequest:SendTestRunMessage: Starting.
TpTrace Verbose: 0 : 30972, 4, 2023/04/06, 11:14:33.660, 7868504819898, vstest.console.dll, MulticastDelegateUtilities.SafeInvoke: InternalTestLoggerEvents.SendTestResult: Invoking callback 1/1 for Microsoft.VisualStudio.TestPlatform.CommandLine.Internal.ConsoleLogger., took 0 ms.
TpTrace Verbose: 0 : 30972, 13, 2023/04/06, 11:14:33.660, 7868504820003, vstest.console.dll, MulticastDelegateUtilities.SafeInvoke: TestRun.LogMessages: Invoking callback 1/1 for Microsoft.VisualStudio.TestPlatform.CommandLine.TestRunResultAggregator., took 0 ms.
TpTrace Verbose: 0 : 30972, 4, 2023/04/06, 11:14:33.660, 7868504820788, vstest.console.dll, MulticastDelegateUtilities.SafeInvoke: InternalTestLoggerEvents.SendTestResult: Invoking callback 1/1 for Microsoft.VisualStudio.TestPlatform.CommandLine.Internal.ConsoleLogger., took 0 ms.
TpTrace Verbose: 0 : 30972, 4, 2023/04/06, 11:14:33.660, 7868504821417, vstest.console.dll, MulticastDelegateUtilities.SafeInvoke: InternalTestLoggerEvents.SendTestResult: Invoking callback 1/1 for Microsoft.VisualStudio.TestPlatform.CommandLine.Internal.ConsoleLogger., took 0 ms.
TpTrace Information: 0 : 30972, 13, 2023/04/06, 11:14:33.660, 7868504821385, vstest.console.dll, TestRunRequest:SendTestRunMessage: Completed.
TpTrace Verbose: 0 : 30972, 4, 2023/04/06, 11:14:33.660, 7868504821906, vstest.console.dll, MulticastDelegateUtilities.SafeInvoke: InternalTestLoggerEvents.SendTestResult: Invoking callback 1/1 for Microsoft.VisualStudio.TestPlatform.CommandLine.Internal.ConsoleLogger., took 0 ms.
TpTrace Verbose: 0 : 30972, 13, 2023/04/06, 11:14:33.660, 7868504822394, vstest.console.dll, MulticastDelegateUtilities.SafeInvoke: LengthPrefixCommunicationChannel: MessageReceived: Invoking callback 1/1 for Microsoft.VisualStudio.TestPlatform.CommunicationUtilities.TestRequestSender+<>c__DisplayClass34_0., took 0 ms.
TpTrace Verbose: 0 : 30972, 4, 2023/04/06, 11:14:33.660, 7868504822460, vstest.console.dll, MulticastDelegateUtilities.SafeInvoke: InternalTestLoggerEvents.SendTestResult: Invoking callback 1/1 for Microsoft.VisualStudio.TestPlatform.CommandLine.Internal.ConsoleLogger., took 0 ms.
TpTrace Verbose: 0 : 30972, 13, 2023/04/06, 11:14:33.660, 7868504822950, vstest.console.dll, TcpClientExtensions.MessageLoopAsync: Polling on remoteEndPoint: 127.0.0.1:54057 localEndPoint: 127.0.0.1:54056
TpTrace Verbose: 0 : 30972, 4, 2023/04/06, 11:14:33.660, 7868504823552, vstest.console.dll, MulticastDelegateUtilities.SafeInvoke: InternalTestLoggerEvents.SendTestResult: Invoking callback 1/1 for Microsoft.VisualStudio.TestPlatform.CommandLine.Internal.ConsoleLogger., took 0 ms.
TpTrace Verbose: 0 : 30972, 4, 2023/04/06, 11:14:33.660, 7868504823973, vstest.console.dll, MulticastDelegateUtilities.SafeInvoke: InternalTestLoggerEvents.SendTestResult: Invoking callback 1/1 for Microsoft.VisualStudio.TestPlatform.CommandLine.Internal.ConsoleLogger., took 0 ms.
TpTrace Verbose: 0 : 30972, 4, 2023/04/06, 11:14:33.660, 7868504824310, vstest.console.dll, MulticastDelegateUtilities.SafeInvoke: InternalTestLoggerEvents.SendTestResult: Invoking callback 1/1 for Microsoft.VisualStudio.TestPlatform.CommandLine.Internal.ConsoleLogger., took 0 ms.
TpTrace Verbose: 0 : 30972, 4, 2023/04/06, 11:14:33.660, 7868504824618, vstest.console.dll, MulticastDelegateUtilities.SafeInvoke: InternalTestLoggerEvents.SendTestResult: Invoking callback 1/1 for Microsoft.VisualStudio.TestPlatform.CommandLine.Internal.ConsoleLogger., took 0 ms.
TpTrace Verbose: 0 : 30972, 4, 2023/04/06, 11:14:33.660, 7868504824898, vstest.console.dll, MulticastDelegateUtilities.SafeInvoke: InternalTestLoggerEvents.SendTestResult: Invoking callback 1/1 for Microsoft.VisualStudio.TestPlatform.CommandLine.Internal.ConsoleLogger., took 0 ms.
TpTrace Verbose: 0 : 30972, 4, 2023/04/06, 11:14:33.660, 7868504825185, vstest.console.dll, MulticastDelegateUtilities.SafeInvoke: InternalTestLoggerEvents.SendTestResult: Invoking callback 1/1 for Microsoft.VisualStudio.TestPlatform.CommandLine.Internal.ConsoleLogger., took 0 ms.
TpTrace Verbose: 0 : 30972, 4, 2023/04/06, 11:14:33.661, 7868504831803, vstest.console.dll, MulticastDelegateUtilities.SafeInvoke: InternalTestLoggerEvents.SendTestResult: Invoking callback 1/1 for Microsoft.VisualStudio.TestPlatform.CommandLine.Internal.ConsoleLogger., took 0 ms.
TpTrace Verbose: 0 : 30972, 4, 2023/04/06, 11:14:33.661, 7868504832748, vstest.console.dll, MulticastDelegateUtilities.SafeInvoke: InternalTestLoggerEvents.SendTestResult: Invoking callback 1/1 for Microsoft.VisualStudio.TestPlatform.CommandLine.Internal.ConsoleLogger., took 0 ms.
TpTrace Verbose: 0 : 30972, 4, 2023/04/06, 11:14:33.661, 7868504833132, vstest.console.dll, MulticastDelegateUtilities.SafeInvoke: InternalTestLoggerEvents.SendTestResult: Invoking callback 1/1 for Microsoft.VisualStudio.TestPlatform.CommandLine.Internal.ConsoleLogger., took 0 ms.
TpTrace Verbose: 0 : 30972, 4, 2023/04/06, 11:14:33.661, 7868504833422, vstest.console.dll, MulticastDelegateUtilities.SafeInvoke: InternalTestLoggerEvents.SendTestResult: Invoking callback 1/1 for Microsoft.VisualStudio.TestPlatform.CommandLine.Internal.ConsoleLogger., took 0 ms.
TpTrace Verbose: 0 : 30972, 4, 2023/04/06, 11:14:33.661, 7868504833763, vstest.console.dll, MulticastDelegateUtilities.SafeInvoke: InternalTestLoggerEvents.SendTestResult: Invoking callback 1/1 for Microsoft.VisualStudio.TestPlatform.CommandLine.Internal.ConsoleLogger., took 0 ms.
TpTrace Verbose: 0 : 30972, 4, 2023/04/06, 11:14:33.661, 7868504834081, vstest.console.dll, MulticastDelegateUtilities.SafeInvoke: InternalTestLoggerEvents.SendTestResult: Invoking callback 1/1 for Microsoft.VisualStudio.TestPlatform.CommandLine.Internal.ConsoleLogger., took 0 ms.
TpTrace Verbose: 0 : 30972, 4, 2023/04/06, 11:14:33.661, 7868504834348, vstest.console.dll, MulticastDelegateUtilities.SafeInvoke: InternalTestLoggerEvents.SendTestRunMessage: Invoking callback 1/1 for Microsoft.VisualStudio.TestPlatform.CommandLine.Internal.ConsoleLogger., took 0 ms.
TpTrace Verbose: 0 : 30972, 13, 2023/04/06, 11:14:33.670, 7868504927363, vstest.console.dll, TcpClientExtensions.MessageLoopAsync: NotifyDataAvailable remoteEndPoint: 127.0.0.1:54057 localEndPoint: 127.0.0.1:54056
TpTrace Verbose: 0 : 30972, 13, 2023/04/06, 11:14:33.671, 7868504929593, vstest.console.dll, TestRequestSender.OnExecutionMessageReceived: Received message: {"Version":5,"MessageType":"TestExecution.Completed","Payload":{"TestRunCompleteArgs":{"TestRunStatistics":{"ExecutedTests":19,"Stats":{"Passed":19}},"IsCanceled":false,"IsAborted":false,"Error":null,"AttachmentSets":[],"ElapsedTimeInRunningTests":"00:00:00.5798460","Metrics":{}},"LastRunTests":{"NewTestResults":[{"TestCase":{"Id":"b2ce14f5-29c1-a4c2-f6ea-54cd7653e361","FullyQualifiedName":"ExcelSheetTest.UnitTest1.TestForMultipleLetters_ValueIsPredefined_ShouleBeEqual","DisplayName":"ExcelSheetTest.UnitTest1.TestForMultipleLetters_ValueIsPredefined_ShouleBeEqual(letter: \"BBC\", number: 1407)","ExecutorUri":"executor://xunit/VsTestRunner2/netcoreapp","Source":"C:\\Users\\bboboc\\source\\repos\\ExcelSheetColumnLetterToColumnNumber\\ExcelSheetTest\\bin\\Debug\\net6.0\\fine-code-coverage\\build-output\\ExcelSheetTest.dll","CodeFilePath":null,"LineNumber":0,"Properties":[]},"Attachments":[],"Outcome":1,"ErrorMessage":null,"ErrorStackTrace":null,"DisplayName":"ExcelSheetTest.UnitTest1.TestForMultipleLetters_ValueIsPredefined_ShouleBeEqual(letter: \"BBC\", number: 1407)","Messages":[],"ComputerName":"LCE54137","Duration":"00:00:00.0000030","StartTime":"2023-04-06T08:14:33.657745+00:00","EndTime":"2023-04-06T08:14:33.6577453+00:00","Properties":[]}],"TestRunStatistics":{"ExecutedTests":19,"Stats":{"Passed":19}},"ActiveTests":[]},"RunAttachments":[],"ExecutorUris":["executor://xunit/VsTestRunner2/netcoreapp"]}}
TpTrace Verbose: 0 : 30972, 13, 2023/04/06, 11:14:33.671, 7868504930484, vstest.console.dll, TestRequestSender.EndSession: Sending end session.
TpTrace Verbose: 0 : 30972, 13, 2023/04/06, 11:14:33.671, 7868504932225, vstest.console.dll, ProxyOperationManager.Close: waiting for test host to exit for 100 ms
TpTrace Warning: 0 : 30972, 11, 2023/04/06, 11:14:33.702, 7868505242535, vstest.console.dll, TestHostManagerCallbacks.ErrorReceivedCallback Test host standard error line: 
TpTrace Verbose: 0 : 30972, 11, 2023/04/06, 11:14:33.712, 7868505338856, vstest.console.dll, TestHostProvider.ExitCallBack: Host exited starting callback.
TpTrace Information: 0 : 30972, 11, 2023/04/06, 11:14:33.712, 7868505340602, vstest.console.dll, TestHostManagerCallbacks.ExitCallBack: Testhost processId: 8320 exited with exitcode: 0 error: ''
TpTrace Verbose: 0 : 30972, 11, 2023/04/06, 11:14:33.712, 7868505341012, vstest.console.dll, DotnetTestHostManager.OnHostExited: invoking OnHostExited callback
TpTrace Verbose: 0 : 30972, 11, 2023/04/06, 11:14:33.712, 7868505341466, vstest.console.dll, CrossPlatEngine.TestHostManagerHostExited: calling on client process exit callback.
TpTrace Information: 0 : 30972, 11, 2023/04/06, 11:14:33.712, 7868505341851, vstest.console.dll, TestRequestSender.OnClientProcessExit: Test host process exited. Standard error: 
TpTrace Information: 0 : 30972, 11, 2023/04/06, 11:14:33.712, 7868505342147, vstest.console.dll, SocketServer.Stop: Stop server endPoint: 127.0.0.1:54056
TpTrace Information: 0 : 30972, 11, 2023/04/06, 11:14:33.712, 7868505342362, vstest.console.dll, SocketServer.Stop: Cancellation requested. Stopping message loop.
TpTrace Information: 0 : 30972, 13, 2023/04/06, 11:14:33.712, 7868505342747, vstest.console.dll, SocketServer.Stop: Stop server endPoint: 127.0.0.1:54056
TpTrace Information: 0 : 30972, 13, 2023/04/06, 11:14:33.712, 7868505343438, vstest.console.dll, SocketServer.Stop: Cancellation requested. Stopping message loop.
TpTrace Verbose: 0 : 30972, 11, 2023/04/06, 11:14:33.712, 7868505342932, vstest.console.dll, MulticastDelegateUtilities.SafeInvoke: HostProviderEvents.OnHostExited: Invoking callback 1/1 for Microsoft.VisualStudio.TestPlatform.CrossPlatEngine.Client.ProxyOperationManager., took 0 ms.
TpTrace Information: 0 : 30972, 13, 2023/04/06, 11:14:33.712, 7868505343944, vstest.console.dll, Closing the connection
TpTrace Verbose: 0 : 30972, 13, 2023/04/06, 11:14:33.712, 7868505346233, vstest.console.dll, ProxyDataCollectionManager.InvokeDataCollectionServiceAction: Starting.
TpTrace Information: 0 : 30972, 13, 2023/04/06, 11:14:33.712, 7868505346700, vstest.console.dll, ProxyDataCollectionManager.AfterTestRunEnd: Get attachment set and invoked data collectors processId: 24180 port: 54053
TpTrace Verbose: 0 : 30972, 13, 2023/04/06, 11:14:33.712, 7868505347084, vstest.console.dll, DataCollectionRequestSender.SendAfterTestRunStartAndGetResult: Send AfterTestRunEnd message with isCancelled: False
TpTrace Verbose: 0 : 30972, 13, 2023/04/06, 11:14:33.719, 7868505413955, vstest.console.dll, DataCollectionRequestSender.SendAfterTestRunStartAndGetResult: Received message: (DataCollection.AfterTestRunEndResult) -> {"MessageType":"DataCollection.AfterTestRunEndResult","Payload":{"AttachmentSets":[],"InvokedDataCollectors":[{"Uri":"datacollector://Microsoft/TestPlatform/Extensions/Blame/v1","FriendlyName":"Blame","AssemblyQualifiedName":"Microsoft.TestPlatform.Extensions.BlameDataCollector.BlameCollector, Microsoft.TestPlatform.Extensions.BlameDataCollector, Version=15.0.0.0, Culture=neutral, PublicKeyToken=b03f5f7f11d50a3a","FilePath":"C:\\Program Files\\dotnet\\sdk\\7.0.202\\Extensions\\Microsoft.TestPlatform.Extensions.BlameDataCollector.dll","HasAttachmentProcessor":false}],"Metrics":{}}}
TpTrace Information: 0 : 30972, 13, 2023/04/06, 11:14:33.724, 7868505458537, vstest.console.dll, ProxyDataCollectionManager.InvokeDataCollectionServiceAction: Completed.
TpTrace Warning: 0 : 30972, 9, 2023/04/06, 11:14:33.751, 7868505729979, vstest.console.dll, DataCollectionLauncher.ErrorReceivedCallback datacollector standard error line: 
TpTrace Verbose: 0 : 30972, 13, 2023/04/06, 11:14:33.756, 7868505779625, vstest.console.dll, TestRunRequest:SendTestRunStatsChange: Starting.
TpTrace Verbose: 0 : 30972, 13, 2023/04/06, 11:14:33.756, 7868505781497, vstest.console.dll, MulticastDelegateUtilities.SafeInvoke: TestRun.RunStatsChanged: Invoking callbacks was skipped because there are no subscribers.
TpTrace Information: 0 : 30972, 13, 2023/04/06, 11:14:33.756, 7868505781883, vstest.console.dll, TestRunRequest:SendTestRunStatsChange: Completed.
TpTrace Verbose: 0 : 30972, 4, 2023/04/06, 11:14:33.756, 7868505782295, vstest.console.dll, MulticastDelegateUtilities.SafeInvoke: InternalTestLoggerEvents.SendTestResult: Invoking callback 1/1 for Microsoft.VisualStudio.TestPlatform.CommandLine.Internal.ConsoleLogger., took 0 ms.
TpTrace Information: 0 : 30972, 9, 2023/04/06, 11:14:33.756, 7868505783818, vstest.console.dll, DataCollectionLauncher.ExitCallBack: Data collector exited with exitcode: 0 error: ''
TpTrace Verbose: 0 : 30972, 13, 2023/04/06, 11:14:33.756, 7868505785695, vstest.console.dll, ParallelProxyExecutionManager: HandlePartialRunComplete: Total completed clients = 1, Run complete = True, Run canceled: False.
TpTrace Verbose: 0 : 30972, 4, 2023/04/06, 11:14:33.769, 7868505911572, vstest.console.dll, MulticastDelegateUtilities.SafeInvoke: InternalTestLoggerEvents.SendTestRunComplete: Invoking callback 1/2 for Microsoft.TestPlatform.Extensions.BlameDataCollector.BlameLogger., took 0 ms.
TpTrace Verbose: 0 : 30972, 4, 2023/04/06, 11:14:33.774, 7868505962876, vstest.console.dll, MulticastDelegateUtilities.SafeInvoke: InternalTestLoggerEvents.SendTestRunComplete: Invoking callback 2/2 for Microsoft.VisualStudio.TestPlatform.CommandLine.Internal.ConsoleLogger., took 4 ms.
TpTrace Verbose: 0 : 30972, 13, 2023/04/06, 11:14:33.774, 7868505967116, vstest.console.dll, TestRunRequest:TestRunComplete: Starting. IsAborted:False IsCanceled:False.
TpTrace Verbose: 0 : 30972, 13, 2023/04/06, 11:14:33.776, 7868505978261, vstest.console.dll, TestLoggerManager.HandleTestRunComplete: Ignoring as the object is disposed.
TpTrace Verbose: 0 : 30972, 13, 2023/04/06, 11:14:33.776, 7868505980882, vstest.console.dll, MulticastDelegateUtilities.SafeInvoke: TestRun.TestRunComplete: Invoking callback 1/2 for Microsoft.VisualStudio.TestPlatform.CommandLine.TestRunResultAggregator., took 0 ms.
TpTrace Verbose: 0 : 30972, 13, 2023/04/06, 11:14:33.776, 7868505982720, vstest.console.dll, MulticastDelegateUtilities.SafeInvoke: TestRun.TestRunComplete: Invoking callback 2/2 for Microsoft.VisualStudio.TestPlatform.CommandLine.Processors.RunTestsArgumentExecutor+TestRunRequestEventsRegistrar., took 0 ms.
TpTrace Information: 0 : 30972, 13, 2023/04/06, 11:14:33.776, 7868505983880, vstest.console.dll, TestRunRequest:TestRunComplete: Completed.
TpTrace Verbose: 0 : 30972, 13, 2023/04/06, 11:14:33.776, 7868505984267, vstest.console.dll, TestRequestSender.SetOperationComplete: Setting operation complete.
TpTrace Verbose: 0 : 30972, 1, 2023/04/06, 11:14:33.776, 7868505984501, vstest.console.dll, TestRunRequest.Dispose: Starting.
TpTrace Information: 0 : 30972, 13, 2023/04/06, 11:14:33.776, 7868505984639, vstest.console.dll, SocketServer.Stop: Stop server endPoint: 127.0.0.1:54056
TpTrace Information: 0 : 30972, 1, 2023/04/06, 11:14:33.776, 7868505985496, vstest.console.dll, TestRunRequest.Dispose: Completed.
TpTrace Information: 0 : 30972, 13, 2023/04/06, 11:14:33.776, 7868505985708, vstest.console.dll, SocketServer.Stop: Cancellation requested. Stopping message loop.
TpTrace Information: 0 : 30972, 1, 2023/04/06, 11:14:33.776, 7868505986236, vstest.console.dll, TestRequestManager.RunTests: run tests completed.
TpTrace Verbose: 0 : 30972, 13, 2023/04/06, 11:14:33.776, 7868505986429, vstest.console.dll, MulticastDelegateUtilities.SafeInvoke: LengthPrefixCommunicationChannel: MessageReceived: Invoking callback 1/1 for Microsoft.VisualStudio.TestPlatform.CommunicationUtilities.TestRequestSender+<>c__DisplayClass34_0., took 105 ms.
TpTrace Information: 0 : 30972, 13, 2023/04/06, 11:14:33.776, 7868505986944, vstest.console.dll, SocketServer.PrivateStop: Stopping server endPoint: 127.0.0.1:54056 error: 
TpTrace Information: 0 : 30972, 1, 2023/04/06, 11:14:33.776, 7868505987248, vstest.console.dll, RunTestsArgumentProcessor:Execute: Test run is completed.
TpTrace Verbose: 0 : 30972, 1, 2023/04/06, 11:14:33.777, 7868505989211, vstest.console.dll, Executor.Execute: Exiting with exit code of 0
TpTrace Verbose: 0 : 30972, 13, 2023/04/06, 11:14:33.777, 7868505991219, vstest.console.dll, LengthPrefixCommunicationChannel.Dispose: Dispose reader and writer.
TpTrace Information: 0 : 30972, 13, 2023/04/06, 11:14:33.777, 7868505992230, vstest.console.dll, SocketServer.Stop: Raise disconnected event endPoint: 127.0.0.1:54056 error: 
TpTrace Verbose: 0 : 30972, 13, 2023/04/06, 11:14:33.777, 7868505993258, vstest.console.dll, TestRequestSender: OnTestRunAbort: Operation is already complete. Skip error message.
TpTrace Verbose: 0 : 30972, 13, 2023/04/06, 11:14:33.777, 7868505993625, vstest.console.dll, MulticastDelegateUtilities.SafeInvoke: SocketServer: ClientDisconnected: Invoking callback 1/1 for Microsoft.VisualStudio.TestPlatform.CommunicationUtilities.TestRequestSender., took 0 ms.
TpTrace Verbose: 0 : 30972, 13, 2023/04/06, 11:14:33.777, 7868505993865, vstest.console.dll, TcpClientExtensions.MessageLoopAsync: exiting MessageLoopAsync remoteEndPoint: 127.0.0.1:54057 localEndPoint: 127.0.0.1:54056
