TpTrace Verbose: 0 : 24180, 1, 2023/04/06, 11:14:32.461, 7868492831425, datacollector.dll, Version: 17.5.0-release-20221220-01
TpTrace Information: 0 : 24180, 1, 2023/04/06, 11:14:32.464, 7868492861542, datacollector.dll, DataCollectorMain.Run: Starting data collector run with args: --port,54053,--parentprocessid,30972,--diag,C:\Users\bboboc\source\repos\ExcelSheetColumnLetterToColumnNumber\ExcelSheetTest\bin\Debug\net6.0\fine-code-coverage\coverage-tool-output\diagnostics.datacollector.23-04-06_11-14-32_26089_1.log,--tracelevel,4
TpTrace Information: 0 : 24180, 1, 2023/04/06, 11:14:32.464, 7868492866748, datacollector.dll, DataCollector: Monitoring parent process with id: '30972'
TpTrace Information: 0 : 24180, 1, 2023/04/06, 11:14:32.470, 7868492921879, datacollector.dll, Trying to connect to server on socket : 127.0.0.1:54053 
TpTrace Verbose: 0 : 24180, 1, 2023/04/06, 11:14:32.476, 7868492987018, datacollector.dll, SocketCommunicationManager : SetupClientAsync : Attempting to connect to the server.
TpTrace Information: 0 : 24180, 8, 2023/04/06, 11:14:32.483, 7868493057254, datacollector.dll, Connected to the server successfully 
TpTrace Information: 0 : 24180, 8, 2023/04/06, 11:14:32.483, 7868493058200, datacollector.dll, Using the buffer size of 16384 bytes
TpTrace Information: 0 : 24180, 1, 2023/04/06, 11:14:32.555, 7868493772387, datacollector.dll, DataCollector: Start Request Processing.
TpTrace Verbose: 0 : 24180, 1, 2023/04/06, 11:14:32.555, 7868493775091, datacollector.dll, SocketCommunicationManager.WaitForServerConnection took: 0 ms, with 90000 ms timeout, and finished with True.
TpTrace Information: 0 : 24180, 1, 2023/04/06, 11:14:32.555, 7868493777739, datacollector.dll, DataCollectionRequestHandler.ProcessRequests: Datacollector received message: (DataCollection.BeforeTestRunStart) -> {"MessageType":"DataCollection.BeforeTestRunStart","Payload":{"SettingsXml":"<RunSettings><RunConfiguration><ResultsDirectory>C:\\Users\\bboboc\\source\\repos\\ExcelSheetColumnLetterToColumnNumber\\ExcelSheetTest\\bin\\Debug\\net6.0\\fine-code-coverage\\coverage-tool-output</ResultsDirectory><TargetPlatform>X64</TargetPlatform><TargetFrameworkVersion>.NETCoreApp,Version=v6.0</TargetFrameworkVersion><DesignMode>False</DesignMode><CollectSourceInformation>False</CollectSourceInformation><TestAdaptersPaths>C:\\Program Files\\dotnet\\sdk\\7.0.202\\Extensions</TestAdaptersPaths></RunConfiguration><LoggerRunSettings><Loggers><Logger friendlyName=\"blame\" enabled=\"True\" /><Logger friendlyName=\"Console\" uri=\"logger://microsoft/TestPlatform/ConsoleLogger/v1\" assemblyQualifiedName=\"Microsoft.VisualStudio.TestPlatform.CommandLine.Internal.ConsoleLogger, vstest.console, Version=15.0.0.0, Culture=neutral, PublicKeyToken=b03f5f7f11d50a3a\" codeBase=\"C:\\Program Files\\dotnet\\sdk\\7.0.202\\vstest.console.dll\" enabled=\"True\" /></Loggers></LoggerRunSettings><DataCollectionRunSettings><DataCollectors><DataCollector friendlyName=\"blame\" enabled=\"True\"><Configuration><ResultsDirectory>C:\\Users\\bboboc\\source\\repos\\ExcelSheetColumnLetterToColumnNumber\\ExcelSheetTest\\bin\\Debug\\net6.0\\fine-code-coverage\\coverage-tool-output</ResultsDirectory></Configuration></DataCollector></DataCollectors></DataCollectionRunSettings></RunSettings>","Sources":["C:\\Users\\bboboc\\source\\repos\\ExcelSheetColumnLetterToColumnNumber\\ExcelSheetTest\\bin\\Debug\\net6.0\\fine-code-coverage\\build-output\\ExcelSheetTest.dll"],"IsTelemetryOptedIn":false}}
TpTrace Verbose: 0 : 24180, 1, 2023/04/06, 11:14:32.590, 7868494120062, datacollector.dll, TestPluginCache: Update extensions started. Skip filter = False
TpTrace Verbose: 0 : 24180, 1, 2023/04/06, 11:14:32.590, 7868494126290, datacollector.dll, TestPluginCache: Using directories for assembly resolution 'C:\Program Files\dotnet\sdk\7.0.202\Extensions'.
TpTrace Verbose: 0 : 24180, 1, 2023/04/06, 11:14:32.590, 7868494127064, datacollector.dll, TestPluginCache: Updated the available extensions to 'C:\Program Files\dotnet\sdk\7.0.202\Extensions\Microsoft.TestPlatform.Extensions.BlameDataCollector.dll,C:\Program Files\dotnet\sdk\7.0.202\Extensions\Microsoft.TestPlatform.Extensions.EventLogCollector.dll'.
TpTrace Verbose: 0 : 24180, 1, 2023/04/06, 11:14:32.595, 7868494174476, datacollector.dll, TestPluginCache.DiscoverTestExtensions: finding test extensions in assemblies ends with: Collector.dll TPluginInfo: Microsoft.VisualStudio.TestPlatform.Common.DataCollector.DataCollectorConfig TExtension: Microsoft.VisualStudio.TestPlatform.ObjectModel.DataCollection.DataCollector
TpTrace Verbose: 0 : 24180, 1, 2023/04/06, 11:14:32.596, 7868494183116, datacollector.dll, TestPluginCache.GetExtensionPaths: Filtered extension paths: C:\Program Files\dotnet\sdk\7.0.202\Extensions\Microsoft.TestPlatform.Extensions.BlameDataCollector.dll
C:\Program Files\dotnet\sdk\7.0.202\Extensions\Microsoft.TestPlatform.Extensions.EventLogCollector.dll
TpTrace Verbose: 0 : 24180, 1, 2023/04/06, 11:14:32.596, 7868494183705, datacollector.dll, TestPluginCache.GetExtensionPaths: Added default extension paths: 
TpTrace Verbose: 0 : 24180, 1, 2023/04/06, 11:14:32.596, 7868494183921, datacollector.dll, TestPluginCache.GetExtensionPaths: Added unfilterableExtensionPaths: 
TpTrace Information: 0 : 24180, 1, 2023/04/06, 11:14:32.597, 7868494188387, datacollector.dll, AssemblyResolver.ctor: Creating AssemblyResolver with searchDirectories C:\Program Files\dotnet\sdk\7.0.202\Extensions,C:\Program Files\dotnet\sdk\7.0.202
TpTrace Verbose: 0 : 24180, 1, 2023/04/06, 11:14:32.598, 7868494202449, datacollector.dll, TestPluginCache.DiscoverTestExtensions: Discovering the extensions using extension path.
TpTrace Verbose: 0 : 24180, 1, 2023/04/06, 11:14:32.598, 7868494204283, datacollector.dll, TestPluginCache.GetExtensionPaths: Filtered extension paths: C:\Program Files\dotnet\sdk\7.0.202\Extensions\Microsoft.TestPlatform.Extensions.BlameDataCollector.dll
C:\Program Files\dotnet\sdk\7.0.202\Extensions\Microsoft.TestPlatform.Extensions.EventLogCollector.dll
TpTrace Verbose: 0 : 24180, 1, 2023/04/06, 11:14:32.598, 7868494204661, datacollector.dll, TestPluginCache.GetExtensionPaths: Added default extension paths: 
TpTrace Verbose: 0 : 24180, 1, 2023/04/06, 11:14:32.598, 7868494204958, datacollector.dll, TestPluginCache.GetExtensionPaths: Added unfilterableExtensionPaths: 
TpTrace Verbose: 0 : 24180, 1, 2023/04/06, 11:14:32.598, 7868494205362, datacollector.dll, TestPluginCache.DiscoverTestExtensions: Discovering the extensions using allExtensionPaths: C:\Program Files\dotnet\sdk\7.0.202\Extensions\Microsoft.TestPlatform.Extensions.BlameDataCollector.dll
C:\Program Files\dotnet\sdk\7.0.202\Extensions\Microsoft.TestPlatform.Extensions.EventLogCollector.dll
TpTrace Information: 0 : 24180, 1, 2023/04/06, 11:14:32.598, 7868494206551, datacollector.dll, AssemblyResolver.AddSearchDirectories: Adding more searchDirectories C:\Program Files\dotnet\sdk\7.0.202\Extensions,C:\Program Files\dotnet\sdk\7.0.202
TpTrace Information: 0 : 24180, 1, 2023/04/06, 11:14:32.598, 7868494207200, datacollector.dll, AssemblyResolver.AddSearchDirectories: Adding more searchDirectories C:\Program Files\dotnet\sdk\7.0.202\Extensions,C:\Program Files\dotnet\sdk\7.0.202
TpTrace Information: 0 : 24180, 1, 2023/04/06, 11:14:32.599, 7868494210409, datacollector.dll, AssemblyResolver.OnResolve: Microsoft.TestPlatform.Extensions.BlameDataCollector: Resolving assembly.
TpTrace Information: 0 : 24180, 1, 2023/04/06, 11:14:32.599, 7868494211080, datacollector.dll, AssemblyResolver.OnResolve: Microsoft.TestPlatform.Extensions.BlameDataCollector: Searching in: 'C:\Program Files\dotnet\sdk\7.0.202\Extensions'.
TpTrace Information: 0 : 24180, 1, 2023/04/06, 11:14:32.606, 7868494281940, datacollector.dll, AssemblyResolver.OnResolve: Microsoft.TestPlatform.Extensions.BlameDataCollector: Loading assembly 'C:\Program Files\dotnet\sdk\7.0.202\Extensions\Microsoft.TestPlatform.Extensions.BlameDataCollector.dll'.
TpTrace Information: 0 : 24180, 1, 2023/04/06, 11:14:32.607, 7868494291910, datacollector.dll, AssemblyResolver.OnResolve: Resolved assembly: Microsoft.TestPlatform.Extensions.BlameDataCollector, from path: C:\Program Files\dotnet\sdk\7.0.202\Extensions\Microsoft.TestPlatform.Extensions.BlameDataCollector.dll
TpTrace Verbose: 0 : 24180, 1, 2023/04/06, 11:14:32.608, 7868494299027, datacollector.dll, MetadataReaderExtensionsHelper: Discovering extensions inside assembly 'Microsoft.TestPlatform.Extensions.BlameDataCollector, Version=15.0.0.0, Culture=neutral, PublicKeyToken=b03f5f7f11d50a3a' file path 'C:\Program Files\dotnet\sdk\7.0.202\Extensions\Microsoft.TestPlatform.Extensions.BlameDataCollector.dll'
TpTrace Error: 0 : 24180, 1, 2023/04/06, 11:14:32.610, 7868494319717, datacollector.dll, The type "Microsoft.TestPlatform.Extensions.BlameDataCollector.BlameCollector" defined in "Microsoft.TestPlatform.Extensions.BlameDataCollector.dll" does not have ExtensionUri attribute.
TpTrace Information: 0 : 24180, 1, 2023/04/06, 11:14:32.610, 7868494325686, datacollector.dll, GetTestExtensionFromType: Register extension with identifier data 'datacollector://microsoft/TestPlatform/Extensions/Blame/v1' and type 'Microsoft.TestPlatform.Extensions.BlameDataCollector.BlameCollector, Microsoft.TestPlatform.Extensions.BlameDataCollector, Version=15.0.0.0, Culture=neutral, PublicKeyToken=b03f5f7f11d50a3a' inside file 'C:\Program Files\dotnet\sdk\7.0.202\Extensions\Microsoft.TestPlatform.Extensions.BlameDataCollector.dll'
TpTrace Information: 0 : 24180, 1, 2023/04/06, 11:14:32.610, 7868494326594, datacollector.dll, AssemblyResolver.OnResolve: Microsoft.TestPlatform.Extensions.EventLogCollector: Resolving assembly.
TpTrace Information: 0 : 24180, 1, 2023/04/06, 11:14:32.610, 7868494326907, datacollector.dll, AssemblyResolver.OnResolve: Microsoft.TestPlatform.Extensions.EventLogCollector: Searching in: 'C:\Program Files\dotnet\sdk\7.0.202\Extensions'.
TpTrace Information: 0 : 24180, 1, 2023/04/06, 11:14:32.611, 7868494329883, datacollector.dll, AssemblyResolver.OnResolve: Microsoft.TestPlatform.Extensions.EventLogCollector: Loading assembly 'C:\Program Files\dotnet\sdk\7.0.202\Extensions\Microsoft.TestPlatform.Extensions.EventLogCollector.dll'.
TpTrace Information: 0 : 24180, 1, 2023/04/06, 11:14:32.611, 7868494334108, datacollector.dll, AssemblyResolver.OnResolve: Resolved assembly: Microsoft.TestPlatform.Extensions.EventLogCollector, from path: C:\Program Files\dotnet\sdk\7.0.202\Extensions\Microsoft.TestPlatform.Extensions.EventLogCollector.dll
TpTrace Verbose: 0 : 24180, 1, 2023/04/06, 11:14:32.611, 7868494334755, datacollector.dll, MetadataReaderExtensionsHelper: Discovering extensions inside assembly 'Microsoft.TestPlatform.Extensions.EventLogCollector, Version=15.0.0.0, Culture=neutral, PublicKeyToken=b03f5f7f11d50a3a' file path 'C:\Program Files\dotnet\sdk\7.0.202\Extensions\Microsoft.TestPlatform.Extensions.EventLogCollector.dll'
TpTrace Error: 0 : 24180, 1, 2023/04/06, 11:14:32.613, 7868494356052, datacollector.dll, The type "Microsoft.TestPlatform.Extensions.EventLogCollector.EventLogDataCollector" defined in "Microsoft.TestPlatform.Extensions.EventLogCollector.dll" does not have ExtensionUri attribute.
TpTrace Information: 0 : 24180, 1, 2023/04/06, 11:14:32.613, 7868494357804, datacollector.dll, GetTestExtensionFromType: Register extension with identifier data 'datacollector://microsoft/EventLog/2.0' and type 'Microsoft.TestPlatform.Extensions.EventLogCollector.EventLogDataCollector, Microsoft.TestPlatform.Extensions.EventLogCollector, Version=15.0.0.0, Culture=neutral, PublicKeyToken=b03f5f7f11d50a3a' inside file 'C:\Program Files\dotnet\sdk\7.0.202\Extensions\Microsoft.TestPlatform.Extensions.EventLogCollector.dll'
TpTrace Verbose: 0 : 24180, 1, 2023/04/06, 11:14:32.614, 7868494359598, datacollector.dll, TestPluginCache: Discovered the extensions using extension path 'C:\Program Files\dotnet\sdk\7.0.202\Extensions\Microsoft.TestPlatform.Extensions.BlameDataCollector.dll,C:\Program Files\dotnet\sdk\7.0.202\Extensions\Microsoft.TestPlatform.Extensions.EventLogCollector.dll'.
TpTrace Verbose: 0 : 24180, 1, 2023/04/06, 11:14:32.614, 7868494360014, datacollector.dll, TestPluginCache: Discoverers are ''.
TpTrace Verbose: 0 : 24180, 1, 2023/04/06, 11:14:32.614, 7868494360253, datacollector.dll, TestPluginCache: Executors are ''.
TpTrace Verbose: 0 : 24180, 1, 2023/04/06, 11:14:32.614, 7868494360451, datacollector.dll, TestPluginCache: Executors2 are ''.
TpTrace Verbose: 0 : 24180, 1, 2023/04/06, 11:14:32.614, 7868494360656, datacollector.dll, TestPluginCache: Setting providers are ''.
TpTrace Verbose: 0 : 24180, 1, 2023/04/06, 11:14:32.614, 7868494360828, datacollector.dll, TestPluginCache: Loggers are ''.
TpTrace Verbose: 0 : 24180, 1, 2023/04/06, 11:14:32.614, 7868494360997, datacollector.dll, TestPluginCache: TestHosts are ''.
TpTrace Verbose: 0 : 24180, 1, 2023/04/06, 11:14:32.614, 7868494361545, datacollector.dll, TestPluginCache: DataCollectors are 'datacollector://microsoft/TestPlatform/Extensions/Blame/v1,datacollector://microsoft/EventLog/2.0'.
TpTrace Information: 0 : 24180, 1, 2023/04/06, 11:14:32.615, 7868494372022, datacollector.dll, TestPluginManager.CreateTestExtension: Attempting to load test extension: Microsoft.TestPlatform.Extensions.BlameDataCollector.BlameCollector
TpTrace Information: 0 : 24180, 1, 2023/04/06, 11:14:32.618, 7868494403544, datacollector.dll, [MonitorPostmortemDump]Monitor enabled: 'False'
TpTrace Verbose: 0 : 24180, 1, 2023/04/06, 11:14:32.619, 7868494409209, datacollector.dll, MulticastDelegateUtilities.SafeInvoke: DataCollectionEvents.SessionStart: Invoking callbacks was skipped because there are no subscribers.
TpTrace Information: 0 : 24180, 1, 2023/04/06, 11:14:32.619, 7868494412918, datacollector.dll, Listening on Endpoint : 127.0.0.1:54055
TpTrace Information: 0 : 24180, 1, 2023/04/06, 11:14:32.625, 7868494469123, datacollector.dll, DataCollectionRequestHandler.ProcessRequests : DataCollection started.
TpTrace Information: 0 : 24180, 1, 2023/04/06, 11:14:32.663, 7868494857194, datacollector.dll, DataCollectionRequestHandler.ProcessRequests: Datacollector received message: (DataCollection.TestHostLaunched) -> {"MessageType":"DataCollection.TestHostLaunched","Payload":{"ProcessId":8320}}
TpTrace Verbose: 0 : 24180, 1, 2023/04/06, 11:14:32.665, 7868494874895, datacollector.dll, MulticastDelegateUtilities.SafeInvoke: DataCollectionEvents.TestHostLaunched: Invoking callback 1/1 for Microsoft.TestPlatform.Extensions.BlameDataCollector.BlameCollector., took 0 ms.
TpTrace Information: 0 : 24180, 6, 2023/04/06, 11:14:32.864, 7868496861294, datacollector.dll, Using the buffer size of 16384 bytes
TpTrace Verbose: 0 : 24180, 8, 2023/04/06, 11:14:32.864, 7868496861358, datacollector.dll, SocketCommunicationManager.WaitForClientConnection took: 242 ms, with 90000 ms timeout, and finished with True.
TpTrace Information: 0 : 24180, 6, 2023/04/06, 11:14:32.864, 7868496862536, datacollector.dll, Accepted Client request and set the flag
TpTrace Information: 0 : 24180, 8, 2023/04/06, 11:14:33.546, 7868503681632, datacollector.dll, DataCollectionTestCaseEventHandler: Test case starting.
TpTrace Information: 0 : 24180, 8, 2023/04/06, 11:14:33.557, 7868503789437, datacollector.dll, BlameCollector.EventsTestCaseStart: Test Case Start
TpTrace Verbose: 0 : 24180, 8, 2023/04/06, 11:14:33.557, 7868503792751, datacollector.dll, MulticastDelegateUtilities.SafeInvoke: DataCollectionEvents.TestCaseStart: Invoking callback 1/1 for Microsoft.TestPlatform.Extensions.BlameDataCollector.BlameCollector., took 0 ms.
TpTrace Information: 0 : 24180, 8, 2023/04/06, 11:14:33.557, 7868503795548, datacollector.dll, DataCollectionTestCaseEventHandler: Test case 'ExcelSheetTest.UnitTest1.TestForSingleLetter_ValueIsPredefined_ShouleBeEqual(letter: "C", number: 3) - 304eb439-9d36-3679-73ca-407d7de74b41' started.
TpTrace Information: 0 : 24180, 8, 2023/04/06, 11:14:33.562, 7868503844513, datacollector.dll, DataCollectionTestCaseEventHandler: Test case completing.
TpTrace Information: 0 : 24180, 8, 2023/04/06, 11:14:33.566, 7868503881962, datacollector.dll, BlameCollector.EventsTestCaseEnd: Test Case End
TpTrace Verbose: 0 : 24180, 8, 2023/04/06, 11:14:33.566, 7868503885084, datacollector.dll, MulticastDelegateUtilities.SafeInvoke: DataCollectionEvents.TestCaseEnd: Invoking callback 1/1 for Microsoft.TestPlatform.Extensions.BlameDataCollector.BlameCollector., took 0 ms.
TpTrace Information: 0 : 24180, 8, 2023/04/06, 11:14:33.569, 7868503908912, datacollector.dll, DataCollectionTestCaseEventHandler: Test case 'ExcelSheetTest.UnitTest1.TestForSingleLetter_ValueIsPredefined_ShouleBeEqual(letter: "C", number: 3) - 304eb439-9d36-3679-73ca-407d7de74b41' completed
TpTrace Information: 0 : 24180, 8, 2023/04/06, 11:14:33.576, 7868503986615, datacollector.dll, DataCollectionTestCaseEventHandler: Test case starting.
TpTrace Information: 0 : 24180, 8, 2023/04/06, 11:14:33.577, 7868503998124, datacollector.dll, BlameCollector.EventsTestCaseStart: Test Case Start
TpTrace Verbose: 0 : 24180, 8, 2023/04/06, 11:14:33.578, 7868504000527, datacollector.dll, MulticastDelegateUtilities.SafeInvoke: DataCollectionEvents.TestCaseStart: Invoking callback 1/1 for Microsoft.TestPlatform.Extensions.BlameDataCollector.BlameCollector., took 0 ms.
TpTrace Information: 0 : 24180, 8, 2023/04/06, 11:14:33.578, 7868504004635, datacollector.dll, DataCollectionTestCaseEventHandler: Test case 'ExcelSheetTest.UnitTest1.TestForSingleLetter_ValueIsPredefined_ShouleBeEqual(letter: "Y", number: 25) - 97361a18-8ea5-3407-1b17-e58f808172ba' started.
TpTrace Information: 0 : 24180, 8, 2023/04/06, 11:14:33.579, 7868504010890, datacollector.dll, DataCollectionTestCaseEventHandler: Test case completing.
TpTrace Information: 0 : 24180, 8, 2023/04/06, 11:14:33.580, 7868504022099, datacollector.dll, BlameCollector.EventsTestCaseEnd: Test Case End
TpTrace Verbose: 0 : 24180, 8, 2023/04/06, 11:14:33.580, 7868504023505, datacollector.dll, MulticastDelegateUtilities.SafeInvoke: DataCollectionEvents.TestCaseEnd: Invoking callback 1/1 for Microsoft.TestPlatform.Extensions.BlameDataCollector.BlameCollector., took 0 ms.
TpTrace Information: 0 : 24180, 8, 2023/04/06, 11:14:33.580, 7868504026620, datacollector.dll, DataCollectionTestCaseEventHandler: Test case 'ExcelSheetTest.UnitTest1.TestForSingleLetter_ValueIsPredefined_ShouleBeEqual(letter: "Y", number: 25) - 97361a18-8ea5-3407-1b17-e58f808172ba' completed
TpTrace Information: 0 : 24180, 8, 2023/04/06, 11:14:33.581, 7868504036369, datacollector.dll, DataCollectionTestCaseEventHandler: Test case starting.
TpTrace Information: 0 : 24180, 8, 2023/04/06, 11:14:33.582, 7868504043870, datacollector.dll, BlameCollector.EventsTestCaseStart: Test Case Start
TpTrace Verbose: 0 : 24180, 8, 2023/04/06, 11:14:33.582, 7868504045421, datacollector.dll, MulticastDelegateUtilities.SafeInvoke: DataCollectionEvents.TestCaseStart: Invoking callback 1/1 for Microsoft.TestPlatform.Extensions.BlameDataCollector.BlameCollector., took 0 ms.
TpTrace Information: 0 : 24180, 8, 2023/04/06, 11:14:33.582, 7868504047949, datacollector.dll, DataCollectionTestCaseEventHandler: Test case 'ExcelSheetTest.UnitTest1.TestForSingleLetter_ValueIsPredefined_ShouleBeEqual(letter: "D", number: 4) - 43e3e605-84d1-94bf-46b1-81fe33a56a26' started.
TpTrace Information: 0 : 24180, 8, 2023/04/06, 11:14:33.583, 7868504052690, datacollector.dll, DataCollectionTestCaseEventHandler: Test case completing.
TpTrace Information: 0 : 24180, 8, 2023/04/06, 11:14:33.583, 7868504057761, datacollector.dll, BlameCollector.EventsTestCaseEnd: Test Case End
TpTrace Verbose: 0 : 24180, 8, 2023/04/06, 11:14:33.584, 7868504058637, datacollector.dll, MulticastDelegateUtilities.SafeInvoke: DataCollectionEvents.TestCaseEnd: Invoking callback 1/1 for Microsoft.TestPlatform.Extensions.BlameDataCollector.BlameCollector., took 0 ms.
TpTrace Information: 0 : 24180, 8, 2023/04/06, 11:14:33.584, 7868504060185, datacollector.dll, DataCollectionTestCaseEventHandler: Test case 'ExcelSheetTest.UnitTest1.TestForSingleLetter_ValueIsPredefined_ShouleBeEqual(letter: "D", number: 4) - 43e3e605-84d1-94bf-46b1-81fe33a56a26' completed
TpTrace Information: 0 : 24180, 8, 2023/04/06, 11:14:33.585, 7868504068904, datacollector.dll, DataCollectionTestCaseEventHandler: Test case starting.
TpTrace Information: 0 : 24180, 8, 2023/04/06, 11:14:33.585, 7868504073997, datacollector.dll, BlameCollector.EventsTestCaseStart: Test Case Start
TpTrace Verbose: 0 : 24180, 8, 2023/04/06, 11:14:33.585, 7868504075253, datacollector.dll, MulticastDelegateUtilities.SafeInvoke: DataCollectionEvents.TestCaseStart: Invoking callback 1/1 for Microsoft.TestPlatform.Extensions.BlameDataCollector.BlameCollector., took 0 ms.
TpTrace Information: 0 : 24180, 8, 2023/04/06, 11:14:33.585, 7868504077485, datacollector.dll, DataCollectionTestCaseEventHandler: Test case 'ExcelSheetTest.UnitTest1.TestForSingleLetter_ValueIsPredefined_ShouleBeEqual(letter: "E", number: 5) - 9a77524a-f0ea-5af7-daba-97be4ea9073c' started.
TpTrace Information: 0 : 24180, 8, 2023/04/06, 11:14:33.586, 7868504083838, datacollector.dll, DataCollectionTestCaseEventHandler: Test case completing.
TpTrace Information: 0 : 24180, 8, 2023/04/06, 11:14:33.587, 7868504089811, datacollector.dll, BlameCollector.EventsTestCaseEnd: Test Case End
TpTrace Verbose: 0 : 24180, 8, 2023/04/06, 11:14:33.587, 7868504090815, datacollector.dll, MulticastDelegateUtilities.SafeInvoke: DataCollectionEvents.TestCaseEnd: Invoking callback 1/1 for Microsoft.TestPlatform.Extensions.BlameDataCollector.BlameCollector., took 0 ms.
TpTrace Information: 0 : 24180, 8, 2023/04/06, 11:14:33.587, 7868504092734, datacollector.dll, DataCollectionTestCaseEventHandler: Test case 'ExcelSheetTest.UnitTest1.TestForSingleLetter_ValueIsPredefined_ShouleBeEqual(letter: "E", number: 5) - 9a77524a-f0ea-5af7-daba-97be4ea9073c' completed
TpTrace Information: 0 : 24180, 8, 2023/04/06, 11:14:33.588, 7868504098811, datacollector.dll, DataCollectionTestCaseEventHandler: Test case starting.
TpTrace Information: 0 : 24180, 8, 2023/04/06, 11:14:33.588, 7868504103753, datacollector.dll, BlameCollector.EventsTestCaseStart: Test Case Start
TpTrace Verbose: 0 : 24180, 8, 2023/04/06, 11:14:33.588, 7868504104826, datacollector.dll, MulticastDelegateUtilities.SafeInvoke: DataCollectionEvents.TestCaseStart: Invoking callback 1/1 for Microsoft.TestPlatform.Extensions.BlameDataCollector.BlameCollector., took 0 ms.
TpTrace Information: 0 : 24180, 8, 2023/04/06, 11:14:33.588, 7868504106253, datacollector.dll, DataCollectionTestCaseEventHandler: Test case 'ExcelSheetTest.UnitTest1.TestForSingleLetter_ValueIsPredefined_ShouleBeEqual(letter: "A", number: 1) - da67768b-0f14-ebc1-661e-56add6404903' started.
TpTrace Information: 0 : 24180, 8, 2023/04/06, 11:14:33.589, 7868504110626, datacollector.dll, DataCollectionTestCaseEventHandler: Test case completing.
TpTrace Information: 0 : 24180, 8, 2023/04/06, 11:14:33.594, 7868504161787, datacollector.dll, BlameCollector.EventsTestCaseEnd: Test Case End
TpTrace Verbose: 0 : 24180, 8, 2023/04/06, 11:14:33.594, 7868504164357, datacollector.dll, MulticastDelegateUtilities.SafeInvoke: DataCollectionEvents.TestCaseEnd: Invoking callback 1/1 for Microsoft.TestPlatform.Extensions.BlameDataCollector.BlameCollector., took 0 ms.
TpTrace Information: 0 : 24180, 8, 2023/04/06, 11:14:33.594, 7868504167669, datacollector.dll, DataCollectionTestCaseEventHandler: Test case 'ExcelSheetTest.UnitTest1.TestForSingleLetter_ValueIsPredefined_ShouleBeEqual(letter: "A", number: 1) - da67768b-0f14-ebc1-661e-56add6404903' completed
TpTrace Information: 0 : 24180, 8, 2023/04/06, 11:14:33.595, 7868504174987, datacollector.dll, DataCollectionTestCaseEventHandler: Test case starting.
TpTrace Information: 0 : 24180, 8, 2023/04/06, 11:14:33.596, 7868504180958, datacollector.dll, BlameCollector.EventsTestCaseStart: Test Case Start
TpTrace Verbose: 0 : 24180, 8, 2023/04/06, 11:14:33.596, 7868504181795, datacollector.dll, MulticastDelegateUtilities.SafeInvoke: DataCollectionEvents.TestCaseStart: Invoking callback 1/1 for Microsoft.TestPlatform.Extensions.BlameDataCollector.BlameCollector., took 0 ms.
TpTrace Information: 0 : 24180, 8, 2023/04/06, 11:14:33.596, 7868504183652, datacollector.dll, DataCollectionTestCaseEventHandler: Test case 'ExcelSheetTest.UnitTest1.TestForSingleLetter_ValueIsPredefined_ShouleBeEqual(letter: "X", number: 24) - bcd3e726-9455-133a-e644-4fd28019557f' started.
TpTrace Information: 0 : 24180, 8, 2023/04/06, 11:14:33.596, 7868504187358, datacollector.dll, DataCollectionTestCaseEventHandler: Test case completing.
TpTrace Information: 0 : 24180, 8, 2023/04/06, 11:14:33.597, 7868504190718, datacollector.dll, BlameCollector.EventsTestCaseEnd: Test Case End
TpTrace Verbose: 0 : 24180, 8, 2023/04/06, 11:14:33.597, 7868504191181, datacollector.dll, MulticastDelegateUtilities.SafeInvoke: DataCollectionEvents.TestCaseEnd: Invoking callback 1/1 for Microsoft.TestPlatform.Extensions.BlameDataCollector.BlameCollector., took 0 ms.
TpTrace Information: 0 : 24180, 8, 2023/04/06, 11:14:33.597, 7868504192222, datacollector.dll, DataCollectionTestCaseEventHandler: Test case 'ExcelSheetTest.UnitTest1.TestForSingleLetter_ValueIsPredefined_ShouleBeEqual(letter: "X", number: 24) - bcd3e726-9455-133a-e644-4fd28019557f' completed
TpTrace Information: 0 : 24180, 8, 2023/04/06, 11:14:33.597, 7868504198231, datacollector.dll, DataCollectionTestCaseEventHandler: Test case starting.
TpTrace Information: 0 : 24180, 8, 2023/04/06, 11:14:33.598, 7868504202938, datacollector.dll, BlameCollector.EventsTestCaseStart: Test Case Start
TpTrace Verbose: 0 : 24180, 8, 2023/04/06, 11:14:33.598, 7868504203756, datacollector.dll, MulticastDelegateUtilities.SafeInvoke: DataCollectionEvents.TestCaseStart: Invoking callback 1/1 for Microsoft.TestPlatform.Extensions.BlameDataCollector.BlameCollector., took 0 ms.
TpTrace Information: 0 : 24180, 8, 2023/04/06, 11:14:33.598, 7868504204910, datacollector.dll, DataCollectionTestCaseEventHandler: Test case 'ExcelSheetTest.UnitTest1.TestForSingleLetter_ValueIsPredefined_ShouleBeEqual(letter: "B", number: 2) - d3aa1eea-91ff-dd6f-4263-375841e7fb98' started.
TpTrace Information: 0 : 24180, 8, 2023/04/06, 11:14:33.599, 7868504209650, datacollector.dll, DataCollectionTestCaseEventHandler: Test case completing.
TpTrace Information: 0 : 24180, 8, 2023/04/06, 11:14:33.599, 7868504214845, datacollector.dll, BlameCollector.EventsTestCaseEnd: Test Case End
TpTrace Verbose: 0 : 24180, 8, 2023/04/06, 11:14:33.599, 7868504215556, datacollector.dll, MulticastDelegateUtilities.SafeInvoke: DataCollectionEvents.TestCaseEnd: Invoking callback 1/1 for Microsoft.TestPlatform.Extensions.BlameDataCollector.BlameCollector., took 0 ms.
TpTrace Information: 0 : 24180, 8, 2023/04/06, 11:14:33.599, 7868504217170, datacollector.dll, DataCollectionTestCaseEventHandler: Test case 'ExcelSheetTest.UnitTest1.TestForSingleLetter_ValueIsPredefined_ShouleBeEqual(letter: "B", number: 2) - d3aa1eea-91ff-dd6f-4263-375841e7fb98' completed
TpTrace Information: 0 : 24180, 8, 2023/04/06, 11:14:33.600, 7868504221197, datacollector.dll, DataCollectionTestCaseEventHandler: Test case starting.
TpTrace Information: 0 : 24180, 8, 2023/04/06, 11:14:33.600, 7868504225588, datacollector.dll, BlameCollector.EventsTestCaseStart: Test Case Start
TpTrace Verbose: 0 : 24180, 8, 2023/04/06, 11:14:33.600, 7868504226471, datacollector.dll, MulticastDelegateUtilities.SafeInvoke: DataCollectionEvents.TestCaseStart: Invoking callback 1/1 for Microsoft.TestPlatform.Extensions.BlameDataCollector.BlameCollector., took 0 ms.
TpTrace Information: 0 : 24180, 8, 2023/04/06, 11:14:33.600, 7868504227754, datacollector.dll, DataCollectionTestCaseEventHandler: Test case 'ExcelSheetTest.UnitTest1.TestForSingleLetter_ValueIsPredefined_ShouleBeEqual(letter: "Z", number: 26) - d4bfee8c-c6b2-47b6-d801-a6e580d91a0b' started.
TpTrace Information: 0 : 24180, 8, 2023/04/06, 11:14:33.601, 7868504230836, datacollector.dll, DataCollectionTestCaseEventHandler: Test case completing.
TpTrace Information: 0 : 24180, 8, 2023/04/06, 11:14:33.601, 7868504235188, datacollector.dll, BlameCollector.EventsTestCaseEnd: Test Case End
TpTrace Verbose: 0 : 24180, 8, 2023/04/06, 11:14:33.601, 7868504235876, datacollector.dll, MulticastDelegateUtilities.SafeInvoke: DataCollectionEvents.TestCaseEnd: Invoking callback 1/1 for Microsoft.TestPlatform.Extensions.BlameDataCollector.BlameCollector., took 0 ms.
TpTrace Information: 0 : 24180, 8, 2023/04/06, 11:14:33.601, 7868504237294, datacollector.dll, DataCollectionTestCaseEventHandler: Test case 'ExcelSheetTest.UnitTest1.TestForSingleLetter_ValueIsPredefined_ShouleBeEqual(letter: "Z", number: 26) - d4bfee8c-c6b2-47b6-d801-a6e580d91a0b' completed
TpTrace Information: 0 : 24180, 8, 2023/04/06, 11:14:33.602, 7868504241162, datacollector.dll, DataCollectionTestCaseEventHandler: Test case starting.
TpTrace Information: 0 : 24180, 8, 2023/04/06, 11:14:33.602, 7868504245457, datacollector.dll, BlameCollector.EventsTestCaseStart: Test Case Start
TpTrace Verbose: 0 : 24180, 8, 2023/04/06, 11:14:33.602, 7868504246241, datacollector.dll, MulticastDelegateUtilities.SafeInvoke: DataCollectionEvents.TestCaseStart: Invoking callback 1/1 for Microsoft.TestPlatform.Extensions.BlameDataCollector.BlameCollector., took 0 ms.
TpTrace Information: 0 : 24180, 8, 2023/04/06, 11:14:33.603, 7868504248447, datacollector.dll, DataCollectionTestCaseEventHandler: Test case 'ExcelSheetTest.UnitTest1.MultipleLetters_TestingForLowerCaseAndRandomChars_ShouldThrowErrorWhenCharacterIsNotAllowed(letter: "BB ", allowsmall: True, shouldThrowException: True) - a2103016-c9ff-fe4c-e401-9e67a2b16feb' started.
TpTrace Information: 0 : 24180, 8, 2023/04/06, 11:14:33.603, 7868504251267, datacollector.dll, DataCollectionTestCaseEventHandler: Test case completing.
TpTrace Information: 0 : 24180, 8, 2023/04/06, 11:14:33.603, 7868504255757, datacollector.dll, BlameCollector.EventsTestCaseEnd: Test Case End
TpTrace Verbose: 0 : 24180, 8, 2023/04/06, 11:14:33.603, 7868504256515, datacollector.dll, MulticastDelegateUtilities.SafeInvoke: DataCollectionEvents.TestCaseEnd: Invoking callback 1/1 for Microsoft.TestPlatform.Extensions.BlameDataCollector.BlameCollector., took 0 ms.
TpTrace Information: 0 : 24180, 8, 2023/04/06, 11:14:33.604, 7868504258999, datacollector.dll, DataCollectionTestCaseEventHandler: Test case 'ExcelSheetTest.UnitTest1.MultipleLetters_TestingForLowerCaseAndRandomChars_ShouldThrowErrorWhenCharacterIsNotAllowed(letter: "BB ", allowsmall: True, shouldThrowException: True) - a2103016-c9ff-fe4c-e401-9e67a2b16feb' completed
TpTrace Information: 0 : 24180, 8, 2023/04/06, 11:14:33.630, 7868504522152, datacollector.dll, DataCollectionTestCaseEventHandler: Test case starting.
TpTrace Information: 0 : 24180, 8, 2023/04/06, 11:14:33.631, 7868504528343, datacollector.dll, BlameCollector.EventsTestCaseStart: Test Case Start
TpTrace Verbose: 0 : 24180, 8, 2023/04/06, 11:14:33.631, 7868504529375, datacollector.dll, MulticastDelegateUtilities.SafeInvoke: DataCollectionEvents.TestCaseStart: Invoking callback 1/1 for Microsoft.TestPlatform.Extensions.BlameDataCollector.BlameCollector., took 0 ms.
TpTrace Information: 0 : 24180, 8, 2023/04/06, 11:14:33.631, 7868504531419, datacollector.dll, DataCollectionTestCaseEventHandler: Test case 'ExcelSheetTest.UnitTest1.MultipleLetters_TestingForLowerCaseAndRandomChars_ShouldThrowErrorWhenCharacterIsNotAllowed(letter: "Bb", allowsmall: True, shouldThrowException: False) - 723ba0d1-f89c-1db3-4fd3-4f8d048d1fc9' started.
TpTrace Information: 0 : 24180, 8, 2023/04/06, 11:14:33.631, 7868504534994, datacollector.dll, DataCollectionTestCaseEventHandler: Test case completing.
TpTrace Information: 0 : 24180, 8, 2023/04/06, 11:14:33.632, 7868504539222, datacollector.dll, BlameCollector.EventsTestCaseEnd: Test Case End
TpTrace Verbose: 0 : 24180, 8, 2023/04/06, 11:14:33.632, 7868504539902, datacollector.dll, MulticastDelegateUtilities.SafeInvoke: DataCollectionEvents.TestCaseEnd: Invoking callback 1/1 for Microsoft.TestPlatform.Extensions.BlameDataCollector.BlameCollector., took 0 ms.
TpTrace Information: 0 : 24180, 8, 2023/04/06, 11:14:33.632, 7868504541272, datacollector.dll, DataCollectionTestCaseEventHandler: Test case 'ExcelSheetTest.UnitTest1.MultipleLetters_TestingForLowerCaseAndRandomChars_ShouldThrowErrorWhenCharacterIsNotAllowed(letter: "Bb", allowsmall: True, shouldThrowException: False) - 723ba0d1-f89c-1db3-4fd3-4f8d048d1fc9' completed
TpTrace Information: 0 : 24180, 8, 2023/04/06, 11:14:33.633, 7868504549536, datacollector.dll, DataCollectionTestCaseEventHandler: Test case starting.
TpTrace Information: 0 : 24180, 8, 2023/04/06, 11:14:33.633, 7868504553621, datacollector.dll, BlameCollector.EventsTestCaseStart: Test Case Start
TpTrace Verbose: 0 : 24180, 8, 2023/04/06, 11:14:33.633, 7868504554279, datacollector.dll, MulticastDelegateUtilities.SafeInvoke: DataCollectionEvents.TestCaseStart: Invoking callback 1/1 for Microsoft.TestPlatform.Extensions.BlameDataCollector.BlameCollector., took 0 ms.
TpTrace Information: 0 : 24180, 8, 2023/04/06, 11:14:33.633, 7868504555407, datacollector.dll, DataCollectionTestCaseEventHandler: Test case 'ExcelSheetTest.UnitTest1.MultipleLetters_TestingForLowerCaseAndRandomChars_ShouldThrowErrorWhenCharacterIsNotAllowed(letter: "BQ@", allowsmall: False, shouldThrowException: True) - 3349fca0-e93d-755f-056a-d76ec67fd25b' started.
TpTrace Information: 0 : 24180, 8, 2023/04/06, 11:14:33.634, 7868504562816, datacollector.dll, DataCollectionTestCaseEventHandler: Test case completing.
TpTrace Information: 0 : 24180, 8, 2023/04/06, 11:14:33.634, 7868504566814, datacollector.dll, BlameCollector.EventsTestCaseEnd: Test Case End
TpTrace Verbose: 0 : 24180, 8, 2023/04/06, 11:14:33.634, 7868504567677, datacollector.dll, MulticastDelegateUtilities.SafeInvoke: DataCollectionEvents.TestCaseEnd: Invoking callback 1/1 for Microsoft.TestPlatform.Extensions.BlameDataCollector.BlameCollector., took 0 ms.
TpTrace Information: 0 : 24180, 8, 2023/04/06, 11:14:33.635, 7868504569201, datacollector.dll, DataCollectionTestCaseEventHandler: Test case 'ExcelSheetTest.UnitTest1.MultipleLetters_TestingForLowerCaseAndRandomChars_ShouldThrowErrorWhenCharacterIsNotAllowed(letter: "BQ@", allowsmall: False, shouldThrowException: True) - 3349fca0-e93d-755f-056a-d76ec67fd25b' completed
TpTrace Information: 0 : 24180, 8, 2023/04/06, 11:14:33.635, 7868504576765, datacollector.dll, DataCollectionTestCaseEventHandler: Test case starting.
TpTrace Information: 0 : 24180, 8, 2023/04/06, 11:14:33.636, 7868504579828, datacollector.dll, BlameCollector.EventsTestCaseStart: Test Case Start
TpTrace Verbose: 0 : 24180, 8, 2023/04/06, 11:14:33.636, 7868504580500, datacollector.dll, MulticastDelegateUtilities.SafeInvoke: DataCollectionEvents.TestCaseStart: Invoking callback 1/1 for Microsoft.TestPlatform.Extensions.BlameDataCollector.BlameCollector., took 0 ms.
TpTrace Information: 0 : 24180, 8, 2023/04/06, 11:14:33.636, 7868504581474, datacollector.dll, DataCollectionTestCaseEventHandler: Test case 'ExcelSheetTest.UnitTest1.MultipleLetters_TestingForLowerCaseAndRandomChars_ShouldThrowErrorWhenCharacterIsNotAllowed(letter: "AA", allowsmall: False, shouldThrowException: False) - e1c0a396-e525-93ff-4d4f-b79ef8bdd337' started.
TpTrace Information: 0 : 24180, 8, 2023/04/06, 11:14:33.636, 7868504586120, datacollector.dll, DataCollectionTestCaseEventHandler: Test case completing.
TpTrace Information: 0 : 24180, 8, 2023/04/06, 11:14:33.637, 7868504588591, datacollector.dll, BlameCollector.EventsTestCaseEnd: Test Case End
TpTrace Verbose: 0 : 24180, 8, 2023/04/06, 11:14:33.637, 7868504589065, datacollector.dll, MulticastDelegateUtilities.SafeInvoke: DataCollectionEvents.TestCaseEnd: Invoking callback 1/1 for Microsoft.TestPlatform.Extensions.BlameDataCollector.BlameCollector., took 0 ms.
TpTrace Information: 0 : 24180, 8, 2023/04/06, 11:14:33.637, 7868504589941, datacollector.dll, DataCollectionTestCaseEventHandler: Test case 'ExcelSheetTest.UnitTest1.MultipleLetters_TestingForLowerCaseAndRandomChars_ShouldThrowErrorWhenCharacterIsNotAllowed(letter: "AA", allowsmall: False, shouldThrowException: False) - e1c0a396-e525-93ff-4d4f-b79ef8bdd337' completed
TpTrace Information: 0 : 24180, 8, 2023/04/06, 11:14:33.637, 7868504594489, datacollector.dll, DataCollectionTestCaseEventHandler: Test case starting.
TpTrace Information: 0 : 24180, 8, 2023/04/06, 11:14:33.638, 7868504599332, datacollector.dll, BlameCollector.EventsTestCaseStart: Test Case Start
TpTrace Verbose: 0 : 24180, 8, 2023/04/06, 11:14:33.638, 7868504600056, datacollector.dll, MulticastDelegateUtilities.SafeInvoke: DataCollectionEvents.TestCaseStart: Invoking callback 1/1 for Microsoft.TestPlatform.Extensions.BlameDataCollector.BlameCollector., took 0 ms.
TpTrace Information: 0 : 24180, 8, 2023/04/06, 11:14:33.638, 7868504601182, datacollector.dll, DataCollectionTestCaseEventHandler: Test case 'ExcelSheetTest.UnitTest1.MultipleLetters_TestingForLowerCaseAndRandomChars_ShouldThrowErrorWhenCharacterIsNotAllowed(letter: "BA3", allowsmall: True, shouldThrowException: True) - 3c6ab964-2c26-d7b1-f779-5bb64db93bd6' started.
TpTrace Information: 0 : 24180, 8, 2023/04/06, 11:14:33.638, 7868504605245, datacollector.dll, DataCollectionTestCaseEventHandler: Test case completing.
TpTrace Information: 0 : 24180, 8, 2023/04/06, 11:14:33.639, 7868504610161, datacollector.dll, BlameCollector.EventsTestCaseEnd: Test Case End
TpTrace Verbose: 0 : 24180, 8, 2023/04/06, 11:14:33.639, 7868504611075, datacollector.dll, MulticastDelegateUtilities.SafeInvoke: DataCollectionEvents.TestCaseEnd: Invoking callback 1/1 for Microsoft.TestPlatform.Extensions.BlameDataCollector.BlameCollector., took 0 ms.
TpTrace Information: 0 : 24180, 8, 2023/04/06, 11:14:33.639, 7868504612636, datacollector.dll, DataCollectionTestCaseEventHandler: Test case 'ExcelSheetTest.UnitTest1.MultipleLetters_TestingForLowerCaseAndRandomChars_ShouldThrowErrorWhenCharacterIsNotAllowed(letter: "BA3", allowsmall: True, shouldThrowException: True) - 3c6ab964-2c26-d7b1-f779-5bb64db93bd6' completed
TpTrace Information: 0 : 24180, 8, 2023/04/06, 11:14:33.639, 7868504617118, datacollector.dll, DataCollectionTestCaseEventHandler: Test case starting.
TpTrace Information: 0 : 24180, 8, 2023/04/06, 11:14:33.642, 7868504641357, datacollector.dll, BlameCollector.EventsTestCaseStart: Test Case Start
TpTrace Verbose: 0 : 24180, 8, 2023/04/06, 11:14:33.642, 7868504643104, datacollector.dll, MulticastDelegateUtilities.SafeInvoke: DataCollectionEvents.TestCaseStart: Invoking callback 1/1 for Microsoft.TestPlatform.Extensions.BlameDataCollector.BlameCollector., took 0 ms.
TpTrace Information: 0 : 24180, 8, 2023/04/06, 11:14:33.642, 7868504645276, datacollector.dll, DataCollectionTestCaseEventHandler: Test case 'ExcelSheetTest.UnitTest1.MultipleLetters_TestingForLowerCaseAndRandomChars_ShouldThrowErrorWhenCharacterIsNotAllowed(letter: "Yz", allowsmall: False, shouldThrowException: True) - 4fcda75f-d582-33ed-1eb2-3a1959f80740' started.
TpTrace Information: 0 : 24180, 8, 2023/04/06, 11:14:33.643, 7868504652582, datacollector.dll, DataCollectionTestCaseEventHandler: Test case completing.
TpTrace Information: 0 : 24180, 8, 2023/04/06, 11:14:33.644, 7868504659810, datacollector.dll, BlameCollector.EventsTestCaseEnd: Test Case End
TpTrace Verbose: 0 : 24180, 8, 2023/04/06, 11:14:33.644, 7868504661220, datacollector.dll, MulticastDelegateUtilities.SafeInvoke: DataCollectionEvents.TestCaseEnd: Invoking callback 1/1 for Microsoft.TestPlatform.Extensions.BlameDataCollector.BlameCollector., took 0 ms.
TpTrace Information: 0 : 24180, 8, 2023/04/06, 11:14:33.644, 7868504663811, datacollector.dll, DataCollectionTestCaseEventHandler: Test case 'ExcelSheetTest.UnitTest1.MultipleLetters_TestingForLowerCaseAndRandomChars_ShouldThrowErrorWhenCharacterIsNotAllowed(letter: "Yz", allowsmall: False, shouldThrowException: True) - 4fcda75f-d582-33ed-1eb2-3a1959f80740' completed
TpTrace Information: 0 : 24180, 8, 2023/04/06, 11:14:33.645, 7868504671941, datacollector.dll, DataCollectionTestCaseEventHandler: Test case starting.
TpTrace Information: 0 : 24180, 8, 2023/04/06, 11:14:33.645, 7868504676111, datacollector.dll, BlameCollector.EventsTestCaseStart: Test Case Start
TpTrace Verbose: 0 : 24180, 8, 2023/04/06, 11:14:33.645, 7868504676782, datacollector.dll, MulticastDelegateUtilities.SafeInvoke: DataCollectionEvents.TestCaseStart: Invoking callback 1/1 for Microsoft.TestPlatform.Extensions.BlameDataCollector.BlameCollector., took 0 ms.
TpTrace Information: 0 : 24180, 8, 2023/04/06, 11:14:33.645, 7868504677960, datacollector.dll, DataCollectionTestCaseEventHandler: Test case 'ExcelSheetTest.UnitTest1.TestForMultipleLetters_ValueIsPredefined_ShouleBeEqual(letter: "YZ", number: 676) - bf78f7fe-8c37-6404-202d-7ebcceb5ca75' started.
TpTrace Information: 0 : 24180, 8, 2023/04/06, 11:14:33.646, 7868504685314, datacollector.dll, DataCollectionTestCaseEventHandler: Test case completing.
TpTrace Information: 0 : 24180, 8, 2023/04/06, 11:14:33.647, 7868504689350, datacollector.dll, BlameCollector.EventsTestCaseEnd: Test Case End
TpTrace Verbose: 0 : 24180, 8, 2023/04/06, 11:14:33.647, 7868504689895, datacollector.dll, MulticastDelegateUtilities.SafeInvoke: DataCollectionEvents.TestCaseEnd: Invoking callback 1/1 for Microsoft.TestPlatform.Extensions.BlameDataCollector.BlameCollector., took 0 ms.
TpTrace Information: 0 : 24180, 8, 2023/04/06, 11:14:33.647, 7868504691354, datacollector.dll, DataCollectionTestCaseEventHandler: Test case 'ExcelSheetTest.UnitTest1.TestForMultipleLetters_ValueIsPredefined_ShouleBeEqual(letter: "YZ", number: 676) - bf78f7fe-8c37-6404-202d-7ebcceb5ca75' completed
TpTrace Information: 0 : 24180, 8, 2023/04/06, 11:14:33.647, 7868504698070, datacollector.dll, DataCollectionTestCaseEventHandler: Test case starting.
TpTrace Information: 0 : 24180, 8, 2023/04/06, 11:14:33.648, 7868504703192, datacollector.dll, BlameCollector.EventsTestCaseStart: Test Case Start
TpTrace Verbose: 0 : 24180, 8, 2023/04/06, 11:14:33.648, 7868504704300, datacollector.dll, MulticastDelegateUtilities.SafeInvoke: DataCollectionEvents.TestCaseStart: Invoking callback 1/1 for Microsoft.TestPlatform.Extensions.BlameDataCollector.BlameCollector., took 0 ms.
TpTrace Information: 0 : 24180, 8, 2023/04/06, 11:14:33.648, 7868504706153, datacollector.dll, DataCollectionTestCaseEventHandler: Test case 'ExcelSheetTest.UnitTest1.TestForMultipleLetters_ValueIsPredefined_ShouleBeEqual(letter: "ZZ", number: 702) - ff60f1b7-6948-6b81-3027-7c08d08b60c6' started.
TpTrace Information: 0 : 24180, 8, 2023/04/06, 11:14:33.649, 7868504712188, datacollector.dll, DataCollectionTestCaseEventHandler: Test case completing.
TpTrace Information: 0 : 24180, 8, 2023/04/06, 11:14:33.649, 7868504716336, datacollector.dll, BlameCollector.EventsTestCaseEnd: Test Case End
TpTrace Verbose: 0 : 24180, 8, 2023/04/06, 11:14:33.649, 7868504717017, datacollector.dll, MulticastDelegateUtilities.SafeInvoke: DataCollectionEvents.TestCaseEnd: Invoking callback 1/1 for Microsoft.TestPlatform.Extensions.BlameDataCollector.BlameCollector., took 0 ms.
TpTrace Information: 0 : 24180, 8, 2023/04/06, 11:14:33.650, 7868504718249, datacollector.dll, DataCollectionTestCaseEventHandler: Test case 'ExcelSheetTest.UnitTest1.TestForMultipleLetters_ValueIsPredefined_ShouleBeEqual(letter: "ZZ", number: 702) - ff60f1b7-6948-6b81-3027-7c08d08b60c6' completed
TpTrace Information: 0 : 24180, 8, 2023/04/06, 11:14:33.650, 7868504725153, datacollector.dll, DataCollectionTestCaseEventHandler: Test case starting.
TpTrace Information: 0 : 24180, 8, 2023/04/06, 11:14:33.650, 7868504728151, datacollector.dll, BlameCollector.EventsTestCaseStart: Test Case Start
TpTrace Verbose: 0 : 24180, 8, 2023/04/06, 11:14:33.651, 7868504728720, datacollector.dll, MulticastDelegateUtilities.SafeInvoke: DataCollectionEvents.TestCaseStart: Invoking callback 1/1 for Microsoft.TestPlatform.Extensions.BlameDataCollector.BlameCollector., took 0 ms.
TpTrace Information: 0 : 24180, 8, 2023/04/06, 11:14:33.651, 7868504729592, datacollector.dll, DataCollectionTestCaseEventHandler: Test case 'ExcelSheetTest.UnitTest1.TestForMultipleLetters_ValueIsPredefined_ShouleBeEqual(letter: "AAC", number: 705) - 5b91b688-07bd-c525-b986-9a56a4222b79' started.
TpTrace Information: 0 : 24180, 8, 2023/04/06, 11:14:33.651, 7868504733612, datacollector.dll, DataCollectionTestCaseEventHandler: Test case completing.
TpTrace Information: 0 : 24180, 8, 2023/04/06, 11:14:33.651, 7868504736847, datacollector.dll, BlameCollector.EventsTestCaseEnd: Test Case End
TpTrace Verbose: 0 : 24180, 8, 2023/04/06, 11:14:33.651, 7868504737325, datacollector.dll, MulticastDelegateUtilities.SafeInvoke: DataCollectionEvents.TestCaseEnd: Invoking callback 1/1 for Microsoft.TestPlatform.Extensions.BlameDataCollector.BlameCollector., took 0 ms.
TpTrace Information: 0 : 24180, 8, 2023/04/06, 11:14:33.652, 7868504738379, datacollector.dll, DataCollectionTestCaseEventHandler: Test case 'ExcelSheetTest.UnitTest1.TestForMultipleLetters_ValueIsPredefined_ShouleBeEqual(letter: "AAC", number: 705) - 5b91b688-07bd-c525-b986-9a56a4222b79' completed
TpTrace Information: 0 : 24180, 8, 2023/04/06, 11:14:33.652, 7868504743216, datacollector.dll, DataCollectionTestCaseEventHandler: Test case starting.
TpTrace Information: 0 : 24180, 8, 2023/04/06, 11:14:33.653, 7868504748256, datacollector.dll, BlameCollector.EventsTestCaseStart: Test Case Start
TpTrace Verbose: 0 : 24180, 8, 2023/04/06, 11:14:33.653, 7868504749147, datacollector.dll, MulticastDelegateUtilities.SafeInvoke: DataCollectionEvents.TestCaseStart: Invoking callback 1/1 for Microsoft.TestPlatform.Extensions.BlameDataCollector.BlameCollector., took 0 ms.
TpTrace Information: 0 : 24180, 8, 2023/04/06, 11:14:33.653, 7868504750635, datacollector.dll, DataCollectionTestCaseEventHandler: Test case 'ExcelSheetTest.UnitTest1.TestForMultipleLetters_ValueIsPredefined_ShouleBeEqual(letter: "AA", number: 27) - ccba03e4-dd56-a674-0616-1f1fc57c1af9' started.
TpTrace Information: 0 : 24180, 8, 2023/04/06, 11:14:33.653, 7868504758336, datacollector.dll, DataCollectionTestCaseEventHandler: Test case completing.
TpTrace Information: 0 : 24180, 8, 2023/04/06, 11:14:33.655, 7868504768976, datacollector.dll, BlameCollector.EventsTestCaseEnd: Test Case End
TpTrace Verbose: 0 : 24180, 8, 2023/04/06, 11:14:33.655, 7868504770428, datacollector.dll, MulticastDelegateUtilities.SafeInvoke: DataCollectionEvents.TestCaseEnd: Invoking callback 1/1 for Microsoft.TestPlatform.Extensions.BlameDataCollector.BlameCollector., took 0 ms.
TpTrace Information: 0 : 24180, 8, 2023/04/06, 11:14:33.655, 7868504772681, datacollector.dll, DataCollectionTestCaseEventHandler: Test case 'ExcelSheetTest.UnitTest1.TestForMultipleLetters_ValueIsPredefined_ShouleBeEqual(letter: "AA", number: 27) - ccba03e4-dd56-a674-0616-1f1fc57c1af9' completed
TpTrace Information: 0 : 24180, 8, 2023/04/06, 11:14:33.657, 7868504789076, datacollector.dll, DataCollectionTestCaseEventHandler: Test case starting.
TpTrace Information: 0 : 24180, 8, 2023/04/06, 11:14:33.657, 7868504793241, datacollector.dll, BlameCollector.EventsTestCaseStart: Test Case Start
TpTrace Verbose: 0 : 24180, 8, 2023/04/06, 11:14:33.657, 7868504793886, datacollector.dll, MulticastDelegateUtilities.SafeInvoke: DataCollectionEvents.TestCaseStart: Invoking callback 1/1 for Microsoft.TestPlatform.Extensions.BlameDataCollector.BlameCollector., took 0 ms.
TpTrace Information: 0 : 24180, 8, 2023/04/06, 11:14:33.657, 7868504795012, datacollector.dll, DataCollectionTestCaseEventHandler: Test case 'ExcelSheetTest.UnitTest1.TestForMultipleLetters_ValueIsPredefined_ShouleBeEqual(letter: "BBC", number: 1407) - b2ce14f5-29c1-a4c2-f6ea-54cd7653e361' started.
TpTrace Information: 0 : 24180, 8, 2023/04/06, 11:14:33.657, 7868504798209, datacollector.dll, DataCollectionTestCaseEventHandler: Test case completing.
TpTrace Information: 0 : 24180, 8, 2023/04/06, 11:14:33.658, 7868504801445, datacollector.dll, BlameCollector.EventsTestCaseEnd: Test Case End
TpTrace Verbose: 0 : 24180, 8, 2023/04/06, 11:14:33.658, 7868504801996, datacollector.dll, MulticastDelegateUtilities.SafeInvoke: DataCollectionEvents.TestCaseEnd: Invoking callback 1/1 for Microsoft.TestPlatform.Extensions.BlameDataCollector.BlameCollector., took 0 ms.
TpTrace Information: 0 : 24180, 8, 2023/04/06, 11:14:33.658, 7868504803067, datacollector.dll, DataCollectionTestCaseEventHandler: Test case 'ExcelSheetTest.UnitTest1.TestForMultipleLetters_ValueIsPredefined_ShouleBeEqual(letter: "BBC", number: 1407) - b2ce14f5-29c1-a4c2-f6ea-54cd7653e361' completed
TpTrace Information: 0 : 24180, 8, 2023/04/06, 11:14:33.663, 7868504856232, datacollector.dll, DataCollectionTestCaseEventHandler: Test session ended
TpTrace Information: 0 : 24180, 1, 2023/04/06, 11:14:33.713, 7868505349491, datacollector.dll, DataCollectionRequestHandler.ProcessRequests: Datacollector received message: (DataCollection.AfterTestRunEnd) -> {"MessageType":"DataCollection.AfterTestRunEnd","Payload":false}
TpTrace Information: 0 : 24180, 1, 2023/04/06, 11:14:33.713, 7868505357807, datacollector.dll, Blame Collector: Session End
TpTrace Information: 0 : 24180, 1, 2023/04/06, 11:14:33.714, 7868505358576, datacollector.dll, BlameCollector.CollectDumpAndAbortTesthost: Custom path to dump directory was provided via VSTEST_DUMP_PATH. Skipping attachment upload, the caller is responsible for collecting and uploading the dumps themselves.
TpTrace Verbose: 0 : 24180, 1, 2023/04/06, 11:14:33.714, 7868505359128, datacollector.dll, MulticastDelegateUtilities.SafeInvoke: DataCollectionEvents.SessionEnd: Invoking callback 1/1 for Microsoft.TestPlatform.Extensions.BlameDataCollector.BlameCollector., took 0 ms.
TpTrace Information: 0 : 24180, 1, 2023/04/06, 11:14:33.714, 7868505363708, datacollector.dll, DataCollectionManager.CleanupPlugins: CleanupPlugins called
TpTrace Verbose: 0 : 24180, 1, 2023/04/06, 11:14:33.714, 7868505364269, datacollector.dll, DataCollectionManager.CleanupPlugins: Cleaning up 1 plugins
TpTrace Verbose: 0 : 24180, 1, 2023/04/06, 11:14:33.714, 7868505365350, datacollector.dll, dataCollectorInfo.DisposeDataCollector: calling Dispose() on Microsoft.TestPlatform.Extensions.BlameDataCollector.BlameCollector
TpTrace Information: 0 : 24180, 1, 2023/04/06, 11:14:33.714, 7868505365890, datacollector.dll, DataCollectionManager.CleanupPlugins: CleanupPlugins finished
TpTrace Information: 0 : 24180, 1, 2023/04/06, 11:14:33.719, 7868505413238, datacollector.dll, DataCollectionRequestHandler.ProcessRequests : Session End message received from server. Closing the connection.
TpTrace Information: 0 : 24180, 1, 2023/04/06, 11:14:33.719, 7868505415632, datacollector.dll, Closing the connection !
TpTrace Information: 0 : 24180, 1, 2023/04/06, 11:14:33.719, 7868505416074, datacollector.dll, DataCollectionRequestHandler.ProcessRequests : DataCollection completed
TpTrace Information: 0 : 24180, 1, 2023/04/06, 11:14:33.719, 7868505416319, datacollector.dll, Program.Main: exiting datacollector process.
