<?xml version="1.0" encoding="utf-8"?>
<coverage line-rate="0.6829000000000001" branch-rate="0.8" version="1.9" timestamp="1680768876" lines-covered="28" lines-valid="41" branches-covered="8" branches-valid="10">
  <sources>
    <source>C:\Users\bboboc\</source>
  </sources>
  <packages>
    <package name="ExcelSheetColumnLetterToColumnNumber" line-rate="0.5714" branch-rate="0.8" complexity="10">
      <classes>
        <class name="Program" filename="source\repos\ExcelSheetColumnLetterToColumnNumber\ExcelSheetColumnLetterToColumnNumber\Program.cs" line-rate="0.5714" branch-rate="0.8" complexity="10">
          <methods>
            <method name="Main" signature="(System.String[])" line-rate="0" branch-rate="0" complexity="2">
              <lines>
                <line number="4" hits="0" branch="False" />
                <line number="5" hits="0" branch="False" />
                <line number="6" hits="0" branch="False" />
                <line number="7" hits="0" branch="False" />
                <line number="8" hits="0" branch="True" condition-coverage="0% (0/2)">
                  <conditions>
                    <condition number="44" type="jump" coverage="0%" />
                  </conditions>
                </line>
                <line number="11" hits="0" branch="False" />
                <line number="12" hits="0" branch="False" />
                <line number="13" hits="0" branch="False" />
                <line number="14" hits="0" branch="False" />
                <line number="15" hits="0" branch="False" />
                <line number="16" hits="0" branch="False" />
                <line number="17" hits="0" branch="False" />
              </lines>
            </method>
            <method name="GetExcelColumnNumber" signature="(System.String,System.Boolean)" line-rate="1" branch-rate="1" complexity="8">
              <lines>
                <line number="20" hits="19" branch="False" />
                <line number="21" hits="19" branch="True" condition-coverage="100% (2/2)">
                  <conditions>
                    <condition number="4" type="jump" coverage="100%" />
                  </conditions>
                </line>
                <line number="22" hits="3" branch="False" />
                <line number="23" hits="3" branch="False" />
                <line number="24" hits="3" branch="False" />
                <line number="25" hits="19" branch="False" />
                <line number="26" hits="19" branch="False" />
                <line number="27" hits="100" branch="True" condition-coverage="100% (2/2)">
                  <conditions>
                    <condition number="161" type="jump" coverage="100%" />
                  </conditions>
                </line>
                <line number="28" hits="35" branch="False" />
                <line number="29" hits="39" branch="True" condition-coverage="100% (4/4)">
                  <conditions>
                    <condition number="40" type="jump" coverage="100%" />
                    <condition number="56" type="jump" coverage="100%" />
                  </conditions>
                </line>
                <line number="30" hits="4" branch="False" />
                <line number="31" hits="4" branch="False" />
                <line number="33" hits="31" branch="False" />
                <line number="34" hits="31" branch="False" />
                <line number="35" hits="15" branch="False" />
                <line number="36" hits="15" branch="False" />
              </lines>
            </method>
          </methods>
          <lines>
            <line number="4" hits="0" branch="False" />
            <line number="5" hits="0" branch="False" />
            <line number="6" hits="0" branch="False" />
            <line number="7" hits="0" branch="False" />
            <line number="8" hits="0" branch="True" condition-coverage="0% (0/2)">
              <conditions>
                <condition number="44" type="jump" coverage="0%" />
              </conditions>
            </line>
            <line number="11" hits="0" branch="False" />
            <line number="12" hits="0" branch="False" />
            <line number="13" hits="0" branch="False" />
            <line number="14" hits="0" branch="False" />
            <line number="15" hits="0" branch="False" />
            <line number="16" hits="0" branch="False" />
            <line number="17" hits="0" branch="False" />
            <line number="20" hits="19" branch="False" />
            <line number="21" hits="19" branch="True" condition-coverage="100% (2/2)">
              <conditions>
                <condition number="4" type="jump" coverage="100%" />
              </conditions>
            </line>
            <line number="22" hits="3" branch="False" />
            <line number="23" hits="3" branch="False" />
            <line number="24" hits="3" branch="False" />
            <line number="25" hits="19" branch="False" />
            <line number="26" hits="19" branch="False" />
            <line number="27" hits="100" branch="True" condition-coverage="100% (2/2)">
              <conditions>
                <condition number="161" type="jump" coverage="100%" />
              </conditions>
            </line>
            <line number="28" hits="35" branch="False" />
            <line number="29" hits="39" branch="True" condition-coverage="100% (4/4)">
              <conditions>
                <condition number="40" type="jump" coverage="100%" />
                <condition number="56" type="jump" coverage="100%" />
              </conditions>
            </line>
            <line number="30" hits="4" branch="False" />
            <line number="31" hits="4" branch="False" />
            <line number="33" hits="31" branch="False" />
            <line number="34" hits="31" branch="False" />
            <line number="35" hits="15" branch="False" />
            <line number="36" hits="15" branch="False" />
          </lines>
        </class>
      </classes>
    </package>
    <package name="ExcelSheetTest" line-rate="0.9229999999999999" branch-rate="1" complexity="4">
      <classes>
        <class name="AutoGeneratedProgram" filename=".nuget\packages\microsoft.net.test.sdk\17.1.0\build\netcoreapp2.1\Microsoft.NET.Test.Sdk.Program.cs" line-rate="0" branch-rate="1" complexity="1">
          <methods>
            <method name="Main" signature="(System.String[])" line-rate="0" branch-rate="1" complexity="1">
              <lines>
                <line number="4" hits="0" branch="False" />
              </lines>
            </method>
          </methods>
          <lines>
            <line number="4" hits="0" branch="False" />
          </lines>
        </class>
        <class name="ExcelSheetTest.UnitTest1" filename="source\repos\ExcelSheetColumnLetterToColumnNumber\ExcelSheetTest\UnitTest1.cs" line-rate="1" branch-rate="1" complexity="3">
          <methods>
            <method name="TestForSingleLetter_ValueIsPredefined_ShouleBeEqual" signature="(System.String,System.Int32)" line-rate="1" branch-rate="1" complexity="1">
              <lines>
                <line number="17" hits="8" branch="False" />
                <line number="21" hits="8" branch="False" />
                <line number="24" hits="8" branch="False" />
                <line number="25" hits="8" branch="False" />
              </lines>
            </method>
            <method name="TestForMultipleLetters_ValueIsPredefined_ShouleBeEqual" signature="(System.String,System.Int32)" line-rate="1" branch-rate="1" complexity="1">
              <lines>
                <line number="34" hits="5" branch="False" />
                <line number="38" hits="5" branch="False" />
                <line number="41" hits="5" branch="False" />
                <line number="42" hits="5" branch="False" />
              </lines>
            </method>
            <method name="MultipleLetters_TestingForLowerCaseAndRandomChars_ShouldThrowErrorWhenCharacterIsNotAllowed" signature="(System.String,System.Boolean,System.Boolean)" line-rate="1" branch-rate="1" complexity="1">
              <lines>
                <line number="52" hits="6" branch="False" />
                <line number="56" hits="12" branch="False" />
                <line number="59" hits="6" branch="False" />
                <line number="60" hits="6" branch="False" />
              </lines>
            </method>
          </methods>
          <lines>
            <line number="17" hits="8" branch="False" />
            <line number="21" hits="8" branch="False" />
            <line number="24" hits="8" branch="False" />
            <line number="25" hits="8" branch="False" />
            <line number="34" hits="5" branch="False" />
            <line number="38" hits="5" branch="False" />
            <line number="41" hits="5" branch="False" />
            <line number="42" hits="5" branch="False" />
            <line number="52" hits="6" branch="False" />
            <line number="56" hits="12" branch="False" />
            <line number="59" hits="6" branch="False" />
            <line number="60" hits="6" branch="False" />
          </lines>
        </class>
      </classes>
    </package>
  </packages>
</coverage>